[4.411s] Invoking command in '/home/dayvson/ros2_study_ws/src/my_package_python': PYTHONPATH=/home/dayvson/ros2_study_ws/install/my_package_python/lib/python3.8/site-packages:${PYTHONPATH} /usr/bin/python3 setup.py egg_info --egg-base ../../build/my_package_python build --build-base /home/dayvson/ros2_study_ws/build/my_package_python/build install --prefix /home/dayvson/ros2_study_ws/install/my_package_python --record /home/dayvson/ros2_study_ws/build/my_package_python/install.log --single-version-externally-managed
[5.290s] running egg_info
[5.343s] writing ../../build/my_package_python/my_package_python.egg-info/PKG-INFO
[5.641s] writing dependency_links to ../../build/my_package_python/my_package_python.egg-info/dependency_links.txt
[5.814s] writing entry points to ../../build/my_package_python/my_package_python.egg-info/entry_points.txt
[5.914s] writing requirements to ../../build/my_package_python/my_package_python.egg-info/requires.txt
[6.163s] writing top-level names to ../../build/my_package_python/my_package_python.egg-info/top_level.txt
[6.326s] reading manifest file '../../build/my_package_python/my_package_python.egg-info/SOURCES.txt'
[6.391s] writing manifest file '../../build/my_package_python/my_package_python.egg-info/SOURCES.txt'
[6.426s] running build
[6.427s] running build_py
[6.427s] running install
[6.430s] /home/dayvson/.local/lib/python3.8/site-packages/setuptools/command/install.py:34: SetuptoolsDeprecationWarning: setup.py install is deprecated. Use build and pip and other standards-based tools.
[6.431s]   warnings.warn(
[6.452s] running install_lib
[6.522s] running install_data
[6.546s] running install_egg_info
[6.603s] removing '/home/dayvson/ros2_study_ws/install/my_package_python/lib/python3.8/site-packages/my_package_python-0.0.0-py3.8.egg-info' (and everything under it)
[6.604s] Copying ../../build/my_package_python/my_package_python.egg-info to /home/dayvson/ros2_study_ws/install/my_package_python/lib/python3.8/site-packages/my_package_python-0.0.0-py3.8.egg-info
[6.671s] running install_scripts
[6.839s] Installing my_node script to /home/dayvson/ros2_study_ws/install/my_package_python/lib/my_package_python
[6.849s] writing list of installed files to '/home/dayvson/ros2_study_ws/build/my_package_python/install.log'
