[3.109s] Invoking command in '/home/dayvson/ros2_study_ws/src/my_package_python': PYTHONPATH=/home/dayvson/ros2_study_ws/install/my_package_python/lib/python3.8/site-packages:${PYTHONPATH} /usr/bin/python3 setup.py egg_info --egg-base ../../build/my_package_python build --build-base /home/dayvson/ros2_study_ws/build/my_package_python/build install --prefix /home/dayvson/ros2_study_ws/install/my_package_python --record /home/dayvson/ros2_study_ws/build/my_package_python/install.log --single-version-externally-managed
[4.128s] running egg_info
[4.187s] writing ../../build/my_package_python/my_package_python.egg-info/PKG-INFO
[4.219s] writing dependency_links to ../../build/my_package_python/my_package_python.egg-info/dependency_links.txt
[4.311s] writing entry points to ../../build/my_package_python/my_package_python.egg-info/entry_points.txt
[4.373s] writing requirements to ../../build/my_package_python/my_package_python.egg-info/requires.txt
[4.403s] writing top-level names to ../../build/my_package_python/my_package_python.egg-info/top_level.txt
[4.486s] reading manifest file '../../build/my_package_python/my_package_python.egg-info/SOURCES.txt'
[4.487s] writing manifest file '../../build/my_package_python/my_package_python.egg-info/SOURCES.txt'
[4.487s] running build
[4.488s] running build_py
[4.488s] running install
[4.489s] /home/dayvson/.local/lib/python3.8/site-packages/setuptools/command/install.py:34: SetuptoolsDeprecationWarning: setup.py install is deprecated. Use build and pip and other standards-based tools.
[4.489s]   warnings.warn(
[4.497s] running install_lib
[4.561s] running install_data
[4.583s] running install_egg_info
[4.640s] removing '/home/dayvson/ros2_study_ws/install/my_package_python/lib/python3.8/site-packages/my_package_python-0.0.0-py3.8.egg-info' (and everything under it)
[4.640s] Copying ../../build/my_package_python/my_package_python.egg-info to /home/dayvson/ros2_study_ws/install/my_package_python/lib/python3.8/site-packages/my_package_python-0.0.0-py3.8.egg-info
[4.642s] running install_scripts
[4.788s] Installing my_node script to /home/dayvson/ros2_study_ws/install/my_package_python/lib/my_package_python
[4.788s] writing list of installed files to '/home/dayvson/ros2_study_ws/build/my_package_python/install.log'
