[3.611s] Invoking command in '/home/dayvson/ros2_study_ws/src/my_package_python': PYTHONPATH=/home/dayvson/ros2_study_ws/install/my_package_python/lib/python3.8/site-packages:${PYTHONPATH} /usr/bin/python3 setup.py egg_info --egg-base ../../build/my_package_python build --build-base /home/dayvson/ros2_study_ws/build/my_package_python/build install --prefix /home/dayvson/ros2_study_ws/install/my_package_python --record /home/dayvson/ros2_study_ws/build/my_package_python/install.log --single-version-externally-managed
[4.708s] running egg_info
[4.771s] writing ../../build/my_package_python/my_package_python.egg-info/PKG-INFO
[4.804s] writing dependency_links to ../../build/my_package_python/my_package_python.egg-info/dependency_links.txt
[4.903s] writing entry points to ../../build/my_package_python/my_package_python.egg-info/entry_points.txt
[4.972s] writing requirements to ../../build/my_package_python/my_package_python.egg-info/requires.txt
[5.004s] writing top-level names to ../../build/my_package_python/my_package_python.egg-info/top_level.txt
[5.091s] reading manifest file '../../build/my_package_python/my_package_python.egg-info/SOURCES.txt'
[5.093s] writing manifest file '../../build/my_package_python/my_package_python.egg-info/SOURCES.txt'
[5.093s] running build
[5.093s] running build_py
[5.094s] running install
[5.094s] /home/dayvson/.local/lib/python3.8/site-packages/setuptools/command/install.py:34: SetuptoolsDeprecationWarning: setup.py install is deprecated. Use build and pip and other standards-based tools.
[5.095s]   warnings.warn(
[5.102s] running install_lib
[5.169s] running install_data
[5.194s] running install_egg_info
[5.251s] removing '/home/dayvson/ros2_study_ws/install/my_package_python/lib/python3.8/site-packages/my_package_python-0.0.0-py3.8.egg-info' (and everything under it)
[5.252s] Copying ../../build/my_package_python/my_package_python.egg-info to /home/dayvson/ros2_study_ws/install/my_package_python/lib/python3.8/site-packages/my_package_python-0.0.0-py3.8.egg-info
[5.253s] running install_scripts
[5.401s] Installing my_node script to /home/dayvson/ros2_study_ws/install/my_package_python/lib/my_package_python
[5.402s] writing list of installed files to '/home/dayvson/ros2_study_ws/build/my_package_python/install.log'
