[2.727s] Invoking command in '/home/dayvson/ros2_study_ws/src/my_package_python': PYTHONPATH=/home/dayvson/ros2_study_ws/install/my_package_python/lib/python3.8/site-packages:${PYTHONPATH} /usr/bin/python3 setup.py egg_info --egg-base ../../build/my_package_python build --build-base /home/dayvson/ros2_study_ws/build/my_package_python/build install --prefix /home/dayvson/ros2_study_ws/install/my_package_python --record /home/dayvson/ros2_study_ws/build/my_package_python/install.log --single-version-externally-managed
[3.581s] running egg_info
[3.636s] writing ../../build/my_package_python/my_package_python.egg-info/PKG-INFO
[3.664s] writing dependency_links to ../../build/my_package_python/my_package_python.egg-info/dependency_links.txt
[3.776s] writing entry points to ../../build/my_package_python/my_package_python.egg-info/entry_points.txt
[3.840s] writing requirements to ../../build/my_package_python/my_package_python.egg-info/requires.txt
[3.870s] writing top-level names to ../../build/my_package_python/my_package_python.egg-info/top_level.txt
[3.951s] reading manifest file '../../build/my_package_python/my_package_python.egg-info/SOURCES.txt'
[3.953s] writing manifest file '../../build/my_package_python/my_package_python.egg-info/SOURCES.txt'
[3.953s] running build
[3.953s] running build_py
[3.954s] running install
[3.954s] /home/dayvson/.local/lib/python3.8/site-packages/setuptools/command/install.py:34: SetuptoolsDeprecationWarning: setup.py install is deprecated. Use build and pip and other standards-based tools.
[3.955s]   warnings.warn(
[3.961s] running install_lib
[4.022s] running install_data
[4.045s] running install_egg_info
[4.099s] removing '/home/dayvson/ros2_study_ws/install/my_package_python/lib/python3.8/site-packages/my_package_python-0.0.0-py3.8.egg-info' (and everything under it)
[4.099s] Copying ../../build/my_package_python/my_package_python.egg-info to /home/dayvson/ros2_study_ws/install/my_package_python/lib/python3.8/site-packages/my_package_python-0.0.0-py3.8.egg-info
[4.101s] running install_scripts
[4.247s] Installing my_node script to /home/dayvson/ros2_study_ws/install/my_package_python/lib/my_package_python
[4.247s] writing list of installed files to '/home/dayvson/ros2_study_ws/build/my_package_python/install.log'
[4.279s] Invoked command in '/home/dayvson/ros2_study_ws/src/my_package_python' returned '0': PYTHONPATH=/home/dayvson/ros2_study_ws/install/my_package_python/lib/python3.8/site-packages:${PYTHONPATH} /usr/bin/python3 setup.py egg_info --egg-base ../../build/my_package_python build --build-base /home/dayvson/ros2_study_ws/build/my_package_python/build install --prefix /home/dayvson/ros2_study_ws/install/my_package_python --record /home/dayvson/ros2_study_ws/build/my_package_python/install.log --single-version-externally-managed
