[1.872s] Invoking command in '/home/dayvson/ros2_study_ws/src/py_srvcli': PYTHONPATH=/home/dayvson/ros2_study_ws/install/py_srvcli/lib/python3.8/site-packages:${PYTHONPATH} /usr/bin/python3 setup.py egg_info --egg-base ../../build/py_srvcli build --build-base /home/dayvson/ros2_study_ws/build/py_srvcli/build install --prefix /home/dayvson/ros2_study_ws/install/py_srvcli --record /home/dayvson/ros2_study_ws/build/py_srvcli/install.log --single-version-externally-managed
[2.423s] running egg_info
[2.459s] writing ../../build/py_srvcli/py_srvcli.egg-info/PKG-INFO
[2.479s] writing dependency_links to ../../build/py_srvcli/py_srvcli.egg-info/dependency_links.txt
[2.539s] writing entry points to ../../build/py_srvcli/py_srvcli.egg-info/entry_points.txt
[2.579s] writing requirements to ../../build/py_srvcli/py_srvcli.egg-info/requires.txt
[2.599s] writing top-level names to ../../build/py_srvcli/py_srvcli.egg-info/top_level.txt
[2.654s] reading manifest file '../../build/py_srvcli/py_srvcli.egg-info/SOURCES.txt'
[2.689s] writing manifest file '../../build/py_srvcli/py_srvcli.egg-info/SOURCES.txt'
[2.690s] running build
[2.690s] running build_py
[2.690s] running install
[2.692s] /home/dayvson/.local/lib/python3.8/site-packages/setuptools/command/install.py:34: SetuptoolsDeprecationWarning: setup.py install is deprecated. Use build and pip and other standards-based tools.
[2.692s]   warnings.warn(
[2.697s] running install_lib
[2.740s] running install_data
[2.757s] running install_egg_info
[2.794s] removing '/home/dayvson/ros2_study_ws/install/py_srvcli/lib/python3.8/site-packages/py_srvcli-0.0.0-py3.8.egg-info' (and everything under it)
[2.794s] Copying ../../build/py_srvcli/py_srvcli.egg-info to /home/dayvson/ros2_study_ws/install/py_srvcli/lib/python3.8/site-packages/py_srvcli-0.0.0-py3.8.egg-info
[2.795s] running install_scripts
[2.892s] Installing client script to /home/dayvson/ros2_study_ws/install/py_srvcli/lib/py_srvcli
[2.892s] Installing service script to /home/dayvson/ros2_study_ws/install/py_srvcli/lib/py_srvcli
[2.893s] writing list of installed files to '/home/dayvson/ros2_study_ws/build/py_srvcli/install.log'
[2.919s] Invoked command in '/home/dayvson/ros2_study_ws/src/py_srvcli' returned '0': PYTHONPATH=/home/dayvson/ros2_study_ws/install/py_srvcli/lib/python3.8/site-packages:${PYTHONPATH} /usr/bin/python3 setup.py egg_info --egg-base ../../build/py_srvcli build --build-base /home/dayvson/ros2_study_ws/build/py_srvcli/build install --prefix /home/dayvson/ros2_study_ws/install/py_srvcli --record /home/dayvson/ros2_study_ws/build/py_srvcli/install.log --single-version-externally-managed
