[0.145s] Invoking command in '/home/dayvson/ros2_study_ws/build/turtlesim': CMAKE_PREFIX_PATH=${CMAKE_PREFIX_PATH}:/home/dayvson/ros2_study_ws/install/my_package_python:/opt/ros/galactic /usr/bin/cmake --build /home/dayvson/ros2_study_ws/build/turtlesim -- -j12 -l12
[1.988s] [  1%] Built target turtlesim__cpp
[1.991s] [ 11%] Built target turtlesim__rosidl_generator_c
[1.992s] [ 21%] Built target turtlesim__rosidl_typesupport_c
[1.993s] [ 32%] Built target turtlesim__rosidl_typesupport_introspection_c
[1.993s] [ 41%] Built target turtlesim__rosidl_typesupport_cpp
[1.994s] [ 51%] Built target turtlesim__rosidl_typesupport_introspection_cpp
[1.996s] [ 61%] Built target turtlesim__rosidl_typesupport_fastrtps_cpp
[1.997s] [ 71%] Built target turtlesim__rosidl_typesupport_fastrtps_c
[2.001s] [ 71%] Built target turtlesim
[2.001s] [ 72%] Built target turtlesim__py
[2.305s] [ 81%] Built target turtlesim__python
[2.514s] [ 83%] Built target turtlesim__rosidl_typesupport_c__pyext
[2.520s] [ 85%] Built target turtlesim__rosidl_typesupport_introspection_c__pyext
[2.526s] [ 87%] Built target turtlesim__rosidl_typesupport_fastrtps_c__pyext
[2.772s] [ 89%] Built target draw_square
[2.773s] [ 91%] Built target mimic
[2.774s] [ 93%] Built target turtle_teleop_key
[3.724s] [100%] Built target turtlesim_node
[3.745s] Invoked command in '/home/dayvson/ros2_study_ws/build/turtlesim' returned '0': CMAKE_PREFIX_PATH=${CMAKE_PREFIX_PATH}:/home/dayvson/ros2_study_ws/install/my_package_python:/opt/ros/galactic /usr/bin/cmake --build /home/dayvson/ros2_study_ws/build/turtlesim -- -j12 -l12
[3.989s] Invoking command in '/home/dayvson/ros2_study_ws/build/turtlesim': CMAKE_PREFIX_PATH=${CMAKE_PREFIX_PATH}:/home/dayvson/ros2_study_ws/install/my_package_python:/opt/ros/galactic /usr/bin/cmake --install /home/dayvson/ros2_study_ws/build/turtlesim
[4.003s] -- Install configuration: ""
[4.003s] -- Up-to-date: /home/dayvson/ros2_study_ws/install/turtlesim/share/ament_index/resource_index/rosidl_interfaces/turtlesim
[4.004s] -- Up-to-date: /home/dayvson/ros2_study_ws/install/turtlesim/include/turtlesim
[4.005s] -- Up-to-date: /home/dayvson/ros2_study_ws/install/turtlesim/include/turtlesim/msg
[4.005s] -- Up-to-date: /home/dayvson/ros2_study_ws/install/turtlesim/include/turtlesim/msg/detail
[4.006s] -- Up-to-date: /home/dayvson/ros2_study_ws/install/turtlesim/include/turtlesim/msg/detail/color__functions.h
[4.006s] -- Up-to-date: /home/dayvson/ros2_study_ws/install/turtlesim/include/turtlesim/msg/detail/pose__functions.c
[4.006s] -- Up-to-date: /home/dayvson/ros2_study_ws/install/turtlesim/include/turtlesim/msg/detail/color__functions.c
[4.006s] -- Up-to-date: /home/dayvson/ros2_study_ws/install/turtlesim/include/turtlesim/msg/detail/color__type_support.h
[4.006s] -- Up-to-date: /home/dayvson/ros2_study_ws/install/turtlesim/include/turtlesim/msg/detail/pose__functions.h
[4.007s] -- Up-to-date: /home/dayvson/ros2_study_ws/install/turtlesim/include/turtlesim/msg/detail/pose__type_support.h
[4.007s] -- Up-to-date: /home/dayvson/ros2_study_ws/install/turtlesim/include/turtlesim/msg/detail/color__struct.h
[4.007s] -- Up-to-date: /home/dayvson/ros2_study_ws/install/turtlesim/include/turtlesim/msg/detail/pose__struct.h
[4.007s] -- Up-to-date: /home/dayvson/ros2_study_ws/install/turtlesim/include/turtlesim/msg/color.h
[4.007s] -- Up-to-date: /home/dayvson/ros2_study_ws/install/turtlesim/include/turtlesim/msg/rosidl_generator_c__visibility_control.h
[4.007s] -- Up-to-date: /home/dayvson/ros2_study_ws/install/turtlesim/include/turtlesim/msg/pose.h
[4.008s] -- Up-to-date: /home/dayvson/ros2_study_ws/install/turtlesim/include/turtlesim/action
[4.008s] -- Up-to-date: /home/dayvson/ros2_study_ws/install/turtlesim/include/turtlesim/action/detail
[4.008s] -- Up-to-date: /home/dayvson/ros2_study_ws/install/turtlesim/include/turtlesim/action/detail/rotate_absolute__struct.h
[4.008s] -- Up-to-date: /home/dayvson/ros2_study_ws/install/turtlesim/include/turtlesim/action/detail/rotate_absolute__functions.c
[4.008s] -- Up-to-date: /home/dayvson/ros2_study_ws/install/turtlesim/include/turtlesim/action/detail/rotate_absolute__functions.h
[4.008s] -- Up-to-date: /home/dayvson/ros2_study_ws/install/turtlesim/include/turtlesim/action/detail/rotate_absolute__type_support.h
[4.009s] -- Up-to-date: /home/dayvson/ros2_study_ws/install/turtlesim/include/turtlesim/action/rotate_absolute.h
[4.009s] -- Up-to-date: /home/dayvson/ros2_study_ws/install/turtlesim/include/turtlesim/srv
[4.009s] -- Up-to-date: /home/dayvson/ros2_study_ws/install/turtlesim/include/turtlesim/srv/detail
[4.009s] -- Up-to-date: /home/dayvson/ros2_study_ws/install/turtlesim/include/turtlesim/srv/detail/teleport_absolute__struct.h
[4.010s] -- Up-to-date: /home/dayvson/ros2_study_ws/install/turtlesim/include/turtlesim/srv/detail/teleport_absolute__type_support.h
[4.010s] -- Up-to-date: /home/dayvson/ros2_study_ws/install/turtlesim/include/turtlesim/srv/detail/kill__functions.c
[4.010s] -- Up-to-date: /home/dayvson/ros2_study_ws/install/turtlesim/include/turtlesim/srv/detail/kill__struct.h
[4.010s] -- Up-to-date: /home/dayvson/ros2_study_ws/install/turtlesim/include/turtlesim/srv/detail/kill__type_support.h
[4.010s] -- Up-to-date: /home/dayvson/ros2_study_ws/install/turtlesim/include/turtlesim/srv/detail/teleport_relative__type_support.h
[4.010s] -- Up-to-date: /home/dayvson/ros2_study_ws/install/turtlesim/include/turtlesim/srv/detail/set_pen__functions.c
[4.011s] -- Up-to-date: /home/dayvson/ros2_study_ws/install/turtlesim/include/turtlesim/srv/detail/teleport_absolute__functions.c
[4.011s] -- Up-to-date: /home/dayvson/ros2_study_ws/install/turtlesim/include/turtlesim/srv/detail/spawn__functions.c
[4.011s] -- Up-to-date: /home/dayvson/ros2_study_ws/install/turtlesim/include/turtlesim/srv/detail/teleport_relative__functions.h
[4.011s] -- Up-to-date: /home/dayvson/ros2_study_ws/install/turtlesim/include/turtlesim/srv/detail/spawn__functions.h
[4.011s] -- Up-to-date: /home/dayvson/ros2_study_ws/install/turtlesim/include/turtlesim/srv/detail/teleport_relative__struct.h
[4.011s] -- Up-to-date: /home/dayvson/ros2_study_ws/install/turtlesim/include/turtlesim/srv/detail/teleport_absolute__functions.h
[4.012s] -- Up-to-date: /home/dayvson/ros2_study_ws/install/turtlesim/include/turtlesim/srv/detail/teleport_relative__functions.c
[4.012s] -- Up-to-date: /home/dayvson/ros2_study_ws/install/turtlesim/include/turtlesim/srv/detail/set_pen__functions.h
[4.012s] -- Up-to-date: /home/dayvson/ros2_study_ws/install/turtlesim/include/turtlesim/srv/detail/set_pen__struct.h
[4.012s] -- Up-to-date: /home/dayvson/ros2_study_ws/install/turtlesim/include/turtlesim/srv/detail/kill__functions.h
[4.013s] -- Up-to-date: /home/dayvson/ros2_study_ws/install/turtlesim/include/turtlesim/srv/detail/set_pen__type_support.h
[4.013s] -- Up-to-date: /home/dayvson/ros2_study_ws/install/turtlesim/include/turtlesim/srv/detail/spawn__type_support.h
[4.013s] -- Up-to-date: /home/dayvson/ros2_study_ws/install/turtlesim/include/turtlesim/srv/detail/spawn__struct.h
[4.014s] -- Up-to-date: /home/dayvson/ros2_study_ws/install/turtlesim/include/turtlesim/srv/set_pen.h
[4.014s] -- Up-to-date: /home/dayvson/ros2_study_ws/install/turtlesim/include/turtlesim/srv/teleport_relative.h
[4.014s] -- Up-to-date: /home/dayvson/ros2_study_ws/install/turtlesim/include/turtlesim/srv/spawn.h
[4.014s] -- Up-to-date: /home/dayvson/ros2_study_ws/install/turtlesim/include/turtlesim/srv/kill.h
[4.014s] -- Up-to-date: /home/dayvson/ros2_study_ws/install/turtlesim/include/turtlesim/srv/teleport_absolute.h
[4.014s] -- Up-to-date: /home/dayvson/ros2_study_ws/install/turtlesim/share/turtlesim/environment/library_path.sh
[4.015s] -- Up-to-date: /home/dayvson/ros2_study_ws/install/turtlesim/share/turtlesim/environment/library_path.dsv
[4.015s] -- Up-to-date: /home/dayvson/ros2_study_ws/install/turtlesim/lib/libturtlesim__rosidl_generator_c.so
[4.015s] -- Up-to-date: /home/dayvson/ros2_study_ws/install/turtlesim/include/turtlesim
[4.015s] -- Up-to-date: /home/dayvson/ros2_study_ws/install/turtlesim/include/turtlesim/msg
[4.016s] -- Up-to-date: /home/dayvson/ros2_study_ws/install/turtlesim/include/turtlesim/msg/detail
[4.016s] -- Up-to-date: /home/dayvson/ros2_study_ws/install/turtlesim/include/turtlesim/msg/detail/color__rosidl_typesupport_fastrtps_c.h
[4.016s] -- Up-to-date: /home/dayvson/ros2_study_ws/install/turtlesim/include/turtlesim/msg/detail/pose__rosidl_typesupport_fastrtps_c.h
[4.017s] -- Up-to-date: /home/dayvson/ros2_study_ws/install/turtlesim/include/turtlesim/msg/rosidl_typesupport_fastrtps_c__visibility_control.h
[4.017s] -- Up-to-date: /home/dayvson/ros2_study_ws/install/turtlesim/include/turtlesim/action
[4.017s] -- Up-to-date: /home/dayvson/ros2_study_ws/install/turtlesim/include/turtlesim/action/detail
[4.017s] -- Up-to-date: /home/dayvson/ros2_study_ws/install/turtlesim/include/turtlesim/action/detail/rotate_absolute__rosidl_typesupport_fastrtps_c.h
[4.017s] -- Up-to-date: /home/dayvson/ros2_study_ws/install/turtlesim/include/turtlesim/srv
[4.017s] -- Up-to-date: /home/dayvson/ros2_study_ws/install/turtlesim/include/turtlesim/srv/detail
[4.018s] -- Up-to-date: /home/dayvson/ros2_study_ws/install/turtlesim/include/turtlesim/srv/detail/spawn__rosidl_typesupport_fastrtps_c.h
[4.018s] -- Up-to-date: /home/dayvson/ros2_study_ws/install/turtlesim/include/turtlesim/srv/detail/teleport_relative__rosidl_typesupport_fastrtps_c.h
[4.018s] -- Up-to-date: /home/dayvson/ros2_study_ws/install/turtlesim/include/turtlesim/srv/detail/set_pen__rosidl_typesupport_fastrtps_c.h
[4.018s] -- Up-to-date: /home/dayvson/ros2_study_ws/install/turtlesim/include/turtlesim/srv/detail/teleport_absolute__rosidl_typesupport_fastrtps_c.h
[4.018s] -- Up-to-date: /home/dayvson/ros2_study_ws/install/turtlesim/include/turtlesim/srv/detail/kill__rosidl_typesupport_fastrtps_c.h
[4.018s] -- Up-to-date: /home/dayvson/ros2_study_ws/install/turtlesim/lib/libturtlesim__rosidl_typesupport_fastrtps_c.so
[4.019s] -- Up-to-date: /home/dayvson/ros2_study_ws/install/turtlesim/include/turtlesim
[4.019s] -- Up-to-date: /home/dayvson/ros2_study_ws/install/turtlesim/include/turtlesim/msg
[4.019s] -- Up-to-date: /home/dayvson/ros2_study_ws/install/turtlesim/include/turtlesim/msg/detail
[4.019s] -- Up-to-date: /home/dayvson/ros2_study_ws/install/turtlesim/include/turtlesim/msg/detail/color__rosidl_typesupport_fastrtps_cpp.hpp
[4.019s] -- Up-to-date: /home/dayvson/ros2_study_ws/install/turtlesim/include/turtlesim/msg/detail/pose__rosidl_typesupport_fastrtps_cpp.hpp
[4.019s] -- Up-to-date: /home/dayvson/ros2_study_ws/install/turtlesim/include/turtlesim/msg/detail/dds_fastrtps
[4.020s] -- Up-to-date: /home/dayvson/ros2_study_ws/install/turtlesim/include/turtlesim/msg/rosidl_typesupport_fastrtps_cpp__visibility_control.h
[4.020s] -- Up-to-date: /home/dayvson/ros2_study_ws/install/turtlesim/include/turtlesim/action
[4.020s] -- Up-to-date: /home/dayvson/ros2_study_ws/install/turtlesim/include/turtlesim/action/detail
[4.020s] -- Up-to-date: /home/dayvson/ros2_study_ws/install/turtlesim/include/turtlesim/action/detail/dds_fastrtps
[4.020s] -- Up-to-date: /home/dayvson/ros2_study_ws/install/turtlesim/include/turtlesim/action/detail/rotate_absolute__rosidl_typesupport_fastrtps_cpp.hpp
[4.020s] -- Up-to-date: /home/dayvson/ros2_study_ws/install/turtlesim/include/turtlesim/srv
[4.021s] -- Up-to-date: /home/dayvson/ros2_study_ws/install/turtlesim/include/turtlesim/srv/detail
[4.021s] -- Up-to-date: /home/dayvson/ros2_study_ws/install/turtlesim/include/turtlesim/srv/detail/kill__rosidl_typesupport_fastrtps_cpp.hpp
[4.021s] -- Up-to-date: /home/dayvson/ros2_study_ws/install/turtlesim/include/turtlesim/srv/detail/set_pen__rosidl_typesupport_fastrtps_cpp.hpp
[4.021s] -- Up-to-date: /home/dayvson/ros2_study_ws/install/turtlesim/include/turtlesim/srv/detail/spawn__rosidl_typesupport_fastrtps_cpp.hpp
[4.021s] -- Up-to-date: /home/dayvson/ros2_study_ws/install/turtlesim/include/turtlesim/srv/detail/teleport_absolute__rosidl_typesupport_fastrtps_cpp.hpp
[4.022s] -- Up-to-date: /home/dayvson/ros2_study_ws/install/turtlesim/include/turtlesim/srv/detail/teleport_relative__rosidl_typesupport_fastrtps_cpp.hpp
[4.022s] -- Up-to-date: /home/dayvson/ros2_study_ws/install/turtlesim/include/turtlesim/srv/detail/dds_fastrtps
[4.022s] -- Up-to-date: /home/dayvson/ros2_study_ws/install/turtlesim/lib/libturtlesim__rosidl_typesupport_fastrtps_cpp.so
[4.022s] -- Up-to-date: /home/dayvson/ros2_study_ws/install/turtlesim/include/turtlesim
[4.022s] -- Up-to-date: /home/dayvson/ros2_study_ws/install/turtlesim/include/turtlesim/msg
[4.022s] -- Up-to-date: /home/dayvson/ros2_study_ws/install/turtlesim/include/turtlesim/msg/detail
[4.023s] -- Up-to-date: /home/dayvson/ros2_study_ws/install/turtlesim/include/turtlesim/msg/detail/color__type_support.c
[4.023s] -- Up-to-date: /home/dayvson/ros2_study_ws/install/turtlesim/include/turtlesim/msg/detail/pose__type_support.c
[4.023s] -- Up-to-date: /home/dayvson/ros2_study_ws/install/turtlesim/include/turtlesim/msg/detail/pose__rosidl_typesupport_introspection_c.h
[4.023s] -- Up-to-date: /home/dayvson/ros2_study_ws/install/turtlesim/include/turtlesim/msg/detail/color__rosidl_typesupport_introspection_c.h
[4.024s] -- Up-to-date: /home/dayvson/ros2_study_ws/install/turtlesim/include/turtlesim/msg/rosidl_typesupport_introspection_c__visibility_control.h
[4.024s] -- Up-to-date: /home/dayvson/ros2_study_ws/install/turtlesim/include/turtlesim/action
[4.025s] -- Up-to-date: /home/dayvson/ros2_study_ws/install/turtlesim/include/turtlesim/action/detail
[4.025s] -- Up-to-date: /home/dayvson/ros2_study_ws/install/turtlesim/include/turtlesim/action/detail/rotate_absolute__type_support.c
[4.026s] -- Up-to-date: /home/dayvson/ros2_study_ws/install/turtlesim/include/turtlesim/action/detail/rotate_absolute__rosidl_typesupport_introspection_c.h
[4.026s] -- Up-to-date: /home/dayvson/ros2_study_ws/install/turtlesim/include/turtlesim/srv
[4.026s] -- Up-to-date: /home/dayvson/ros2_study_ws/install/turtlesim/include/turtlesim/srv/detail
[4.026s] -- Up-to-date: /home/dayvson/ros2_study_ws/install/turtlesim/include/turtlesim/srv/detail/teleport_absolute__rosidl_typesupport_introspection_c.h
[4.027s] -- Up-to-date: /home/dayvson/ros2_study_ws/install/turtlesim/include/turtlesim/srv/detail/teleport_relative__type_support.c
[4.027s] -- Up-to-date: /home/dayvson/ros2_study_ws/install/turtlesim/include/turtlesim/srv/detail/spawn__type_support.c
[4.027s] -- Up-to-date: /home/dayvson/ros2_study_ws/install/turtlesim/include/turtlesim/srv/detail/teleport_absolute__type_support.c
[4.027s] -- Up-to-date: /home/dayvson/ros2_study_ws/install/turtlesim/include/turtlesim/srv/detail/set_pen__type_support.c
[4.027s] -- Up-to-date: /home/dayvson/ros2_study_ws/install/turtlesim/include/turtlesim/srv/detail/kill__type_support.c
[4.028s] -- Up-to-date: /home/dayvson/ros2_study_ws/install/turtlesim/include/turtlesim/srv/detail/set_pen__rosidl_typesupport_introspection_c.h
[4.028s] -- Up-to-date: /home/dayvson/ros2_study_ws/install/turtlesim/include/turtlesim/srv/detail/spawn__rosidl_typesupport_introspection_c.h
[4.028s] -- Up-to-date: /home/dayvson/ros2_study_ws/install/turtlesim/include/turtlesim/srv/detail/kill__rosidl_typesupport_introspection_c.h
[4.028s] -- Up-to-date: /home/dayvson/ros2_study_ws/install/turtlesim/include/turtlesim/srv/detail/teleport_relative__rosidl_typesupport_introspection_c.h
[4.028s] -- Up-to-date: /home/dayvson/ros2_study_ws/install/turtlesim/lib/libturtlesim__rosidl_typesupport_introspection_c.so
[4.028s] -- Up-to-date: /home/dayvson/ros2_study_ws/install/turtlesim/lib/libturtlesim__rosidl_typesupport_c.so
[4.028s] -- Up-to-date: /home/dayvson/ros2_study_ws/install/turtlesim/include/turtlesim
[4.029s] -- Up-to-date: /home/dayvson/ros2_study_ws/install/turtlesim/include/turtlesim/msg
[4.029s] -- Up-to-date: /home/dayvson/ros2_study_ws/install/turtlesim/include/turtlesim/msg/detail
[4.029s] -- Up-to-date: /home/dayvson/ros2_study_ws/install/turtlesim/include/turtlesim/msg/detail/pose__struct.hpp
[4.029s] -- Up-to-date: /home/dayvson/ros2_study_ws/install/turtlesim/include/turtlesim/msg/detail/pose__builder.hpp
[4.029s] -- Up-to-date: /home/dayvson/ros2_study_ws/install/turtlesim/include/turtlesim/msg/detail/color__struct.hpp
[4.029s] -- Up-to-date: /home/dayvson/ros2_study_ws/install/turtlesim/include/turtlesim/msg/detail/pose__traits.hpp
[4.030s] -- Up-to-date: /home/dayvson/ros2_study_ws/install/turtlesim/include/turtlesim/msg/detail/color__builder.hpp
[4.030s] -- Up-to-date: /home/dayvson/ros2_study_ws/install/turtlesim/include/turtlesim/msg/detail/color__traits.hpp
[4.030s] -- Up-to-date: /home/dayvson/ros2_study_ws/install/turtlesim/include/turtlesim/msg/pose.hpp
[4.030s] -- Up-to-date: /home/dayvson/ros2_study_ws/install/turtlesim/include/turtlesim/msg/color.hpp
[4.030s] -- Up-to-date: /home/dayvson/ros2_study_ws/install/turtlesim/include/turtlesim/action
[4.030s] -- Up-to-date: /home/dayvson/ros2_study_ws/install/turtlesim/include/turtlesim/action/detail
[4.031s] -- Up-to-date: /home/dayvson/ros2_study_ws/install/turtlesim/include/turtlesim/action/detail/rotate_absolute__builder.hpp
[4.031s] -- Up-to-date: /home/dayvson/ros2_study_ws/install/turtlesim/include/turtlesim/action/detail/rotate_absolute__traits.hpp
[4.031s] -- Up-to-date: /home/dayvson/ros2_study_ws/install/turtlesim/include/turtlesim/action/detail/rotate_absolute__struct.hpp
[4.031s] -- Up-to-date: /home/dayvson/ros2_study_ws/install/turtlesim/include/turtlesim/action/rotate_absolute.hpp
[4.031s] -- Up-to-date: /home/dayvson/ros2_study_ws/install/turtlesim/include/turtlesim/srv
[4.032s] -- Up-to-date: /home/dayvson/ros2_study_ws/install/turtlesim/include/turtlesim/srv/detail
[4.032s] -- Up-to-date: /home/dayvson/ros2_study_ws/install/turtlesim/include/turtlesim/srv/detail/kill__struct.hpp
[4.032s] -- Up-to-date: /home/dayvson/ros2_study_ws/install/turtlesim/include/turtlesim/srv/detail/set_pen__traits.hpp
[4.032s] -- Up-to-date: /home/dayvson/ros2_study_ws/install/turtlesim/include/turtlesim/srv/detail/teleport_absolute__traits.hpp
[4.032s] -- Up-to-date: /home/dayvson/ros2_study_ws/install/turtlesim/include/turtlesim/srv/detail/kill__builder.hpp
[4.032s] -- Up-to-date: /home/dayvson/ros2_study_ws/install/turtlesim/include/turtlesim/srv/detail/kill__traits.hpp
[4.032s] -- Up-to-date: /home/dayvson/ros2_study_ws/install/turtlesim/include/turtlesim/srv/detail/teleport_relative__traits.hpp
[4.033s] -- Up-to-date: /home/dayvson/ros2_study_ws/install/turtlesim/include/turtlesim/srv/detail/spawn__struct.hpp
[4.033s] -- Up-to-date: /home/dayvson/ros2_study_ws/install/turtlesim/include/turtlesim/srv/detail/teleport_relative__struct.hpp
[4.033s] -- Up-to-date: /home/dayvson/ros2_study_ws/install/turtlesim/include/turtlesim/srv/detail/set_pen__builder.hpp
[4.033s] -- Up-to-date: /home/dayvson/ros2_study_ws/install/turtlesim/include/turtlesim/srv/detail/teleport_relative__builder.hpp
[4.033s] -- Up-to-date: /home/dayvson/ros2_study_ws/install/turtlesim/include/turtlesim/srv/detail/spawn__traits.hpp
[4.033s] -- Up-to-date: /home/dayvson/ros2_study_ws/install/turtlesim/include/turtlesim/srv/detail/teleport_absolute__struct.hpp
[4.034s] -- Up-to-date: /home/dayvson/ros2_study_ws/install/turtlesim/include/turtlesim/srv/detail/spawn__builder.hpp
[4.034s] -- Up-to-date: /home/dayvson/ros2_study_ws/install/turtlesim/include/turtlesim/srv/detail/teleport_absolute__builder.hpp
[4.034s] -- Up-to-date: /home/dayvson/ros2_study_ws/install/turtlesim/include/turtlesim/srv/detail/set_pen__struct.hpp
[4.034s] -- Up-to-date: /home/dayvson/ros2_study_ws/install/turtlesim/include/turtlesim/srv/spawn.hpp
[4.034s] -- Up-to-date: /home/dayvson/ros2_study_ws/install/turtlesim/include/turtlesim/srv/kill.hpp
[4.034s] -- Up-to-date: /home/dayvson/ros2_study_ws/install/turtlesim/include/turtlesim/srv/set_pen.hpp
[4.035s] -- Up-to-date: /home/dayvson/ros2_study_ws/install/turtlesim/include/turtlesim/srv/teleport_absolute.hpp
[4.035s] -- Up-to-date: /home/dayvson/ros2_study_ws/install/turtlesim/include/turtlesim/srv/teleport_relative.hpp
[4.035s] -- Up-to-date: /home/dayvson/ros2_study_ws/install/turtlesim/include/turtlesim
[4.035s] -- Up-to-date: /home/dayvson/ros2_study_ws/install/turtlesim/include/turtlesim/msg
[4.035s] -- Up-to-date: /home/dayvson/ros2_study_ws/install/turtlesim/include/turtlesim/msg/detail
[4.036s] -- Up-to-date: /home/dayvson/ros2_study_ws/install/turtlesim/include/turtlesim/msg/detail/pose__rosidl_typesupport_introspection_cpp.hpp
[4.036s] -- Up-to-date: /home/dayvson/ros2_study_ws/install/turtlesim/include/turtlesim/msg/detail/color__rosidl_typesupport_introspection_cpp.hpp
[4.036s] -- Up-to-date: /home/dayvson/ros2_study_ws/install/turtlesim/include/turtlesim/msg/detail/pose__type_support.cpp
[4.036s] -- Up-to-date: /home/dayvson/ros2_study_ws/install/turtlesim/include/turtlesim/msg/detail/color__type_support.cpp
[4.036s] -- Up-to-date: /home/dayvson/ros2_study_ws/install/turtlesim/include/turtlesim/action
[4.036s] -- Up-to-date: /home/dayvson/ros2_study_ws/install/turtlesim/include/turtlesim/action/detail
[4.037s] -- Up-to-date: /home/dayvson/ros2_study_ws/install/turtlesim/include/turtlesim/action/detail/rotate_absolute__type_support.cpp
[4.037s] -- Up-to-date: /home/dayvson/ros2_study_ws/install/turtlesim/include/turtlesim/action/detail/rotate_absolute__rosidl_typesupport_introspection_cpp.hpp
[4.037s] -- Up-to-date: /home/dayvson/ros2_study_ws/install/turtlesim/include/turtlesim/srv
[4.037s] -- Up-to-date: /home/dayvson/ros2_study_ws/install/turtlesim/include/turtlesim/srv/detail
[4.037s] -- Up-to-date: /home/dayvson/ros2_study_ws/install/turtlesim/include/turtlesim/srv/detail/teleport_relative__type_support.cpp
[4.037s] -- Up-to-date: /home/dayvson/ros2_study_ws/install/turtlesim/include/turtlesim/srv/detail/teleport_absolute__rosidl_typesupport_introspection_cpp.hpp
[4.037s] -- Up-to-date: /home/dayvson/ros2_study_ws/install/turtlesim/include/turtlesim/srv/detail/teleport_absolute__type_support.cpp
[4.038s] -- Up-to-date: /home/dayvson/ros2_study_ws/install/turtlesim/include/turtlesim/srv/detail/teleport_relative__rosidl_typesupport_introspection_cpp.hpp
[4.038s] -- Up-to-date: /home/dayvson/ros2_study_ws/install/turtlesim/include/turtlesim/srv/detail/kill__type_support.cpp
[4.038s] -- Up-to-date: /home/dayvson/ros2_study_ws/install/turtlesim/include/turtlesim/srv/detail/spawn__rosidl_typesupport_introspection_cpp.hpp
[4.038s] -- Up-to-date: /home/dayvson/ros2_study_ws/install/turtlesim/include/turtlesim/srv/detail/set_pen__rosidl_typesupport_introspection_cpp.hpp
[4.038s] -- Up-to-date: /home/dayvson/ros2_study_ws/install/turtlesim/include/turtlesim/srv/detail/set_pen__type_support.cpp
[4.038s] -- Up-to-date: /home/dayvson/ros2_study_ws/install/turtlesim/include/turtlesim/srv/detail/kill__rosidl_typesupport_introspection_cpp.hpp
[4.038s] -- Up-to-date: /home/dayvson/ros2_study_ws/install/turtlesim/include/turtlesim/srv/detail/spawn__type_support.cpp
[4.038s] -- Up-to-date: /home/dayvson/ros2_study_ws/install/turtlesim/lib/libturtlesim__rosidl_typesupport_introspection_cpp.so
[4.039s] -- Up-to-date: /home/dayvson/ros2_study_ws/install/turtlesim/lib/libturtlesim__rosidl_typesupport_cpp.so
[4.039s] -- Up-to-date: /home/dayvson/ros2_study_ws/install/turtlesim/share/turtlesim/environment/pythonpath.sh
[4.039s] -- Up-to-date: /home/dayvson/ros2_study_ws/install/turtlesim/share/turtlesim/environment/pythonpath.dsv
[4.039s] -- Up-to-date: /home/dayvson/ros2_study_ws/install/turtlesim/lib/python3.8/site-packages/turtlesim/__init__.py
[4.093s] -- Up-to-date: /home/dayvson/ros2_study_ws/install/turtlesim/lib/python3.8/site-packages/turtlesim/action
[4.093s] -- Up-to-date: /home/dayvson/ros2_study_ws/install/turtlesim/lib/python3.8/site-packages/turtlesim/action/_rotate_absolute.py
[4.094s] -- Up-to-date: /home/dayvson/ros2_study_ws/install/turtlesim/lib/python3.8/site-packages/turtlesim/action/__init__.py
[4.094s] -- Up-to-date: /home/dayvson/ros2_study_ws/install/turtlesim/lib/python3.8/site-packages/turtlesim/action/_rotate_absolute_s.c
[4.094s] -- Up-to-date: /home/dayvson/ros2_study_ws/install/turtlesim/lib/python3.8/site-packages/turtlesim/msg
[4.094s] -- Up-to-date: /home/dayvson/ros2_study_ws/install/turtlesim/lib/python3.8/site-packages/turtlesim/msg/_pose.py
[4.094s] -- Up-to-date: /home/dayvson/ros2_study_ws/install/turtlesim/lib/python3.8/site-packages/turtlesim/msg/__init__.py
[4.095s] -- Up-to-date: /home/dayvson/ros2_study_ws/install/turtlesim/lib/python3.8/site-packages/turtlesim/msg/_pose_s.c
[4.095s] -- Up-to-date: /home/dayvson/ros2_study_ws/install/turtlesim/lib/python3.8/site-packages/turtlesim/msg/_color.py
[4.095s] -- Up-to-date: /home/dayvson/ros2_study_ws/install/turtlesim/lib/python3.8/site-packages/turtlesim/msg/_color_s.c
[4.095s] -- Up-to-date: /home/dayvson/ros2_study_ws/install/turtlesim/lib/python3.8/site-packages/turtlesim/srv
[4.095s] -- Up-to-date: /home/dayvson/ros2_study_ws/install/turtlesim/lib/python3.8/site-packages/turtlesim/srv/_kill_s.c
[4.095s] -- Up-to-date: /home/dayvson/ros2_study_ws/install/turtlesim/lib/python3.8/site-packages/turtlesim/srv/_spawn.py
[4.095s] -- Up-to-date: /home/dayvson/ros2_study_ws/install/turtlesim/lib/python3.8/site-packages/turtlesim/srv/_kill.py
[4.096s] -- Up-to-date: /home/dayvson/ros2_study_ws/install/turtlesim/lib/python3.8/site-packages/turtlesim/srv/_set_pen.py
[4.096s] -- Up-to-date: /home/dayvson/ros2_study_ws/install/turtlesim/lib/python3.8/site-packages/turtlesim/srv/_spawn_s.c
[4.096s] -- Up-to-date: /home/dayvson/ros2_study_ws/install/turtlesim/lib/python3.8/site-packages/turtlesim/srv/_teleport_absolute_s.c
[4.096s] -- Up-to-date: /home/dayvson/ros2_study_ws/install/turtlesim/lib/python3.8/site-packages/turtlesim/srv/_teleport_relative.py
[4.096s] -- Up-to-date: /home/dayvson/ros2_study_ws/install/turtlesim/lib/python3.8/site-packages/turtlesim/srv/_teleport_relative_s.c
[4.096s] -- Up-to-date: /home/dayvson/ros2_study_ws/install/turtlesim/lib/python3.8/site-packages/turtlesim/srv/_teleport_absolute.py
[4.097s] -- Up-to-date: /home/dayvson/ros2_study_ws/install/turtlesim/lib/python3.8/site-packages/turtlesim/srv/__init__.py
[4.097s] -- Up-to-date: /home/dayvson/ros2_study_ws/install/turtlesim/lib/python3.8/site-packages/turtlesim/srv/_set_pen_s.c
[4.097s] -- Up-to-date: /home/dayvson/ros2_study_ws/install/turtlesim/lib/python3.8/site-packages/turtlesim/turtlesim_s__rosidl_typesupport_fastrtps_c.cpython-38-x86_64-linux-gnu.so
[4.099s] -- Up-to-date: /home/dayvson/ros2_study_ws/install/turtlesim/lib/python3.8/site-packages/turtlesim/turtlesim_s__rosidl_typesupport_introspection_c.cpython-38-x86_64-linux-gnu.so
[4.102s] -- Up-to-date: /home/dayvson/ros2_study_ws/install/turtlesim/lib/python3.8/site-packages/turtlesim/turtlesim_s__rosidl_typesupport_c.cpython-38-x86_64-linux-gnu.so
[4.106s] -- Up-to-date: /home/dayvson/ros2_study_ws/install/turtlesim/lib/libturtlesim__python.so
[4.107s] -- Up-to-date: /home/dayvson/ros2_study_ws/install/turtlesim/share/turtlesim/action/RotateAbsolute.idl
[4.107s] -- Up-to-date: /home/dayvson/ros2_study_ws/install/turtlesim/share/turtlesim/msg/Color.idl
[4.108s] -- Up-to-date: /home/dayvson/ros2_study_ws/install/turtlesim/share/turtlesim/msg/Pose.idl
[4.109s] -- Up-to-date: /home/dayvson/ros2_study_ws/install/turtlesim/share/turtlesim/srv/Kill.idl
[4.109s] -- Up-to-date: /home/dayvson/ros2_study_ws/install/turtlesim/share/turtlesim/srv/SetPen.idl
[4.109s] -- Up-to-date: /home/dayvson/ros2_study_ws/install/turtlesim/share/turtlesim/srv/Spawn.idl
[4.110s] -- Up-to-date: /home/dayvson/ros2_study_ws/install/turtlesim/share/turtlesim/srv/TeleportAbsolute.idl
[4.110s] -- Up-to-date: /home/dayvson/ros2_study_ws/install/turtlesim/share/turtlesim/srv/TeleportRelative.idl
[4.110s] -- Up-to-date: /home/dayvson/ros2_study_ws/install/turtlesim/share/turtlesim/action/RotateAbsolute.action
[4.110s] -- Up-to-date: /home/dayvson/ros2_study_ws/install/turtlesim/share/turtlesim/msg/Color.msg
[4.111s] -- Up-to-date: /home/dayvson/ros2_study_ws/install/turtlesim/share/turtlesim/msg/Pose.msg
[4.111s] -- Up-to-date: /home/dayvson/ros2_study_ws/install/turtlesim/share/turtlesim/srv/Kill.srv
[4.111s] -- Up-to-date: /home/dayvson/ros2_study_ws/install/turtlesim/share/turtlesim/srv/Kill_Request.msg
[4.111s] -- Up-to-date: /home/dayvson/ros2_study_ws/install/turtlesim/share/turtlesim/srv/Kill_Response.msg
[4.111s] -- Up-to-date: /home/dayvson/ros2_study_ws/install/turtlesim/share/turtlesim/srv/SetPen.srv
[4.112s] -- Up-to-date: /home/dayvson/ros2_study_ws/install/turtlesim/share/turtlesim/srv/SetPen_Request.msg
[4.112s] -- Up-to-date: /home/dayvson/ros2_study_ws/install/turtlesim/share/turtlesim/srv/SetPen_Response.msg
[4.112s] -- Up-to-date: /home/dayvson/ros2_study_ws/install/turtlesim/share/turtlesim/srv/Spawn.srv
[4.112s] -- Up-to-date: /home/dayvson/ros2_study_ws/install/turtlesim/share/turtlesim/srv/Spawn_Request.msg
[4.112s] -- Up-to-date: /home/dayvson/ros2_study_ws/install/turtlesim/share/turtlesim/srv/Spawn_Response.msg
[4.113s] -- Up-to-date: /home/dayvson/ros2_study_ws/install/turtlesim/share/turtlesim/srv/TeleportAbsolute.srv
[4.113s] -- Up-to-date: /home/dayvson/ros2_study_ws/install/turtlesim/share/turtlesim/srv/TeleportAbsolute_Request.msg
[4.113s] -- Up-to-date: /home/dayvson/ros2_study_ws/install/turtlesim/share/turtlesim/srv/TeleportAbsolute_Response.msg
[4.113s] -- Up-to-date: /home/dayvson/ros2_study_ws/install/turtlesim/share/turtlesim/srv/TeleportRelative.srv
[4.113s] -- Up-to-date: /home/dayvson/ros2_study_ws/install/turtlesim/share/turtlesim/srv/TeleportRelative_Request.msg
[4.113s] -- Up-to-date: /home/dayvson/ros2_study_ws/install/turtlesim/share/turtlesim/srv/TeleportRelative_Response.msg
[4.114s] -- Up-to-date: /home/dayvson/ros2_study_ws/install/turtlesim/lib/turtlesim/turtlesim_node
[4.114s] -- Up-to-date: /home/dayvson/ros2_study_ws/install/turtlesim/lib/turtlesim/turtle_teleop_key
[4.115s] -- Up-to-date: /home/dayvson/ros2_study_ws/install/turtlesim/lib/turtlesim/draw_square
[4.117s] -- Up-to-date: /home/dayvson/ros2_study_ws/install/turtlesim/lib/turtlesim/mimic
[4.118s] -- Up-to-date: /home/dayvson/ros2_study_ws/install/turtlesim/share/turtlesim/images
[4.118s] -- Up-to-date: /home/dayvson/ros2_study_ws/install/turtlesim/share/turtlesim/images/crystal.png
[4.118s] -- Up-to-date: /home/dayvson/ros2_study_ws/install/turtlesim/share/turtlesim/images/ardent.png
[4.119s] -- Up-to-date: /home/dayvson/ros2_study_ws/install/turtlesim/share/turtlesim/images/dashing.png
[4.119s] -- Up-to-date: /home/dayvson/ros2_study_ws/install/turtlesim/share/turtlesim/images/eloquent.png
[4.119s] -- Up-to-date: /home/dayvson/ros2_study_ws/install/turtlesim/share/turtlesim/images/bouncy.png
[4.120s] -- Up-to-date: /home/dayvson/ros2_study_ws/install/turtlesim/share/turtlesim/images/galactic.png
[4.120s] -- Up-to-date: /home/dayvson/ros2_study_ws/install/turtlesim/share/turtlesim/images/foxy.png
[4.120s] -- Up-to-date: /home/dayvson/ros2_study_ws/install/turtlesim/share/turtlesim/launch
[4.120s] -- Up-to-date: /home/dayvson/ros2_study_ws/install/turtlesim/share/turtlesim/launch/multisim.launch.py
[4.120s] -- Up-to-date: /home/dayvson/ros2_study_ws/install/turtlesim/share/ament_index/resource_index/package_run_dependencies/turtlesim
[4.121s] -- Up-to-date: /home/dayvson/ros2_study_ws/install/turtlesim/share/ament_index/resource_index/parent_prefix_path/turtlesim
[4.121s] -- Up-to-date: /home/dayvson/ros2_study_ws/install/turtlesim/share/turtlesim/environment/ament_prefix_path.sh
[4.121s] -- Up-to-date: /home/dayvson/ros2_study_ws/install/turtlesim/share/turtlesim/environment/ament_prefix_path.dsv
[4.121s] -- Up-to-date: /home/dayvson/ros2_study_ws/install/turtlesim/share/turtlesim/environment/path.sh
[4.122s] -- Up-to-date: /home/dayvson/ros2_study_ws/install/turtlesim/share/turtlesim/environment/path.dsv
[4.122s] -- Up-to-date: /home/dayvson/ros2_study_ws/install/turtlesim/share/turtlesim/local_setup.bash
[4.122s] -- Up-to-date: /home/dayvson/ros2_study_ws/install/turtlesim/share/turtlesim/local_setup.sh
[4.122s] -- Up-to-date: /home/dayvson/ros2_study_ws/install/turtlesim/share/turtlesim/local_setup.zsh
[4.123s] -- Up-to-date: /home/dayvson/ros2_study_ws/install/turtlesim/share/turtlesim/local_setup.dsv
[4.123s] -- Installing: /home/dayvson/ros2_study_ws/install/turtlesim/share/turtlesim/package.dsv
[4.123s] -- Up-to-date: /home/dayvson/ros2_study_ws/install/turtlesim/share/ament_index/resource_index/packages/turtlesim
[4.123s] -- Up-to-date: /home/dayvson/ros2_study_ws/install/turtlesim/share/turtlesim/cmake/turtlesim__rosidl_generator_cExport.cmake
[4.124s] -- Up-to-date: /home/dayvson/ros2_study_ws/install/turtlesim/share/turtlesim/cmake/turtlesim__rosidl_generator_cExport-noconfig.cmake
[4.124s] -- Up-to-date: /home/dayvson/ros2_study_ws/install/turtlesim/share/turtlesim/cmake/turtlesim__rosidl_typesupport_introspection_cExport.cmake
[4.124s] -- Up-to-date: /home/dayvson/ros2_study_ws/install/turtlesim/share/turtlesim/cmake/turtlesim__rosidl_typesupport_introspection_cExport-noconfig.cmake
[4.124s] -- Up-to-date: /home/dayvson/ros2_study_ws/install/turtlesim/share/turtlesim/cmake/turtlesim__rosidl_typesupport_cExport.cmake
[4.124s] -- Up-to-date: /home/dayvson/ros2_study_ws/install/turtlesim/share/turtlesim/cmake/turtlesim__rosidl_typesupport_cExport-noconfig.cmake
[4.125s] -- Up-to-date: /home/dayvson/ros2_study_ws/install/turtlesim/share/turtlesim/cmake/turtlesim__rosidl_generator_cppExport.cmake
[4.125s] -- Up-to-date: /home/dayvson/ros2_study_ws/install/turtlesim/share/turtlesim/cmake/turtlesim__rosidl_typesupport_introspection_cppExport.cmake
[4.125s] -- Up-to-date: /home/dayvson/ros2_study_ws/install/turtlesim/share/turtlesim/cmake/turtlesim__rosidl_typesupport_introspection_cppExport-noconfig.cmake
[4.126s] -- Up-to-date: /home/dayvson/ros2_study_ws/install/turtlesim/share/turtlesim/cmake/turtlesim__rosidl_typesupport_cppExport.cmake
[4.126s] -- Up-to-date: /home/dayvson/ros2_study_ws/install/turtlesim/share/turtlesim/cmake/turtlesim__rosidl_typesupport_cppExport-noconfig.cmake
[4.127s] -- Up-to-date: /home/dayvson/ros2_study_ws/install/turtlesim/share/turtlesim/cmake/rosidl_cmake-extras.cmake
[4.127s] -- Up-to-date: /home/dayvson/ros2_study_ws/install/turtlesim/share/turtlesim/cmake/ament_cmake_export_dependencies-extras.cmake
[4.127s] -- Up-to-date: /home/dayvson/ros2_study_ws/install/turtlesim/share/turtlesim/cmake/ament_cmake_export_libraries-extras.cmake
[4.128s] -- Up-to-date: /home/dayvson/ros2_study_ws/install/turtlesim/share/turtlesim/cmake/ament_cmake_export_targets-extras.cmake
[4.128s] -- Up-to-date: /home/dayvson/ros2_study_ws/install/turtlesim/share/turtlesim/cmake/ament_cmake_export_include_directories-extras.cmake
[4.128s] -- Up-to-date: /home/dayvson/ros2_study_ws/install/turtlesim/share/turtlesim/cmake/rosidl_cmake_export_typesupport_libraries-extras.cmake
[4.128s] -- Up-to-date: /home/dayvson/ros2_study_ws/install/turtlesim/share/turtlesim/cmake/rosidl_cmake_export_typesupport_targets-extras.cmake
[4.128s] -- Up-to-date: /home/dayvson/ros2_study_ws/install/turtlesim/share/turtlesim/cmake/turtlesimConfig.cmake
[4.129s] -- Up-to-date: /home/dayvson/ros2_study_ws/install/turtlesim/share/turtlesim/cmake/turtlesimConfig-version.cmake
[4.129s] -- Up-to-date: /home/dayvson/ros2_study_ws/install/turtlesim/share/turtlesim/package.xml
[4.132s] Invoked command in '/home/dayvson/ros2_study_ws/build/turtlesim' returned '0': CMAKE_PREFIX_PATH=${CMAKE_PREFIX_PATH}:/home/dayvson/ros2_study_ws/install/my_package_python:/opt/ros/galactic /usr/bin/cmake --install /home/dayvson/ros2_study_ws/build/turtlesim
