[2.949s] Invoking command in '/home/dayvson/ros2_study_ws/src/my_package_python': PYTHONPATH=/home/dayvson/ros2_study_ws/install/my_package_python/lib/python3.8/site-packages:${PYTHONPATH} /usr/bin/python3 setup.py egg_info --egg-base ../../build/my_package_python build --build-base /home/dayvson/ros2_study_ws/build/my_package_python/build install --prefix /home/dayvson/ros2_study_ws/install/my_package_python --record /home/dayvson/ros2_study_ws/build/my_package_python/install.log --single-version-externally-managed
[3.998s] running egg_info
[4.066s] writing ../../build/my_package_python/my_package_python.egg-info/PKG-INFO
[4.103s] writing dependency_links to ../../build/my_package_python/my_package_python.egg-info/dependency_links.txt
[4.221s] writing entry points to ../../build/my_package_python/my_package_python.egg-info/entry_points.txt
[4.298s] writing requirements to ../../build/my_package_python/my_package_python.egg-info/requires.txt
[4.344s] writing top-level names to ../../build/my_package_python/my_package_python.egg-info/top_level.txt
[5.022s] reading manifest file '../../build/my_package_python/my_package_python.egg-info/SOURCES.txt'
[5.359s] writing manifest file '../../build/my_package_python/my_package_python.egg-info/SOURCES.txt'
[5.359s] running build
[5.359s] running build_py
[5.360s] running install
[5.961s] /home/dayvson/.local/lib/python3.8/site-packages/setuptools/command/install.py:34: SetuptoolsDeprecationWarning: setup.py install is deprecated. Use build and pip and other standards-based tools.
[5.961s]   warnings.warn(
[5.971s] running install_lib
[6.040s] running install_data
[6.070s] running install_egg_info
[6.152s] removing '/home/dayvson/ros2_study_ws/install/my_package_python/lib/python3.8/site-packages/my_package_python-0.0.0-py3.8.egg-info' (and everything under it)
[6.153s] Copying ../../build/my_package_python/my_package_python.egg-info to /home/dayvson/ros2_study_ws/install/my_package_python/lib/python3.8/site-packages/my_package_python-0.0.0-py3.8.egg-info
[6.318s] running install_scripts
[6.502s] Installing my_node script to /home/dayvson/ros2_study_ws/install/my_package_python/lib/my_package_python
[6.503s] writing list of installed files to '/home/dayvson/ros2_study_ws/build/my_package_python/install.log'
