[0.022s] Invoking command in '/home/dayvson/ros2_study_ws/build/my_package': CMAKE_PREFIX_PATH=${CMAKE_PREFIX_PATH}:/opt/ros/galactic /usr/bin/cmake /home/dayvson/ros2_study_ws/src/my_package -DCMAKE_INSTALL_PREFIX=/home/dayvson/ros2_study_ws/install/my_package
[1.048s] -- The C compiler identification is GNU 9.4.0
[1.527s] -- The CXX compiler identification is GNU 9.4.0
[1.536s] -- Check for working C compiler: /usr/bin/cc
[1.597s] -- Check for working C compiler: /usr/bin/cc -- works
[1.598s] -- Detecting C compiler ABI info
[1.656s] -- Detecting C compiler ABI info - done
[1.668s] -- Detecting C compile features
[1.701s] -- Detecting C compile features - done
[1.715s] -- Check for working CXX compiler: /usr/bin/c++
[1.812s] -- Check for working CXX compiler: /usr/bin/c++ -- works
[1.813s] -- Detecting CXX compiler ABI info
[1.879s] -- Detecting CXX compiler ABI info - done
[1.889s] -- Detecting CXX compile features
[1.889s] -- Detecting CXX compile features - done
[1.936s] -- Found ament_cmake: 1.1.5 (/opt/ros/galactic/share/ament_cmake/cmake)
[2.300s] -- Found PythonInterp: /usr/bin/python3 (found suitable version "3.8.10", minimum required is "3") 
[2.301s] -- Using PYTHON_EXECUTABLE: /usr/bin/python3
[2.468s] -- Found ament_lint_auto: 0.10.6 (/opt/ros/galactic/share/ament_lint_auto/cmake)
[2.810s] -- Added test 'copyright' to check source files copyright and LICENSE
[2.812s] -- Added test 'cppcheck' to perform static code analysis on C / C++ code
[2.812s] -- Configured cppcheck include dirs: $<BUILD_INTERFACE:/home/dayvson/ros2_study_ws/src/my_package/include>
[2.813s] -- Configured cppcheck exclude dirs and/or files: 
[2.814s] -- Added test 'cpplint' to check C / C++ code against the Google style
[2.815s] -- Configured cpplint exclude dirs and/or files: 
[2.817s] -- Added test 'lint_cmake' to check CMake code style
[2.819s] -- Added test 'uncrustify' to check C / C++ code style
[2.819s] -- Configured uncrustify additional arguments: 
[2.820s] -- Added test 'xmllint' to check XML markup files
[2.824s] -- Configuring done
[2.828s] -- Generating done
[2.829s] -- Build files have been written to: /home/dayvson/ros2_study_ws/build/my_package
[2.834s] Invoked command in '/home/dayvson/ros2_study_ws/build/my_package' returned '0': CMAKE_PREFIX_PATH=${CMAKE_PREFIX_PATH}:/opt/ros/galactic /usr/bin/cmake /home/dayvson/ros2_study_ws/src/my_package -DCMAKE_INSTALL_PREFIX=/home/dayvson/ros2_study_ws/install/my_package
[2.837s] Invoking command in '/home/dayvson/ros2_study_ws/build/my_package': CMAKE_PREFIX_PATH=${CMAKE_PREFIX_PATH}:/opt/ros/galactic /usr/bin/cmake --build /home/dayvson/ros2_study_ws/build/my_package -- -j12 -l12
[2.871s] [35m[1mScanning dependencies of target my_node[0m
[2.881s] [ 50%] [32mBuilding CXX object CMakeFiles/my_node.dir/src/my_node.cpp.o[0m
[2.921s] [100%] [32m[1mLinking CXX executable my_node[0m
[2.959s] [100%] Built target my_node
[2.969s] Invoked command in '/home/dayvson/ros2_study_ws/build/my_package' returned '0': CMAKE_PREFIX_PATH=${CMAKE_PREFIX_PATH}:/opt/ros/galactic /usr/bin/cmake --build /home/dayvson/ros2_study_ws/build/my_package -- -j12 -l12
[2.990s] Invoking command in '/home/dayvson/ros2_study_ws/build/my_package': CMAKE_PREFIX_PATH=${CMAKE_PREFIX_PATH}:/opt/ros/galactic /usr/bin/cmake --install /home/dayvson/ros2_study_ws/build/my_package
[2.999s] -- Install configuration: ""
[2.999s] -- Installing: /home/dayvson/ros2_study_ws/install/my_package/lib/my_package/my_node
[2.999s] -- Installing: /home/dayvson/ros2_study_ws/install/my_package/share/ament_index/resource_index/package_run_dependencies/my_package
[2.999s] -- Installing: /home/dayvson/ros2_study_ws/install/my_package/share/ament_index/resource_index/parent_prefix_path/my_package
[2.999s] -- Installing: /home/dayvson/ros2_study_ws/install/my_package/share/my_package/environment/ament_prefix_path.sh
[3.000s] -- Installing: /home/dayvson/ros2_study_ws/install/my_package/share/my_package/environment/ament_prefix_path.dsv
[3.000s] -- Installing: /home/dayvson/ros2_study_ws/install/my_package/share/my_package/environment/path.sh
[3.000s] -- Installing: /home/dayvson/ros2_study_ws/install/my_package/share/my_package/environment/path.dsv
[3.000s] -- Installing: /home/dayvson/ros2_study_ws/install/my_package/share/my_package/local_setup.bash
[3.000s] -- Installing: /home/dayvson/ros2_study_ws/install/my_package/share/my_package/local_setup.sh
[3.000s] -- Installing: /home/dayvson/ros2_study_ws/install/my_package/share/my_package/local_setup.zsh
[3.000s] -- Installing: /home/dayvson/ros2_study_ws/install/my_package/share/my_package/local_setup.dsv
[3.000s] -- Installing: /home/dayvson/ros2_study_ws/install/my_package/share/my_package/package.dsv
[3.000s] -- Installing: /home/dayvson/ros2_study_ws/install/my_package/share/ament_index/resource_index/packages/my_package
[3.000s] -- Installing: /home/dayvson/ros2_study_ws/install/my_package/share/my_package/cmake/my_packageConfig.cmake
[3.000s] -- Installing: /home/dayvson/ros2_study_ws/install/my_package/share/my_package/cmake/my_packageConfig-version.cmake
[3.000s] -- Installing: /home/dayvson/ros2_study_ws/install/my_package/share/my_package/package.xml
[3.004s] Invoked command in '/home/dayvson/ros2_study_ws/build/my_package' returned '0': CMAKE_PREFIX_PATH=${CMAKE_PREFIX_PATH}:/opt/ros/galactic /usr/bin/cmake --install /home/dayvson/ros2_study_ws/build/my_package
