[3.090s] Invoking command in '/home/dayvson/ros2_study_ws/src/my_package_python': PYTHONPATH=/home/dayvson/ros2_study_ws/install/my_package_python/lib/python3.8/site-packages:${PYTHONPATH} /usr/bin/python3 setup.py egg_info --egg-base ../../build/my_package_python build --build-base /home/dayvson/ros2_study_ws/build/my_package_python/build install --prefix /home/dayvson/ros2_study_ws/install/my_package_python --record /home/dayvson/ros2_study_ws/build/my_package_python/install.log --single-version-externally-managed
[4.133s] running egg_info
[4.203s] writing ../../build/my_package_python/my_package_python.egg-info/PKG-INFO
[4.338s] writing dependency_links to ../../build/my_package_python/my_package_python.egg-info/dependency_links.txt
[4.450s] writing entry points to ../../build/my_package_python/my_package_python.egg-info/entry_points.txt
[4.513s] writing requirements to ../../build/my_package_python/my_package_python.egg-info/requires.txt
[4.545s] writing top-level names to ../../build/my_package_python/my_package_python.egg-info/top_level.txt
[4.622s] reading manifest file '../../build/my_package_python/my_package_python.egg-info/SOURCES.txt'
[4.624s] writing manifest file '../../build/my_package_python/my_package_python.egg-info/SOURCES.txt'
[4.624s] running build
[4.625s] running build_py
[4.625s] running install
[4.625s] /home/dayvson/.local/lib/python3.8/site-packages/setuptools/command/install.py:34: SetuptoolsDeprecationWarning: setup.py install is deprecated. Use build and pip and other standards-based tools.
[4.625s]   warnings.warn(
[4.634s] running install_lib
[4.697s] running install_data
[4.720s] running install_egg_info
[4.774s] removing '/home/dayvson/ros2_study_ws/install/my_package_python/lib/python3.8/site-packages/my_package_python-0.0.0-py3.8.egg-info' (and everything under it)
[4.775s] Copying ../../build/my_package_python/my_package_python.egg-info to /home/dayvson/ros2_study_ws/install/my_package_python/lib/python3.8/site-packages/my_package_python-0.0.0-py3.8.egg-info
[4.776s] running install_scripts
[5.569s] Installing my_node script to /home/dayvson/ros2_study_ws/install/my_package_python/lib/my_package_python
[5.789s] writing list of installed files to '/home/dayvson/ros2_study_ws/build/my_package_python/install.log'
[5.849s] Invoked command in '/home/dayvson/ros2_study_ws/src/my_package_python' returned '0': PYTHONPATH=/home/dayvson/ros2_study_ws/install/my_package_python/lib/python3.8/site-packages:${PYTHONPATH} /usr/bin/python3 setup.py egg_info --egg-base ../../build/my_package_python build --build-base /home/dayvson/ros2_study_ws/build/my_package_python/build install --prefix /home/dayvson/ros2_study_ws/install/my_package_python --record /home/dayvson/ros2_study_ws/build/my_package_python/install.log --single-version-externally-managed
