[3.169s] Invoking command in '/home/dayvson/ros2_study_ws/src/my_package_python': PYTHONPATH=/home/dayvson/ros2_study_ws/install/my_package_python/lib/python3.8/site-packages:${PYTHONPATH} /usr/bin/python3 setup.py egg_info --egg-base ../../build/my_package_python build --build-base /home/dayvson/ros2_study_ws/build/my_package_python/build install --prefix /home/dayvson/ros2_study_ws/install/my_package_python --record /home/dayvson/ros2_study_ws/build/my_package_python/install.log --single-version-externally-managed
[4.211s] running egg_info
[4.279s] writing ../../build/my_package_python/my_package_python.egg-info/PKG-INFO
[4.316s] writing dependency_links to ../../build/my_package_python/my_package_python.egg-info/dependency_links.txt
[4.428s] writing entry points to ../../build/my_package_python/my_package_python.egg-info/entry_points.txt
[4.502s] writing requirements to ../../build/my_package_python/my_package_python.egg-info/requires.txt
[4.538s] writing top-level names to ../../build/my_package_python/my_package_python.egg-info/top_level.txt
[4.627s] reading manifest file '../../build/my_package_python/my_package_python.egg-info/SOURCES.txt'
[4.628s] writing manifest file '../../build/my_package_python/my_package_python.egg-info/SOURCES.txt'
[4.629s] running build
[4.629s] running build_py
[4.630s] running install
[4.630s] /home/dayvson/.local/lib/python3.8/site-packages/setuptools/command/install.py:34: SetuptoolsDeprecationWarning: setup.py install is deprecated. Use build and pip and other standards-based tools.
[4.630s]   warnings.warn(
[4.638s] running install_lib
[4.700s] running install_data
[4.725s] running install_egg_info
[4.787s] removing '/home/dayvson/ros2_study_ws/install/my_package_python/lib/python3.8/site-packages/my_package_python-0.0.0-py3.8.egg-info' (and everything under it)
[4.788s] Copying ../../build/my_package_python/my_package_python.egg-info to /home/dayvson/ros2_study_ws/install/my_package_python/lib/python3.8/site-packages/my_package_python-0.0.0-py3.8.egg-info
[4.789s] running install_scripts
[4.965s] Installing my_node script to /home/dayvson/ros2_study_ws/install/my_package_python/lib/my_package_python
[4.974s] writing list of installed files to '/home/dayvson/ros2_study_ws/build/my_package_python/install.log'
[5.035s] Invoked command in '/home/dayvson/ros2_study_ws/src/my_package_python' returned '0': PYTHONPATH=/home/dayvson/ros2_study_ws/install/my_package_python/lib/python3.8/site-packages:${PYTHONPATH} /usr/bin/python3 setup.py egg_info --egg-base ../../build/my_package_python build --build-base /home/dayvson/ros2_study_ws/build/my_package_python/build install --prefix /home/dayvson/ros2_study_ws/install/my_package_python --record /home/dayvson/ros2_study_ws/build/my_package_python/install.log --single-version-externally-managed
