[19.138s] Invoking command in '/home/dayvson/ros2_study_ws/src/my_package_python': PYTHONPATH=/home/dayvson/ros2_study_ws/install/my_package_python/lib/python3.8/site-packages:${PYTHONPATH} /usr/bin/python3 setup.py egg_info --egg-base ../../build/my_package_python build --build-base /home/dayvson/ros2_study_ws/build/my_package_python/build install --prefix /home/dayvson/ros2_study_ws/install/my_package_python --record /home/dayvson/ros2_study_ws/build/my_package_python/install.log --single-version-externally-managed
[20.141s] running egg_info
[20.206s] writing ../../build/my_package_python/my_package_python.egg-info/PKG-INFO
[20.309s] writing dependency_links to ../../build/my_package_python/my_package_python.egg-info/dependency_links.txt
[20.473s] writing entry points to ../../build/my_package_python/my_package_python.egg-info/entry_points.txt
[20.665s] writing requirements to ../../build/my_package_python/my_package_python.egg-info/requires.txt
[21.111s] writing top-level names to ../../build/my_package_python/my_package_python.egg-info/top_level.txt
[21.497s] reading manifest file '../../build/my_package_python/my_package_python.egg-info/SOURCES.txt'
[21.504s] writing manifest file '../../build/my_package_python/my_package_python.egg-info/SOURCES.txt'
[21.932s] running build
[21.932s] running build_py
[21.933s] running install
[21.933s] /home/dayvson/.local/lib/python3.8/site-packages/setuptools/command/install.py:34: SetuptoolsDeprecationWarning: setup.py install is deprecated. Use build and pip and other standards-based tools.
[21.934s]   warnings.warn(
[21.943s] running install_lib
[22.077s] running install_data
[22.113s] copying package.xml -> /home/dayvson/ros2_study_ws/install/my_package_python/share/my_package_python
[22.113s] running install_egg_info
[22.185s] removing '/home/dayvson/ros2_study_ws/install/my_package_python/lib/python3.8/site-packages/my_package_python-0.0.0-py3.8.egg-info' (and everything under it)
[22.186s] Copying ../../build/my_package_python/my_package_python.egg-info to /home/dayvson/ros2_study_ws/install/my_package_python/lib/python3.8/site-packages/my_package_python-0.0.0-py3.8.egg-info
[22.648s] running install_scripts
[22.848s] Installing my_node script to /home/dayvson/ros2_study_ws/install/my_package_python/lib/my_package_python
[23.351s] writing list of installed files to '/home/dayvson/ros2_study_ws/build/my_package_python/install.log'
[23.631s] Invoked command in '/home/dayvson/ros2_study_ws/src/my_package_python' returned '0': PYTHONPATH=/home/dayvson/ros2_study_ws/install/my_package_python/lib/python3.8/site-packages:${PYTHONPATH} /usr/bin/python3 setup.py egg_info --egg-base ../../build/my_package_python build --build-base /home/dayvson/ros2_study_ws/build/my_package_python/build install --prefix /home/dayvson/ros2_study_ws/install/my_package_python --record /home/dayvson/ros2_study_ws/build/my_package_python/install.log --single-version-externally-managed
