[3.333s] DEBUG:colcon:Command line arguments: ['/usr/bin/colcon', 'build', '--packages-select', 'py_pubsub']
[3.333s] DEBUG:colcon:Parsed command line arguments: Namespace(allow_overriding=[], ament_cmake_args=None, base_paths=['.'], build_base='build', catkin_cmake_args=None, catkin_skip_building_tests=False, cmake_args=None, cmake_clean_cache=False, cmake_clean_first=False, cmake_force_configure=False, cmake_target=None, cmake_target_skip_unavailable=False, continue_on_error=False, event_handlers=None, executor='parallel', ignore_user_meta=False, install_base='install', log_base=None, log_level=None, main=<bound method BuildVerb.main of <colcon_core.verb.build.BuildVerb object at 0x7f8edb1e2b80>>, merge_install=False, metas=['./colcon.meta'], mixin=None, mixin_files=None, mixin_verb=('build',), packages_above=None, packages_above_and_dependencies=None, packages_above_depth=None, packages_end=None, packages_ignore=None, packages_ignore_regex=None, packages_select=['py_pubsub'], packages_select_build_failed=False, packages_select_by_dep=None, packages_select_regex=None, packages_select_test_failures=False, packages_skip=None, packages_skip_build_finished=False, packages_skip_by_dep=None, packages_skip_regex=None, packages_skip_test_passed=False, packages_skip_up_to=None, packages_start=None, packages_up_to=None, packages_up_to_regex=None, parallel_workers=12, paths=None, symlink_install=False, test_result_base=None, verb_extension=<colcon_core.verb.build.BuildVerb object at 0x7f8edb1e2b80>, verb_name='build', verb_parser=<colcon_mixin.mixin.mixin_argument.MixinArgumentDecorator object at 0x7f8eda98bc40>)
[3.711s] Level 1:colcon.colcon_core.package_discovery:discover_packages(colcon_meta) check parameters
[3.712s] Level 1:colcon.colcon_core.package_discovery:discover_packages(recursive) check parameters
[3.712s] Level 1:colcon.colcon_core.package_discovery:discover_packages(ignore) check parameters
[3.712s] Level 1:colcon.colcon_core.package_discovery:discover_packages(path) check parameters
[3.712s] Level 1:colcon.colcon_core.package_discovery:discover_packages(colcon_meta) discover
[3.712s] Level 1:colcon.colcon_core.package_discovery:discover_packages(recursive) discover
[3.712s] INFO:colcon.colcon_core.package_discovery:Crawling recursively for packages in '/home/dayvson/ros2_study_ws'
[3.712s] Level 1:colcon.colcon_core.package_identification:_identify(.) by extensions ['ignore', 'ignore_ament_install']
[3.712s] Level 1:colcon.colcon_core.package_identification:_identify(.) by extension 'ignore'
[3.712s] Level 1:colcon.colcon_core.package_identification:_identify(.) by extension 'ignore_ament_install'
[3.712s] Level 1:colcon.colcon_core.package_identification:_identify(.) by extensions ['colcon_pkg']
[3.712s] Level 1:colcon.colcon_core.package_identification:_identify(.) by extension 'colcon_pkg'
[3.712s] Level 1:colcon.colcon_core.package_identification:_identify(.) by extensions ['colcon_meta']
[3.712s] Level 1:colcon.colcon_core.package_identification:_identify(.) by extension 'colcon_meta'
[3.712s] Level 1:colcon.colcon_core.package_identification:_identify(.) by extensions ['ros']
[3.712s] Level 1:colcon.colcon_core.package_identification:_identify(.) by extension 'ros'
[3.722s] Level 1:colcon.colcon_core.package_identification:_identify(.) by extensions ['cmake', 'python']
[3.722s] Level 1:colcon.colcon_core.package_identification:_identify(.) by extension 'cmake'
[3.722s] Level 1:colcon.colcon_core.package_identification:_identify(.) by extension 'python'
[3.722s] Level 1:colcon.colcon_core.package_identification:_identify(.) by extensions ['python_setup_py']
[3.722s] Level 1:colcon.colcon_core.package_identification:_identify(.) by extension 'python_setup_py'
[3.723s] Level 1:colcon.colcon_core.package_identification:_identify(bag_files) by extensions ['ignore', 'ignore_ament_install']
[3.723s] Level 1:colcon.colcon_core.package_identification:_identify(bag_files) by extension 'ignore'
[3.723s] Level 1:colcon.colcon_core.package_identification:_identify(bag_files) by extension 'ignore_ament_install'
[3.723s] Level 1:colcon.colcon_core.package_identification:_identify(bag_files) by extensions ['colcon_pkg']
[3.723s] Level 1:colcon.colcon_core.package_identification:_identify(bag_files) by extension 'colcon_pkg'
[3.723s] Level 1:colcon.colcon_core.package_identification:_identify(bag_files) by extensions ['colcon_meta']
[3.723s] Level 1:colcon.colcon_core.package_identification:_identify(bag_files) by extension 'colcon_meta'
[3.723s] Level 1:colcon.colcon_core.package_identification:_identify(bag_files) by extensions ['ros']
[3.723s] Level 1:colcon.colcon_core.package_identification:_identify(bag_files) by extension 'ros'
[3.723s] Level 1:colcon.colcon_core.package_identification:_identify(bag_files) by extensions ['cmake', 'python']
[3.723s] Level 1:colcon.colcon_core.package_identification:_identify(bag_files) by extension 'cmake'
[3.723s] Level 1:colcon.colcon_core.package_identification:_identify(bag_files) by extension 'python'
[3.723s] Level 1:colcon.colcon_core.package_identification:_identify(bag_files) by extensions ['python_setup_py']
[3.723s] Level 1:colcon.colcon_core.package_identification:_identify(bag_files) by extension 'python_setup_py'
[3.723s] Level 1:colcon.colcon_core.package_identification:_identify(bag_files/rosbag2_2022_03_27-12_31_46) by extensions ['ignore', 'ignore_ament_install']
[3.723s] Level 1:colcon.colcon_core.package_identification:_identify(bag_files/rosbag2_2022_03_27-12_31_46) by extension 'ignore'
[3.724s] Level 1:colcon.colcon_core.package_identification:_identify(bag_files/rosbag2_2022_03_27-12_31_46) by extension 'ignore_ament_install'
[3.724s] Level 1:colcon.colcon_core.package_identification:_identify(bag_files/rosbag2_2022_03_27-12_31_46) by extensions ['colcon_pkg']
[3.724s] Level 1:colcon.colcon_core.package_identification:_identify(bag_files/rosbag2_2022_03_27-12_31_46) by extension 'colcon_pkg'
[3.724s] Level 1:colcon.colcon_core.package_identification:_identify(bag_files/rosbag2_2022_03_27-12_31_46) by extensions ['colcon_meta']
[3.724s] Level 1:colcon.colcon_core.package_identification:_identify(bag_files/rosbag2_2022_03_27-12_31_46) by extension 'colcon_meta'
[3.724s] Level 1:colcon.colcon_core.package_identification:_identify(bag_files/rosbag2_2022_03_27-12_31_46) by extensions ['ros']
[3.724s] Level 1:colcon.colcon_core.package_identification:_identify(bag_files/rosbag2_2022_03_27-12_31_46) by extension 'ros'
[3.724s] Level 1:colcon.colcon_core.package_identification:_identify(bag_files/rosbag2_2022_03_27-12_31_46) by extensions ['cmake', 'python']
[3.724s] Level 1:colcon.colcon_core.package_identification:_identify(bag_files/rosbag2_2022_03_27-12_31_46) by extension 'cmake'
[3.724s] Level 1:colcon.colcon_core.package_identification:_identify(bag_files/rosbag2_2022_03_27-12_31_46) by extension 'python'
[3.724s] Level 1:colcon.colcon_core.package_identification:_identify(bag_files/rosbag2_2022_03_27-12_31_46) by extensions ['python_setup_py']
[3.724s] Level 1:colcon.colcon_core.package_identification:_identify(bag_files/rosbag2_2022_03_27-12_31_46) by extension 'python_setup_py'
[3.724s] Level 1:colcon.colcon_core.package_identification:_identify(bag_files/subset) by extensions ['ignore', 'ignore_ament_install']
[3.724s] Level 1:colcon.colcon_core.package_identification:_identify(bag_files/subset) by extension 'ignore'
[3.724s] Level 1:colcon.colcon_core.package_identification:_identify(bag_files/subset) by extension 'ignore_ament_install'
[3.724s] Level 1:colcon.colcon_core.package_identification:_identify(bag_files/subset) by extensions ['colcon_pkg']
[3.724s] Level 1:colcon.colcon_core.package_identification:_identify(bag_files/subset) by extension 'colcon_pkg'
[3.724s] Level 1:colcon.colcon_core.package_identification:_identify(bag_files/subset) by extensions ['colcon_meta']
[3.724s] Level 1:colcon.colcon_core.package_identification:_identify(bag_files/subset) by extension 'colcon_meta'
[3.724s] Level 1:colcon.colcon_core.package_identification:_identify(bag_files/subset) by extensions ['ros']
[3.724s] Level 1:colcon.colcon_core.package_identification:_identify(bag_files/subset) by extension 'ros'
[3.725s] Level 1:colcon.colcon_core.package_identification:_identify(bag_files/subset) by extensions ['cmake', 'python']
[3.725s] Level 1:colcon.colcon_core.package_identification:_identify(bag_files/subset) by extension 'cmake'
[3.725s] Level 1:colcon.colcon_core.package_identification:_identify(bag_files/subset) by extension 'python'
[3.725s] Level 1:colcon.colcon_core.package_identification:_identify(bag_files/subset) by extensions ['python_setup_py']
[3.725s] Level 1:colcon.colcon_core.package_identification:_identify(bag_files/subset) by extension 'python_setup_py'
[3.725s] Level 1:colcon.colcon_core.package_identification:_identify(build) by extensions ['ignore', 'ignore_ament_install']
[3.725s] Level 1:colcon.colcon_core.package_identification:_identify(build) by extension 'ignore'
[3.725s] Level 1:colcon.colcon_core.package_identification:_identify(build) ignored
[3.725s] Level 1:colcon.colcon_core.package_identification:_identify(install) by extensions ['ignore', 'ignore_ament_install']
[3.725s] Level 1:colcon.colcon_core.package_identification:_identify(install) by extension 'ignore'
[3.725s] Level 1:colcon.colcon_core.package_identification:_identify(install) ignored
[3.725s] Level 1:colcon.colcon_core.package_identification:_identify(log) by extensions ['ignore', 'ignore_ament_install']
[3.725s] Level 1:colcon.colcon_core.package_identification:_identify(log) by extension 'ignore'
[3.725s] Level 1:colcon.colcon_core.package_identification:_identify(log) ignored
[3.725s] Level 1:colcon.colcon_core.package_identification:_identify(src) by extensions ['ignore', 'ignore_ament_install']
[3.726s] Level 1:colcon.colcon_core.package_identification:_identify(src) by extension 'ignore'
[3.726s] Level 1:colcon.colcon_core.package_identification:_identify(src) by extension 'ignore_ament_install'
[3.726s] Level 1:colcon.colcon_core.package_identification:_identify(src) by extensions ['colcon_pkg']
[3.726s] Level 1:colcon.colcon_core.package_identification:_identify(src) by extension 'colcon_pkg'
[3.726s] Level 1:colcon.colcon_core.package_identification:_identify(src) by extensions ['colcon_meta']
[3.726s] Level 1:colcon.colcon_core.package_identification:_identify(src) by extension 'colcon_meta'
[3.726s] Level 1:colcon.colcon_core.package_identification:_identify(src) by extensions ['ros']
[3.726s] Level 1:colcon.colcon_core.package_identification:_identify(src) by extension 'ros'
[3.726s] Level 1:colcon.colcon_core.package_identification:_identify(src) by extensions ['cmake', 'python']
[3.726s] Level 1:colcon.colcon_core.package_identification:_identify(src) by extension 'cmake'
[3.726s] Level 1:colcon.colcon_core.package_identification:_identify(src) by extension 'python'
[3.726s] Level 1:colcon.colcon_core.package_identification:_identify(src) by extensions ['python_setup_py']
[3.726s] Level 1:colcon.colcon_core.package_identification:_identify(src) by extension 'python_setup_py'
[3.726s] Level 1:colcon.colcon_core.package_identification:_identify(src/cpp_pubsub) by extensions ['ignore', 'ignore_ament_install']
[3.726s] Level 1:colcon.colcon_core.package_identification:_identify(src/cpp_pubsub) by extension 'ignore'
[3.726s] Level 1:colcon.colcon_core.package_identification:_identify(src/cpp_pubsub) by extension 'ignore_ament_install'
[3.726s] Level 1:colcon.colcon_core.package_identification:_identify(src/cpp_pubsub) by extensions ['colcon_pkg']
[3.726s] Level 1:colcon.colcon_core.package_identification:_identify(src/cpp_pubsub) by extension 'colcon_pkg'
[3.726s] Level 1:colcon.colcon_core.package_identification:_identify(src/cpp_pubsub) by extensions ['colcon_meta']
[3.726s] Level 1:colcon.colcon_core.package_identification:_identify(src/cpp_pubsub) by extension 'colcon_meta'
[3.726s] Level 1:colcon.colcon_core.package_identification:_identify(src/cpp_pubsub) by extensions ['ros']
[3.726s] Level 1:colcon.colcon_core.package_identification:_identify(src/cpp_pubsub) by extension 'ros'
[3.728s] DEBUG:colcon.colcon_core.package_identification:Package 'src/cpp_pubsub' with type 'ros.ament_cmake' and name 'cpp_pubsub'
[3.729s] Level 1:colcon.colcon_core.package_identification:_identify(src/my_package) by extensions ['ignore', 'ignore_ament_install']
[3.729s] Level 1:colcon.colcon_core.package_identification:_identify(src/my_package) by extension 'ignore'
[3.729s] Level 1:colcon.colcon_core.package_identification:_identify(src/my_package) by extension 'ignore_ament_install'
[3.729s] Level 1:colcon.colcon_core.package_identification:_identify(src/my_package) by extensions ['colcon_pkg']
[3.729s] Level 1:colcon.colcon_core.package_identification:_identify(src/my_package) by extension 'colcon_pkg'
[3.729s] Level 1:colcon.colcon_core.package_identification:_identify(src/my_package) by extensions ['colcon_meta']
[3.729s] Level 1:colcon.colcon_core.package_identification:_identify(src/my_package) by extension 'colcon_meta'
[3.729s] Level 1:colcon.colcon_core.package_identification:_identify(src/my_package) by extensions ['ros']
[3.729s] Level 1:colcon.colcon_core.package_identification:_identify(src/my_package) by extension 'ros'
[3.729s] DEBUG:colcon.colcon_core.package_identification:Package 'src/my_package' with type 'ros.ament_cmake' and name 'my_package'
[3.729s] Level 1:colcon.colcon_core.package_identification:_identify(src/my_package_python) by extensions ['ignore', 'ignore_ament_install']
[3.729s] Level 1:colcon.colcon_core.package_identification:_identify(src/my_package_python) by extension 'ignore'
[3.729s] Level 1:colcon.colcon_core.package_identification:_identify(src/my_package_python) by extension 'ignore_ament_install'
[3.730s] Level 1:colcon.colcon_core.package_identification:_identify(src/my_package_python) by extensions ['colcon_pkg']
[3.730s] Level 1:colcon.colcon_core.package_identification:_identify(src/my_package_python) by extension 'colcon_pkg'
[3.730s] Level 1:colcon.colcon_core.package_identification:_identify(src/my_package_python) by extensions ['colcon_meta']
[3.730s] Level 1:colcon.colcon_core.package_identification:_identify(src/my_package_python) by extension 'colcon_meta'
[3.730s] Level 1:colcon.colcon_core.package_identification:_identify(src/my_package_python) by extensions ['ros']
[3.730s] Level 1:colcon.colcon_core.package_identification:_identify(src/my_package_python) by extension 'ros'
[3.730s] DEBUG:colcon.colcon_core.package_identification:Package 'src/my_package_python' with type 'ros.ament_python' and name 'my_package_python'
[3.730s] Level 1:colcon.colcon_core.package_identification:_identify(src/py_pubsub) by extensions ['ignore', 'ignore_ament_install']
[3.730s] Level 1:colcon.colcon_core.package_identification:_identify(src/py_pubsub) by extension 'ignore'
[3.730s] Level 1:colcon.colcon_core.package_identification:_identify(src/py_pubsub) by extension 'ignore_ament_install'
[3.730s] Level 1:colcon.colcon_core.package_identification:_identify(src/py_pubsub) by extensions ['colcon_pkg']
[3.730s] Level 1:colcon.colcon_core.package_identification:_identify(src/py_pubsub) by extension 'colcon_pkg'
[3.730s] Level 1:colcon.colcon_core.package_identification:_identify(src/py_pubsub) by extensions ['colcon_meta']
[3.730s] Level 1:colcon.colcon_core.package_identification:_identify(src/py_pubsub) by extension 'colcon_meta'
[3.730s] Level 1:colcon.colcon_core.package_identification:_identify(src/py_pubsub) by extensions ['ros']
[3.731s] Level 1:colcon.colcon_core.package_identification:_identify(src/py_pubsub) by extension 'ros'
[3.731s] DEBUG:colcon.colcon_core.package_identification:Package 'src/py_pubsub' with type 'ros.ament_python' and name 'py_pubsub'
[3.731s] Level 1:colcon.colcon_core.package_identification:_identify(src/ros_tutorials) by extensions ['ignore', 'ignore_ament_install']
[3.731s] Level 1:colcon.colcon_core.package_identification:_identify(src/ros_tutorials) by extension 'ignore'
[3.731s] Level 1:colcon.colcon_core.package_identification:_identify(src/ros_tutorials) by extension 'ignore_ament_install'
[3.731s] Level 1:colcon.colcon_core.package_identification:_identify(src/ros_tutorials) by extensions ['colcon_pkg']
[3.731s] Level 1:colcon.colcon_core.package_identification:_identify(src/ros_tutorials) by extension 'colcon_pkg'
[3.731s] Level 1:colcon.colcon_core.package_identification:_identify(src/ros_tutorials) by extensions ['colcon_meta']
[3.731s] Level 1:colcon.colcon_core.package_identification:_identify(src/ros_tutorials) by extension 'colcon_meta'
[3.731s] Level 1:colcon.colcon_core.package_identification:_identify(src/ros_tutorials) by extensions ['ros']
[3.731s] Level 1:colcon.colcon_core.package_identification:_identify(src/ros_tutorials) by extension 'ros'
[3.731s] Level 1:colcon.colcon_core.package_identification:_identify(src/ros_tutorials) by extensions ['cmake', 'python']
[3.731s] Level 1:colcon.colcon_core.package_identification:_identify(src/ros_tutorials) by extension 'cmake'
[3.731s] Level 1:colcon.colcon_core.package_identification:_identify(src/ros_tutorials) by extension 'python'
[3.732s] Level 1:colcon.colcon_core.package_identification:_identify(src/ros_tutorials) by extensions ['python_setup_py']
[3.732s] Level 1:colcon.colcon_core.package_identification:_identify(src/ros_tutorials) by extension 'python_setup_py'
[3.732s] Level 1:colcon.colcon_core.package_identification:_identify(src/ros_tutorials/ros_tutorials) by extensions ['ignore', 'ignore_ament_install']
[3.732s] Level 1:colcon.colcon_core.package_identification:_identify(src/ros_tutorials/ros_tutorials) by extension 'ignore'
[3.732s] Level 1:colcon.colcon_core.package_identification:_identify(src/ros_tutorials/ros_tutorials) ignored
[3.732s] Level 1:colcon.colcon_core.package_identification:_identify(src/ros_tutorials/roscpp_tutorials) by extensions ['ignore', 'ignore_ament_install']
[3.732s] Level 1:colcon.colcon_core.package_identification:_identify(src/ros_tutorials/roscpp_tutorials) by extension 'ignore'
[3.732s] Level 1:colcon.colcon_core.package_identification:_identify(src/ros_tutorials/roscpp_tutorials) ignored
[3.732s] Level 1:colcon.colcon_core.package_identification:_identify(src/ros_tutorials/rospy_tutorials) by extensions ['ignore', 'ignore_ament_install']
[3.732s] Level 1:colcon.colcon_core.package_identification:_identify(src/ros_tutorials/rospy_tutorials) by extension 'ignore'
[3.732s] Level 1:colcon.colcon_core.package_identification:_identify(src/ros_tutorials/rospy_tutorials) ignored
[3.732s] Level 1:colcon.colcon_core.package_identification:_identify(src/ros_tutorials/turtlesim) by extensions ['ignore', 'ignore_ament_install']
[3.732s] Level 1:colcon.colcon_core.package_identification:_identify(src/ros_tutorials/turtlesim) by extension 'ignore'
[3.732s] Level 1:colcon.colcon_core.package_identification:_identify(src/ros_tutorials/turtlesim) by extension 'ignore_ament_install'
[3.732s] Level 1:colcon.colcon_core.package_identification:_identify(src/ros_tutorials/turtlesim) by extensions ['colcon_pkg']
[3.733s] Level 1:colcon.colcon_core.package_identification:_identify(src/ros_tutorials/turtlesim) by extension 'colcon_pkg'
[3.733s] Level 1:colcon.colcon_core.package_identification:_identify(src/ros_tutorials/turtlesim) by extensions ['colcon_meta']
[3.733s] Level 1:colcon.colcon_core.package_identification:_identify(src/ros_tutorials/turtlesim) by extension 'colcon_meta'
[3.733s] Level 1:colcon.colcon_core.package_identification:_identify(src/ros_tutorials/turtlesim) by extensions ['ros']
[3.733s] Level 1:colcon.colcon_core.package_identification:_identify(src/ros_tutorials/turtlesim) by extension 'ros'
[3.734s] DEBUG:colcon.colcon_core.package_identification:Package 'src/ros_tutorials/turtlesim' with type 'ros.ament_cmake' and name 'turtlesim'
[3.734s] Level 1:colcon.colcon_core.package_discovery:discover_packages(recursive) using defaults
[3.734s] Level 1:colcon.colcon_core.package_discovery:discover_packages(ignore) discover
[3.734s] Level 1:colcon.colcon_core.package_discovery:discover_packages(ignore) using defaults
[3.734s] Level 1:colcon.colcon_core.package_discovery:discover_packages(path) discover
[3.734s] Level 1:colcon.colcon_core.package_discovery:discover_packages(path) using defaults
[4.732s] INFO:colcon.colcon_core.package_selection:Skipping not selected package 'cpp_pubsub' in 'src/cpp_pubsub'
[4.732s] INFO:colcon.colcon_core.package_selection:Skipping not selected package 'my_package' in 'src/my_package'
[4.732s] INFO:colcon.colcon_core.package_selection:Skipping not selected package 'my_package_python' in 'src/my_package_python'
[4.732s] INFO:colcon.colcon_core.package_selection:Skipping not selected package 'turtlesim' in 'src/ros_tutorials/turtlesim'
[4.734s] Level 5:colcon.colcon_core.verb:set package 'py_pubsub' build argument 'cmake_args' from command line to 'None'
[4.734s] Level 5:colcon.colcon_core.verb:set package 'py_pubsub' build argument 'cmake_target' from command line to 'None'
[4.734s] Level 5:colcon.colcon_core.verb:set package 'py_pubsub' build argument 'cmake_target_skip_unavailable' from command line to 'False'
[4.734s] Level 5:colcon.colcon_core.verb:set package 'py_pubsub' build argument 'cmake_clean_cache' from command line to 'False'
[4.734s] Level 5:colcon.colcon_core.verb:set package 'py_pubsub' build argument 'cmake_clean_first' from command line to 'False'
[4.734s] Level 5:colcon.colcon_core.verb:set package 'py_pubsub' build argument 'cmake_force_configure' from command line to 'False'
[4.734s] Level 5:colcon.colcon_core.verb:set package 'py_pubsub' build argument 'ament_cmake_args' from command line to 'None'
[4.735s] Level 5:colcon.colcon_core.verb:set package 'py_pubsub' build argument 'catkin_cmake_args' from command line to 'None'
[4.735s] Level 5:colcon.colcon_core.verb:set package 'py_pubsub' build argument 'catkin_skip_building_tests' from command line to 'False'
[4.735s] DEBUG:colcon.colcon_core.verb:Building package 'py_pubsub' with the following arguments: {'ament_cmake_args': None, 'build_base': '/home/dayvson/ros2_study_ws/build/py_pubsub', 'catkin_cmake_args': None, 'catkin_skip_building_tests': False, 'cmake_args': None, 'cmake_clean_cache': False, 'cmake_clean_first': False, 'cmake_force_configure': False, 'cmake_target': None, 'cmake_target_skip_unavailable': False, 'install_base': '/home/dayvson/ros2_study_ws/install/py_pubsub', 'merge_install': False, 'path': '/home/dayvson/ros2_study_ws/src/py_pubsub', 'symlink_install': False, 'test_result_base': None}
[4.798s] INFO:colcon.colcon_core.executor:Executing jobs using 'parallel' executor
[4.808s] DEBUG:colcon.colcon_parallel_executor.executor.parallel:run_until_complete
[4.809s] INFO:colcon.colcon_ros.task.ament_python.build:Building ROS package in '/home/dayvson/ros2_study_ws/src/py_pubsub' with build type 'ament_python'
[4.810s] Level 1:colcon.colcon_core.shell:create_environment_hook('py_pubsub', 'ament_prefix_path')
[4.863s] INFO:colcon.colcon_core.plugin_system:Skipping extension 'colcon_core.shell.bat': Not used on non-Windows systems
[4.864s] INFO:colcon.colcon_core.shell:Creating environment hook '/home/dayvson/ros2_study_ws/install/py_pubsub/share/py_pubsub/hook/ament_prefix_path.ps1'
[4.905s] INFO:colcon.colcon_core.shell:Creating environment descriptor '/home/dayvson/ros2_study_ws/install/py_pubsub/share/py_pubsub/hook/ament_prefix_path.dsv'
[4.908s] INFO:colcon.colcon_core.shell:Creating environment hook '/home/dayvson/ros2_study_ws/install/py_pubsub/share/py_pubsub/hook/ament_prefix_path.sh'
[4.946s] INFO:colcon.colcon_core.shell:Skip shell extension 'powershell' for command environment: Not usable outside of PowerShell
[4.947s] DEBUG:colcon.colcon_core.shell:Skip shell extension 'dsv' for command environment
[5.577s] INFO:colcon.colcon_core.task.python.build:Building Python package in '/home/dayvson/ros2_study_ws/src/py_pubsub'
[5.578s] INFO:colcon.colcon_core.shell:Skip shell extension 'powershell' for command environment: Not usable outside of PowerShell
[5.578s] DEBUG:colcon.colcon_core.shell:Skip shell extension 'dsv' for command environment
[15.279s] DEBUG:colcon.colcon_core.event_handler.log_command:Invoking command in '/home/dayvson/ros2_study_ws/src/py_pubsub': PYTHONPATH=/home/dayvson/ros2_study_ws/install/py_pubsub/lib/python3.8/site-packages:${PYTHONPATH} /usr/bin/python3 setup.py egg_info --egg-base ../../build/py_pubsub build --build-base /home/dayvson/ros2_study_ws/build/py_pubsub/build install --prefix /home/dayvson/ros2_study_ws/install/py_pubsub --record /home/dayvson/ros2_study_ws/build/py_pubsub/install.log --single-version-externally-managed
[16.571s] DEBUG:colcon.colcon_core.event_handler.log_command:Invoked command in '/home/dayvson/ros2_study_ws/src/py_pubsub' returned '0': PYTHONPATH=/home/dayvson/ros2_study_ws/install/py_pubsub/lib/python3.8/site-packages:${PYTHONPATH} /usr/bin/python3 setup.py egg_info --egg-base ../../build/py_pubsub build --build-base /home/dayvson/ros2_study_ws/build/py_pubsub/build install --prefix /home/dayvson/ros2_study_ws/install/py_pubsub --record /home/dayvson/ros2_study_ws/build/py_pubsub/install.log --single-version-externally-managed
[17.165s] Level 1:colcon.colcon_core.environment:checking '/home/dayvson/ros2_study_ws/install/py_pubsub' for CMake module files
[17.166s] Level 1:colcon.colcon_core.environment:checking '/home/dayvson/ros2_study_ws/install/py_pubsub' for CMake config files
[17.168s] Level 1:colcon.colcon_core.environment:checking '/home/dayvson/ros2_study_ws/install/py_pubsub/lib'
[17.168s] Level 1:colcon.colcon_core.environment:checking '/home/dayvson/ros2_study_ws/install/py_pubsub/bin'
[17.168s] Level 1:colcon.colcon_core.environment:checking '/home/dayvson/ros2_study_ws/install/py_pubsub/lib/pkgconfig/py_pubsub.pc'
[17.168s] Level 1:colcon.colcon_core.environment:checking '/home/dayvson/ros2_study_ws/install/py_pubsub/lib/python3.8/site-packages'
[17.168s] Level 1:colcon.colcon_core.shell:create_environment_hook('py_pubsub', 'pythonpath')
[17.169s] INFO:colcon.colcon_core.shell:Creating environment hook '/home/dayvson/ros2_study_ws/install/py_pubsub/share/py_pubsub/hook/pythonpath.ps1'
[17.169s] INFO:colcon.colcon_core.shell:Creating environment descriptor '/home/dayvson/ros2_study_ws/install/py_pubsub/share/py_pubsub/hook/pythonpath.dsv'
[17.169s] INFO:colcon.colcon_core.shell:Creating environment hook '/home/dayvson/ros2_study_ws/install/py_pubsub/share/py_pubsub/hook/pythonpath.sh'
[17.170s] Level 1:colcon.colcon_core.environment:create_environment_scripts_only(py_pubsub)
[17.170s] INFO:colcon.colcon_core.shell:Creating package script '/home/dayvson/ros2_study_ws/install/py_pubsub/share/py_pubsub/package.ps1'
[17.233s] INFO:colcon.colcon_core.shell:Creating package descriptor '/home/dayvson/ros2_study_ws/install/py_pubsub/share/py_pubsub/package.dsv'
[17.311s] INFO:colcon.colcon_core.shell:Creating package script '/home/dayvson/ros2_study_ws/install/py_pubsub/share/py_pubsub/package.sh'
[17.315s] INFO:colcon.colcon_core.shell:Creating package script '/home/dayvson/ros2_study_ws/install/py_pubsub/share/py_pubsub/package.bash'
[17.376s] INFO:colcon.colcon_core.shell:Creating package script '/home/dayvson/ros2_study_ws/install/py_pubsub/share/py_pubsub/package.zsh'
[17.379s] Level 1:colcon.colcon_core.environment:create_file_with_runtime_dependencies(/home/dayvson/ros2_study_ws/install/py_pubsub/share/colcon-core/packages/py_pubsub)
[17.381s] DEBUG:colcon.colcon_parallel_executor.executor.parallel:closing loop
[17.382s] DEBUG:colcon.colcon_parallel_executor.executor.parallel:loop closed
[17.382s] DEBUG:colcon.colcon_parallel_executor.executor.parallel:run_until_complete finished with '0'
[17.383s] DEBUG:colcon.colcon_core.event_reactor:joining thread
[17.464s] INFO:colcon.colcon_core.plugin_system:Skipping extension 'colcon_notification.desktop_notification.terminal_notifier': Not used on non-Darwin systems
[17.464s] INFO:colcon.colcon_core.plugin_system:Skipping extension 'colcon_notification.desktop_notification.win32': Not used on non-Windows systems
[17.464s] INFO:colcon.colcon_notification.desktop_notification:Sending desktop notification using 'notify2'
[17.621s] DEBUG:colcon.colcon_core.event_reactor:joined thread
[17.624s] INFO:colcon.colcon_core.shell:Creating prefix script '/home/dayvson/ros2_study_ws/install/local_setup.ps1'
[17.653s] INFO:colcon.colcon_core.shell:Creating prefix util module '/home/dayvson/ros2_study_ws/install/_local_setup_util_ps1.py'
[17.699s] INFO:colcon.colcon_core.shell:Creating prefix chain script '/home/dayvson/ros2_study_ws/install/setup.ps1'
[17.704s] INFO:colcon.colcon_core.shell:Creating prefix script '/home/dayvson/ros2_study_ws/install/local_setup.sh'
[17.707s] INFO:colcon.colcon_core.shell:Creating prefix util module '/home/dayvson/ros2_study_ws/install/_local_setup_util_sh.py'
[17.708s] INFO:colcon.colcon_core.shell:Creating prefix chain script '/home/dayvson/ros2_study_ws/install/setup.sh'
[17.713s] INFO:colcon.colcon_core.shell:Creating prefix script '/home/dayvson/ros2_study_ws/install/local_setup.bash'
[17.749s] INFO:colcon.colcon_core.shell:Creating prefix chain script '/home/dayvson/ros2_study_ws/install/setup.bash'
[17.758s] INFO:colcon.colcon_core.shell:Creating prefix script '/home/dayvson/ros2_study_ws/install/local_setup.zsh'
[17.760s] INFO:colcon.colcon_core.shell:Creating prefix chain script '/home/dayvson/ros2_study_ws/install/setup.zsh'
