[0.019s] Invoking command in '/home/dayvson/ros2_study_ws/build/cpp_pubsub': CMAKE_PREFIX_PATH=${CMAKE_PREFIX_PATH}:/home/dayvson/ros2_study_ws/install/my_package_python:/opt/ros/galactic /usr/bin/cmake --build /home/dayvson/ros2_study_ws/build/cpp_pubsub -- -j12 -l12
[1.345s] -- Found ament_cmake: 1.1.5 (/opt/ros/galactic/share/ament_cmake/cmake)
[1.392s] -- Using PYTHON_EXECUTABLE: /usr/bin/python3
[1.515s] -- Found rclcpp: 9.2.0 (/opt/ros/galactic/share/rclcpp/cmake)
[1.754s] -- Using all available rosidl_typesupport_c: rosidl_typesupport_fastrtps_c;rosidl_typesupport_introspection_c
[1.767s] -- Found rosidl_adapter: 2.2.1 (/opt/ros/galactic/share/rosidl_adapter/cmake)
[2.068s] -- Using all available rosidl_typesupport_cpp: rosidl_typesupport_fastrtps_cpp;rosidl_typesupport_introspection_cpp
[2.171s] -- Found rmw_implementation_cmake: 3.3.1 (/opt/ros/galactic/share/rmw_implementation_cmake/cmake)
[2.176s] -- Found rmw_cyclonedds_cpp: 0.22.4 (/opt/ros/galactic/share/rmw_cyclonedds_cpp/cmake)
[2.209s] -- Using RMW implementation 'rmw_cyclonedds_cpp' as default
[2.459s] -- Found ament_lint_auto: 0.10.6 (/opt/ros/galactic/share/ament_lint_auto/cmake)
[2.587s] -- Added test 'copyright' to check source files copyright and LICENSE
[2.590s] -- Added test 'cppcheck' to perform static code analysis on C / C++ code
[2.591s] -- Configured cppcheck include dirs: 
[2.591s] -- Configured cppcheck exclude dirs and/or files: 
[2.593s] -- Added test 'cpplint' to check C / C++ code against the Google style
[2.594s] -- Configured cpplint exclude dirs and/or files: 
[2.596s] -- Added test 'lint_cmake' to check CMake code style
[2.599s] -- Added test 'uncrustify' to check C / C++ code style
[2.599s] -- Configured uncrustify additional arguments: 
[2.601s] -- Added test 'xmllint' to check XML markup files
[2.609s] -- Configuring done
[2.653s] -- Generating done
[2.659s] -- Build files have been written to: /home/dayvson/ros2_study_ws/build/cpp_pubsub
[2.706s] [35m[1mScanning dependencies of target listener[0m
[2.740s] [ 50%] Built target talker
[2.777s] [ 75%] [32mBuilding CXX object CMakeFiles/listener.dir/src/subscriber_member_function.cpp.o[0m
[11.967s] [100%] [32m[1mLinking CXX executable listener[0m
[12.387s] [100%] Built target listener
[12.401s] Invoked command in '/home/dayvson/ros2_study_ws/build/cpp_pubsub' returned '0': CMAKE_PREFIX_PATH=${CMAKE_PREFIX_PATH}:/home/dayvson/ros2_study_ws/install/my_package_python:/opt/ros/galactic /usr/bin/cmake --build /home/dayvson/ros2_study_ws/build/cpp_pubsub -- -j12 -l12
[12.468s] Invoking command in '/home/dayvson/ros2_study_ws/build/cpp_pubsub': CMAKE_PREFIX_PATH=${CMAKE_PREFIX_PATH}:/home/dayvson/ros2_study_ws/install/my_package_python:/opt/ros/galactic /usr/bin/cmake --install /home/dayvson/ros2_study_ws/build/cpp_pubsub
[12.482s] -- Install configuration: ""
[12.483s] -- Up-to-date: /home/dayvson/ros2_study_ws/install/cpp_pubsub/lib/cpp_pubsub/talker
[12.483s] -- Installing: /home/dayvson/ros2_study_ws/install/cpp_pubsub/lib/cpp_pubsub/listener
[12.488s] -- Set runtime path of "/home/dayvson/ros2_study_ws/install/cpp_pubsub/lib/cpp_pubsub/listener" to ""
[12.601s] -- Up-to-date: /home/dayvson/ros2_study_ws/install/cpp_pubsub/share/ament_index/resource_index/package_run_dependencies/cpp_pubsub
[12.602s] -- Installing: /home/dayvson/ros2_study_ws/install/cpp_pubsub/share/ament_index/resource_index/parent_prefix_path/cpp_pubsub
[12.657s] -- Up-to-date: /home/dayvson/ros2_study_ws/install/cpp_pubsub/share/cpp_pubsub/environment/ament_prefix_path.sh
[12.657s] -- Installing: /home/dayvson/ros2_study_ws/install/cpp_pubsub/share/cpp_pubsub/environment/ament_prefix_path.dsv
[12.660s] -- Up-to-date: /home/dayvson/ros2_study_ws/install/cpp_pubsub/share/cpp_pubsub/environment/path.sh
[12.660s] -- Installing: /home/dayvson/ros2_study_ws/install/cpp_pubsub/share/cpp_pubsub/environment/path.dsv
[12.661s] -- Up-to-date: /home/dayvson/ros2_study_ws/install/cpp_pubsub/share/cpp_pubsub/local_setup.bash
[12.662s] -- Up-to-date: /home/dayvson/ros2_study_ws/install/cpp_pubsub/share/cpp_pubsub/local_setup.sh
[12.662s] -- Up-to-date: /home/dayvson/ros2_study_ws/install/cpp_pubsub/share/cpp_pubsub/local_setup.zsh
[12.662s] -- Installing: /home/dayvson/ros2_study_ws/install/cpp_pubsub/share/cpp_pubsub/local_setup.dsv
[12.662s] -- Installing: /home/dayvson/ros2_study_ws/install/cpp_pubsub/share/cpp_pubsub/package.dsv
[12.663s] -- Up-to-date: /home/dayvson/ros2_study_ws/install/cpp_pubsub/share/ament_index/resource_index/packages/cpp_pubsub
[12.663s] -- Up-to-date: /home/dayvson/ros2_study_ws/install/cpp_pubsub/share/cpp_pubsub/cmake/cpp_pubsubConfig.cmake
[12.664s] -- Up-to-date: /home/dayvson/ros2_study_ws/install/cpp_pubsub/share/cpp_pubsub/cmake/cpp_pubsubConfig-version.cmake
[12.664s] -- Installing: /home/dayvson/ros2_study_ws/install/cpp_pubsub/share/cpp_pubsub/package.xml
[12.687s] Invoked command in '/home/dayvson/ros2_study_ws/build/cpp_pubsub' returned '0': CMAKE_PREFIX_PATH=${CMAKE_PREFIX_PATH}:/home/dayvson/ros2_study_ws/install/my_package_python:/opt/ros/galactic /usr/bin/cmake --install /home/dayvson/ros2_study_ws/build/cpp_pubsub
