running egg_info
creating ../build/my_package_python/my_package_python.egg-info
writing ../build/my_package_python/my_package_python.egg-info/PKG-INFO
writing dependency_links to ../build/my_package_python/my_package_python.egg-info/dependency_links.txt
writing entry points to ../build/my_package_python/my_package_python.egg-info/entry_points.txt
writing requirements to ../build/my_package_python/my_package_python.egg-info/requires.txt
writing top-level names to ../build/my_package_python/my_package_python.egg-info/top_level.txt
writing manifest file '../build/my_package_python/my_package_python.egg-info/SOURCES.txt'
reading manifest file '../build/my_package_python/my_package_python.egg-info/SOURCES.txt'
writing manifest file '../build/my_package_python/my_package_python.egg-info/SOURCES.txt'
running build
running build_py
creating /home/dayvson/ros2_study_ws/build/my_package_python/build
creating /home/dayvson/ros2_study_ws/build/my_package_python/build/lib
creating /home/dayvson/ros2_study_ws/build/my_package_python/build/lib/my_package_python
copying my_package_python/__init__.py -> /home/dayvson/ros2_study_ws/build/my_package_python/build/lib/my_package_python
copying my_package_python/my_node.py -> /home/dayvson/ros2_study_ws/build/my_package_python/build/lib/my_package_python
running install
running install_lib
creating /home/dayvson/ros2_study_ws/install/my_package_python/lib/python3.8/site-packages/my_package_python
copying /home/dayvson/ros2_study_ws/build/my_package_python/build/lib/my_package_python/__init__.py -> /home/dayvson/ros2_study_ws/install/my_package_python/lib/python3.8/site-packages/my_package_python
copying /home/dayvson/ros2_study_ws/build/my_package_python/build/lib/my_package_python/my_node.py -> /home/dayvson/ros2_study_ws/install/my_package_python/lib/python3.8/site-packages/my_package_python
byte-compiling /home/dayvson/ros2_study_ws/install/my_package_python/lib/python3.8/site-packages/my_package_python/__init__.py to __init__.cpython-38.pyc
byte-compiling /home/dayvson/ros2_study_ws/install/my_package_python/lib/python3.8/site-packages/my_package_python/my_node.py to my_node.cpython-38.pyc
running install_data
creating /home/dayvson/ros2_study_ws/install/my_package_python/share/ament_index
creating /home/dayvson/ros2_study_ws/install/my_package_python/share/ament_index/resource_index
creating /home/dayvson/ros2_study_ws/install/my_package_python/share/ament_index/resource_index/packages
copying resource/my_package_python -> /home/dayvson/ros2_study_ws/install/my_package_python/share/ament_index/resource_index/packages
copying package.xml -> /home/dayvson/ros2_study_ws/install/my_package_python/share/my_package_python
running install_egg_info
Copying ../build/my_package_python/my_package_python.egg-info to /home/dayvson/ros2_study_ws/install/my_package_python/lib/python3.8/site-packages/my_package_python-0.0.0-py3.8.egg-info
running install_scripts
Installing my_node script to /home/dayvson/ros2_study_ws/install/my_package_python/lib/my_package_python
writing list of installed files to '/home/dayvson/ros2_study_ws/build/my_package_python/install.log'
