[2.649s] Invoking command in '/home/dayvson/ros2_study_ws/src/my_package_python': PYTHONPATH=/home/dayvson/ros2_study_ws/install/my_package_python/lib/python3.8/site-packages:${PYTHONPATH} /usr/bin/python3 setup.py egg_info --egg-base ../../build/my_package_python build --build-base /home/dayvson/ros2_study_ws/build/my_package_python/build install --prefix /home/dayvson/ros2_study_ws/install/my_package_python --record /home/dayvson/ros2_study_ws/build/my_package_python/install.log --single-version-externally-managed
[3.491s] running egg_info
[3.546s] writing ../../build/my_package_python/my_package_python.egg-info/PKG-INFO
[3.578s] writing dependency_links to ../../build/my_package_python/my_package_python.egg-info/dependency_links.txt
[3.669s] writing entry points to ../../build/my_package_python/my_package_python.egg-info/entry_points.txt
[3.731s] writing requirements to ../../build/my_package_python/my_package_python.egg-info/requires.txt
[3.761s] writing top-level names to ../../build/my_package_python/my_package_python.egg-info/top_level.txt
[3.844s] reading manifest file '../../build/my_package_python/my_package_python.egg-info/SOURCES.txt'
[3.845s] writing manifest file '../../build/my_package_python/my_package_python.egg-info/SOURCES.txt'
[3.846s] running build
[3.846s] running build_py
[3.846s] running install
[3.847s] /home/dayvson/.local/lib/python3.8/site-packages/setuptools/command/install.py:34: SetuptoolsDeprecationWarning: setup.py install is deprecated. Use build and pip and other standards-based tools.
[3.847s]   warnings.warn(
[3.856s] running install_lib
[3.914s] running install_data
[3.939s] running install_egg_info
[3.993s] removing '/home/dayvson/ros2_study_ws/install/my_package_python/lib/python3.8/site-packages/my_package_python-0.0.0-py3.8.egg-info' (and everything under it)
[3.993s] Copying ../../build/my_package_python/my_package_python.egg-info to /home/dayvson/ros2_study_ws/install/my_package_python/lib/python3.8/site-packages/my_package_python-0.0.0-py3.8.egg-info
[3.995s] running install_scripts
[4.139s] Installing my_node script to /home/dayvson/ros2_study_ws/install/my_package_python/lib/my_package_python
[4.140s] writing list of installed files to '/home/dayvson/ros2_study_ws/build/my_package_python/install.log'
[4.174s] Invoked command in '/home/dayvson/ros2_study_ws/src/my_package_python' returned '0': PYTHONPATH=/home/dayvson/ros2_study_ws/install/my_package_python/lib/python3.8/site-packages:${PYTHONPATH} /usr/bin/python3 setup.py egg_info --egg-base ../../build/my_package_python build --build-base /home/dayvson/ros2_study_ws/build/my_package_python/build install --prefix /home/dayvson/ros2_study_ws/install/my_package_python --record /home/dayvson/ros2_study_ws/build/my_package_python/install.log --single-version-externally-managed
