[01m[K/home/dayvson/ros2_study_ws/src/cpp_pubsub/src/publisher_member_function.cpp:32:13:[m[K [01;31m[Kerror: [m[K‘[01m[KTImerBase[m[K’ in namespace ‘[01m[Krclcpp[m[K’ does not name a type; did you mean ‘[01m[KTimerBase[m[K’?
   32 |     rclcpp::[01;31m[KTImerBase[m[K::SharePtr timer_;
      |             [01;31m[K^~~~~~~~~[m[K
      |             [32m[KTimerBase[m[K
[01m[K/home/dayvson/ros2_study_ws/src/cpp_pubsub/src/publisher_member_function.cpp:33:47:[m[K [01;31m[Kerror: [m[K‘[01m[KSharePtr[m[K’ in ‘[01m[Kclass rclcpp::Publisher<std_msgs::msg::String_<std::allocator<void> > >[m[K’ does not name a type
   33 |     rclcpp::Publisher<std_msgs::msg::String>::[01;31m[KSharePtr[m[K publisher_;
      |                                               [01;31m[K^~~~~~~~[m[K
[01m[K/home/dayvson/ros2_study_ws/src/cpp_pubsub/src/publisher_member_function.cpp:[m[K In constructor ‘[01m[KMinimalPublisher::MinimalPublisher()[m[K’:
[01m[K/home/dayvson/ros2_study_ws/src/cpp_pubsub/src/publisher_member_function.cpp:20:9:[m[K [01;31m[Kerror: [m[K‘[01m[Kpublisher_[m[K’ was not declared in this scope; did you mean ‘[01m[Krcl_publisher_t[m[K’?
   20 |         [01;31m[Kpublisher_[m[K = this->create_publisher < std_msgs : msg::String > ("topic", 10);
      |         [01;31m[K^~~~~~~~~~[m[K
      |         [32m[Krcl_publisher_t[m[K
[01m[K/home/dayvson/ros2_study_ws/src/cpp_pubsub/src/publisher_member_function.cpp:20:56:[m[K [01;31m[Kerror: [m[Kfound ‘[01m[K:[m[K’ in nested-name-specifier, expected ‘[01m[K::[m[K’
   20 |         publisher_ = this->create_publisher < std_msgs [01;31m[K:[m[K msg::String > ("topic", 10);
      |                                                        [01;31m[K^[m[K
      |                                                        [32m[K::[m[K
[01m[K/home/dayvson/ros2_study_ws/src/cpp_pubsub/src/publisher_member_function.cpp:21:9:[m[K [01;31m[Kerror: [m[K‘[01m[Ktimer_[m[K’ was not declared in this scope; did you mean ‘[01m[Ktimer_t[m[K’?
   21 |         [01;31m[Ktimer_[m[K = this->create_wall_timer(500ms, std::bind(&MinimalPublisher::timer_callback, this));
      |         [01;31m[K^~~~~~[m[K
      |         [32m[Ktimer_t[m[K
[01m[K/home/dayvson/ros2_study_ws/src/cpp_pubsub/src/publisher_member_function.cpp:[m[K In member function ‘[01m[Kvoid MinimalPublisher::timer_callback()[m[K’:
[01m[K/home/dayvson/ros2_study_ws/src/cpp_pubsub/src/publisher_member_function.cpp:27:34:[m[K [01;31m[Kerror: [m[K‘[01m[Kstd_msgs::msgs[m[K’ has not been declared
   27 |         auto message = std_msgs::[01;31m[Kmsgs[m[K::String();
      |                                  [01;31m[K^~~~[m[K
[01m[K/home/dayvson/ros2_study_ws/src/cpp_pubsub/src/publisher_member_function.cpp:28:48:[m[K [01;31m[Kerror: [m[K‘[01m[Kto_strig[m[K’ is not a member of ‘[01m[Kstd[m[K’; did you mean ‘[01m[Kto_string[m[K’?
   28 |         message.data = "Hello, world! " + std::[01;31m[Kto_strig[m[K(count_++);
      |                                                [01;31m[K^~~~~~~~[m[K
      |                                                [32m[Kto_string[m[K
[01m[K/home/dayvson/ros2_study_ws/src/cpp_pubsub/src/publisher_member_function.cpp:30:9:[m[K [01;31m[Kerror: [m[K‘[01m[Kpublisher_[m[K’ was not declared in this scope; did you mean ‘[01m[Krcl_publisher_t[m[K’?
   30 |         [01;31m[Kpublisher_[m[K->publish(message);
      |         [01;31m[K^~~~~~~~~~[m[K
      |         [32m[Krcl_publisher_t[m[K
make[2]: *** [CMakeFiles/talker.dir/build.make:63: CMakeFiles/talker.dir/src/publisher_member_function.cpp.o] Error 1
make[1]: *** [CMakeFiles/Makefile2:78: CMakeFiles/talker.dir/all] Error 2
make: *** [Makefile:141: all] Error 2
