[0.058s] Invoking command in '/home/dayvson/ros2_study_ws/build/cpp_pubsub': CMAKE_PREFIX_PATH=${CMAKE_PREFIX_PATH}:/home/dayvson/ros2_study_ws/install/my_package_python:/opt/ros/galactic /usr/bin/cmake --build /home/dayvson/ros2_study_ws/build/cpp_pubsub -- -j12 -l12
[0.911s] [100%] Built target talker
[0.915s] Invoked command in '/home/dayvson/ros2_study_ws/build/cpp_pubsub' returned '0': CMAKE_PREFIX_PATH=${CMAKE_PREFIX_PATH}:/home/dayvson/ros2_study_ws/install/my_package_python:/opt/ros/galactic /usr/bin/cmake --build /home/dayvson/ros2_study_ws/build/cpp_pubsub -- -j12 -l12
[0.985s] Invoking command in '/home/dayvson/ros2_study_ws/build/cpp_pubsub': CMAKE_PREFIX_PATH=${CMAKE_PREFIX_PATH}:/home/dayvson/ros2_study_ws/install/my_package_python:/opt/ros/galactic /usr/bin/cmake --install /home/dayvson/ros2_study_ws/build/cpp_pubsub
[1.001s] -- Install configuration: ""
[1.002s] -- Up-to-date: /home/dayvson/ros2_study_ws/install/cpp_pubsub/lib/cpp_pubsub/talker
[1.002s] -- Up-to-date: /home/dayvson/ros2_study_ws/install/cpp_pubsub/share/ament_index/resource_index/package_run_dependencies/cpp_pubsub
[1.003s] -- Up-to-date: /home/dayvson/ros2_study_ws/install/cpp_pubsub/share/ament_index/resource_index/parent_prefix_path/cpp_pubsub
[1.003s] -- Up-to-date: /home/dayvson/ros2_study_ws/install/cpp_pubsub/share/cpp_pubsub/environment/ament_prefix_path.sh
[1.003s] -- Up-to-date: /home/dayvson/ros2_study_ws/install/cpp_pubsub/share/cpp_pubsub/environment/ament_prefix_path.dsv
[1.004s] -- Up-to-date: /home/dayvson/ros2_study_ws/install/cpp_pubsub/share/cpp_pubsub/environment/path.sh
[1.004s] -- Up-to-date: /home/dayvson/ros2_study_ws/install/cpp_pubsub/share/cpp_pubsub/environment/path.dsv
[1.004s] -- Up-to-date: /home/dayvson/ros2_study_ws/install/cpp_pubsub/share/cpp_pubsub/local_setup.bash
[1.004s] -- Up-to-date: /home/dayvson/ros2_study_ws/install/cpp_pubsub/share/cpp_pubsub/local_setup.sh
[1.004s] -- Up-to-date: /home/dayvson/ros2_study_ws/install/cpp_pubsub/share/cpp_pubsub/local_setup.zsh
[1.005s] -- Up-to-date: /home/dayvson/ros2_study_ws/install/cpp_pubsub/share/cpp_pubsub/local_setup.dsv
[1.005s] -- Installing: /home/dayvson/ros2_study_ws/install/cpp_pubsub/share/cpp_pubsub/package.dsv
[1.005s] -- Up-to-date: /home/dayvson/ros2_study_ws/install/cpp_pubsub/share/ament_index/resource_index/packages/cpp_pubsub
[1.005s] -- Up-to-date: /home/dayvson/ros2_study_ws/install/cpp_pubsub/share/cpp_pubsub/cmake/cpp_pubsubConfig.cmake
[1.005s] -- Up-to-date: /home/dayvson/ros2_study_ws/install/cpp_pubsub/share/cpp_pubsub/cmake/cpp_pubsubConfig-version.cmake
[1.006s] -- Up-to-date: /home/dayvson/ros2_study_ws/install/cpp_pubsub/share/cpp_pubsub/package.xml
[1.010s] Invoked command in '/home/dayvson/ros2_study_ws/build/cpp_pubsub' returned '0': CMAKE_PREFIX_PATH=${CMAKE_PREFIX_PATH}:/home/dayvson/ros2_study_ws/install/my_package_python:/opt/ros/galactic /usr/bin/cmake --install /home/dayvson/ros2_study_ws/build/cpp_pubsub
