[1.568s] Invoking command in '/home/dayvson/ros2_study_ws/src/my_package_python': PYTHONPATH=/home/dayvson/ros2_study_ws/install/my_package_python/lib/python3.8/site-packages:${PYTHONPATH} /usr/bin/python3 setup.py egg_info --egg-base ../../build/my_package_python build --build-base /home/dayvson/ros2_study_ws/build/my_package_python/build install --prefix /home/dayvson/ros2_study_ws/install/my_package_python --record /home/dayvson/ros2_study_ws/build/my_package_python/install.log --single-version-externally-managed
[2.138s] running egg_info
[2.175s] writing ../../build/my_package_python/my_package_python.egg-info/PKG-INFO
[2.196s] writing dependency_links to ../../build/my_package_python/my_package_python.egg-info/dependency_links.txt
[2.260s] writing entry points to ../../build/my_package_python/my_package_python.egg-info/entry_points.txt
[2.302s] writing requirements to ../../build/my_package_python/my_package_python.egg-info/requires.txt
[2.323s] writing top-level names to ../../build/my_package_python/my_package_python.egg-info/top_level.txt
[2.378s] reading manifest file '../../build/my_package_python/my_package_python.egg-info/SOURCES.txt'
[2.378s] writing manifest file '../../build/my_package_python/my_package_python.egg-info/SOURCES.txt'
[2.379s] running build
[2.379s] running build_py
[2.379s] running install
[2.379s] /home/dayvson/.local/lib/python3.8/site-packages/setuptools/command/install.py:34: SetuptoolsDeprecationWarning: setup.py install is deprecated. Use build and pip and other standards-based tools.
[2.379s]   warnings.warn(
[2.384s] running install_lib
[2.428s] running install_data
[2.444s] running install_egg_info
[2.483s] removing '/home/dayvson/ros2_study_ws/install/my_package_python/lib/python3.8/site-packages/my_package_python-0.0.0-py3.8.egg-info' (and everything under it)
[2.483s] Copying ../../build/my_package_python/my_package_python.egg-info to /home/dayvson/ros2_study_ws/install/my_package_python/lib/python3.8/site-packages/my_package_python-0.0.0-py3.8.egg-info
[2.483s] running install_scripts
[2.583s] Installing my_node script to /home/dayvson/ros2_study_ws/install/my_package_python/lib/my_package_python
[2.583s] writing list of installed files to '/home/dayvson/ros2_study_ws/build/my_package_python/install.log'
[2.609s] Invoked command in '/home/dayvson/ros2_study_ws/src/my_package_python' returned '0': PYTHONPATH=/home/dayvson/ros2_study_ws/install/my_package_python/lib/python3.8/site-packages:${PYTHONPATH} /usr/bin/python3 setup.py egg_info --egg-base ../../build/my_package_python build --build-base /home/dayvson/ros2_study_ws/build/my_package_python/build install --prefix /home/dayvson/ros2_study_ws/install/my_package_python --record /home/dayvson/ros2_study_ws/build/my_package_python/install.log --single-version-externally-managed
