[3.221s] Invoking command in '/home/dayvson/ros2_study_ws/src/my_package_python': PYTHONPATH=/home/dayvson/ros2_study_ws/install/my_package_python/lib/python3.8/site-packages:${PYTHONPATH} /usr/bin/python3 setup.py egg_info --egg-base ../../build/my_package_python build --build-base /home/dayvson/ros2_study_ws/build/my_package_python/build install --prefix /home/dayvson/ros2_study_ws/install/my_package_python --record /home/dayvson/ros2_study_ws/build/my_package_python/install.log --single-version-externally-managed
[4.260s] running egg_info
[4.328s] writing ../../build/my_package_python/my_package_python.egg-info/PKG-INFO
[4.366s] writing dependency_links to ../../build/my_package_python/my_package_python.egg-info/dependency_links.txt
[4.479s] writing entry points to ../../build/my_package_python/my_package_python.egg-info/entry_points.txt
[4.557s] writing requirements to ../../build/my_package_python/my_package_python.egg-info/requires.txt
[4.599s] writing top-level names to ../../build/my_package_python/my_package_python.egg-info/top_level.txt
[4.702s] reading manifest file '../../build/my_package_python/my_package_python.egg-info/SOURCES.txt'
[4.703s] writing manifest file '../../build/my_package_python/my_package_python.egg-info/SOURCES.txt'
[4.704s] running build
[4.704s] running build_py
[4.704s] running install
[4.705s] /home/dayvson/.local/lib/python3.8/site-packages/setuptools/command/install.py:34: SetuptoolsDeprecationWarning: setup.py install is deprecated. Use build and pip and other standards-based tools.
[4.705s]   warnings.warn(
[4.713s] running install_lib
[4.779s] running install_data
[4.804s] running install_egg_info
[4.862s] removing '/home/dayvson/ros2_study_ws/install/my_package_python/lib/python3.8/site-packages/my_package_python-0.0.0-py3.8.egg-info' (and everything under it)
[4.863s] Copying ../../build/my_package_python/my_package_python.egg-info to /home/dayvson/ros2_study_ws/install/my_package_python/lib/python3.8/site-packages/my_package_python-0.0.0-py3.8.egg-info
[4.864s] running install_scripts
[5.010s] Installing my_node script to /home/dayvson/ros2_study_ws/install/my_package_python/lib/my_package_python
[5.011s] writing list of installed files to '/home/dayvson/ros2_study_ws/build/my_package_python/install.log'
