[2.441s] Invoking command in '/home/dayvson/ros2_study_ws/src/py_srvcli': PYTHONPATH=/home/dayvson/ros2_study_ws/install/py_srvcli/lib/python3.8/site-packages:${PYTHONPATH} /usr/bin/python3 setup.py egg_info --egg-base ../../build/py_srvcli build --build-base /home/dayvson/ros2_study_ws/build/py_srvcli/build install --prefix /home/dayvson/ros2_study_ws/install/py_srvcli --record /home/dayvson/ros2_study_ws/build/py_srvcli/install.log --single-version-externally-managed
[3.037s] running egg_info
[3.038s] creating ../../build/py_srvcli/py_srvcli.egg-info
[3.073s] writing ../../build/py_srvcli/py_srvcli.egg-info/PKG-INFO
[3.094s] writing dependency_links to ../../build/py_srvcli/py_srvcli.egg-info/dependency_links.txt
[3.156s] writing entry points to ../../build/py_srvcli/py_srvcli.egg-info/entry_points.txt
[3.196s] writing requirements to ../../build/py_srvcli/py_srvcli.egg-info/requires.txt
[3.217s] writing top-level names to ../../build/py_srvcli/py_srvcli.egg-info/top_level.txt
[3.220s] writing manifest file '../../build/py_srvcli/py_srvcli.egg-info/SOURCES.txt'
[3.274s] reading manifest file '../../build/py_srvcli/py_srvcli.egg-info/SOURCES.txt'
[3.275s] writing manifest file '../../build/py_srvcli/py_srvcli.egg-info/SOURCES.txt'
[3.275s] running build
[3.275s] running build_py
[3.275s] creating /home/dayvson/ros2_study_ws/build/py_srvcli/build
[3.276s] creating /home/dayvson/ros2_study_ws/build/py_srvcli/build/lib
[3.276s] creating /home/dayvson/ros2_study_ws/build/py_srvcli/build/lib/py_srvcli
[3.276s] copying py_srvcli/service_member_function.py -> /home/dayvson/ros2_study_ws/build/py_srvcli/build/lib/py_srvcli
[3.278s] copying py_srvcli/__init__.py -> /home/dayvson/ros2_study_ws/build/py_srvcli/build/lib/py_srvcli
[3.278s] copying py_srvcli/client_member_function.py -> /home/dayvson/ros2_study_ws/build/py_srvcli/build/lib/py_srvcli
[3.278s] running install
[3.278s] /home/dayvson/.local/lib/python3.8/site-packages/setuptools/command/install.py:34: SetuptoolsDeprecationWarning: setup.py install is deprecated. Use build and pip and other standards-based tools.
[3.278s]   warnings.warn(
[3.283s] running install_lib
[3.328s] creating /home/dayvson/ros2_study_ws/install/py_srvcli/lib/python3.8/site-packages/py_srvcli
[3.328s] copying /home/dayvson/ros2_study_ws/build/py_srvcli/build/lib/py_srvcli/service_member_function.py -> /home/dayvson/ros2_study_ws/install/py_srvcli/lib/python3.8/site-packages/py_srvcli
[3.328s] copying /home/dayvson/ros2_study_ws/build/py_srvcli/build/lib/py_srvcli/__init__.py -> /home/dayvson/ros2_study_ws/install/py_srvcli/lib/python3.8/site-packages/py_srvcli
[3.328s] copying /home/dayvson/ros2_study_ws/build/py_srvcli/build/lib/py_srvcli/client_member_function.py -> /home/dayvson/ros2_study_ws/install/py_srvcli/lib/python3.8/site-packages/py_srvcli
[3.329s] byte-compiling /home/dayvson/ros2_study_ws/install/py_srvcli/lib/python3.8/site-packages/py_srvcli/service_member_function.py to service_member_function.cpython-38.pyc
[3.329s] byte-compiling /home/dayvson/ros2_study_ws/install/py_srvcli/lib/python3.8/site-packages/py_srvcli/__init__.py to __init__.cpython-38.pyc
[3.329s] byte-compiling /home/dayvson/ros2_study_ws/install/py_srvcli/lib/python3.8/site-packages/py_srvcli/client_member_function.py to client_member_function.cpython-38.pyc
[3.330s] running install_data
[3.347s] creating /home/dayvson/ros2_study_ws/install/py_srvcli/share/ament_index
[3.347s] creating /home/dayvson/ros2_study_ws/install/py_srvcli/share/ament_index/resource_index
[3.348s] creating /home/dayvson/ros2_study_ws/install/py_srvcli/share/ament_index/resource_index/packages
[3.348s] copying resource/py_srvcli -> /home/dayvson/ros2_study_ws/install/py_srvcli/share/ament_index/resource_index/packages
[3.348s] copying package.xml -> /home/dayvson/ros2_study_ws/install/py_srvcli/share/py_srvcli
[3.348s] running install_egg_info
[3.386s] Copying ../../build/py_srvcli/py_srvcli.egg-info to /home/dayvson/ros2_study_ws/install/py_srvcli/lib/python3.8/site-packages/py_srvcli-0.0.0-py3.8.egg-info
[3.387s] running install_scripts
[3.490s] Installing client script to /home/dayvson/ros2_study_ws/install/py_srvcli/lib/py_srvcli
[3.490s] Installing service script to /home/dayvson/ros2_study_ws/install/py_srvcli/lib/py_srvcli
[3.490s] writing list of installed files to '/home/dayvson/ros2_study_ws/build/py_srvcli/install.log'
[3.514s] Invoked command in '/home/dayvson/ros2_study_ws/src/py_srvcli' returned '0': PYTHONPATH=/home/dayvson/ros2_study_ws/install/py_srvcli/lib/python3.8/site-packages:${PYTHONPATH} /usr/bin/python3 setup.py egg_info --egg-base ../../build/py_srvcli build --build-base /home/dayvson/ros2_study_ws/build/py_srvcli/build install --prefix /home/dayvson/ros2_study_ws/install/py_srvcli --record /home/dayvson/ros2_study_ws/build/py_srvcli/install.log --single-version-externally-managed
