[0.382s] Invoking command in '/home/dayvson/ros2_study_ws/build/my_package': CMAKE_PREFIX_PATH=${CMAKE_PREFIX_PATH}:/opt/ros/galactic /usr/bin/cmake --build /home/dayvson/ros2_study_ws/build/my_package -- -j12 -l12
[1.203s] -- Found ament_cmake: 1.1.5 (/opt/ros/galactic/share/ament_cmake/cmake)
[1.226s] -- Using PYTHON_EXECUTABLE: /usr/bin/python3
[1.380s] -- Found ament_lint_auto: 0.10.6 (/opt/ros/galactic/share/ament_lint_auto/cmake)
[1.719s] -- Added test 'copyright' to check source files copyright and LICENSE
[1.720s] -- Added test 'cppcheck' to perform static code analysis on C / C++ code
[1.720s] -- Configured cppcheck include dirs: $<BUILD_INTERFACE:/home/dayvson/ros2_study_ws/src/my_package/include>
[1.720s] -- Configured cppcheck exclude dirs and/or files: 
[1.721s] -- Added test 'cpplint' to check C / C++ code against the Google style
[1.721s] -- Configured cpplint exclude dirs and/or files: 
[1.722s] -- Added test 'lint_cmake' to check CMake code style
[1.723s] -- Added test 'uncrustify' to check C / C++ code style
[1.723s] -- Configured uncrustify additional arguments: 
[1.723s] -- Added test 'xmllint' to check XML markup files
[2.741s] -- Configuring done
[3.335s] -- Generating done
[3.336s] -- Build files have been written to: /home/dayvson/ros2_study_ws/build/my_package
[3.369s] [100%] Built target my_node
[3.380s] Invoked command in '/home/dayvson/ros2_study_ws/build/my_package' returned '0': CMAKE_PREFIX_PATH=${CMAKE_PREFIX_PATH}:/opt/ros/galactic /usr/bin/cmake --build /home/dayvson/ros2_study_ws/build/my_package -- -j12 -l12
[3.403s] Invoking command in '/home/dayvson/ros2_study_ws/build/my_package': CMAKE_PREFIX_PATH=${CMAKE_PREFIX_PATH}:/opt/ros/galactic /usr/bin/cmake --install /home/dayvson/ros2_study_ws/build/my_package
[3.415s] -- Install configuration: ""
[3.416s] -- Up-to-date: /home/dayvson/ros2_study_ws/install/my_package/lib/my_package/my_node
[3.416s] -- Up-to-date: /home/dayvson/ros2_study_ws/install/my_package/share/ament_index/resource_index/package_run_dependencies/my_package
[3.417s] -- Installing: /home/dayvson/ros2_study_ws/install/my_package/share/ament_index/resource_index/parent_prefix_path/my_package
[3.417s] -- Up-to-date: /home/dayvson/ros2_study_ws/install/my_package/share/my_package/environment/ament_prefix_path.sh
[3.417s] -- Installing: /home/dayvson/ros2_study_ws/install/my_package/share/my_package/environment/ament_prefix_path.dsv
[3.417s] -- Up-to-date: /home/dayvson/ros2_study_ws/install/my_package/share/my_package/environment/path.sh
[3.417s] -- Installing: /home/dayvson/ros2_study_ws/install/my_package/share/my_package/environment/path.dsv
[3.418s] -- Up-to-date: /home/dayvson/ros2_study_ws/install/my_package/share/my_package/local_setup.bash
[3.418s] -- Up-to-date: /home/dayvson/ros2_study_ws/install/my_package/share/my_package/local_setup.sh
[3.418s] -- Up-to-date: /home/dayvson/ros2_study_ws/install/my_package/share/my_package/local_setup.zsh
[3.418s] -- Installing: /home/dayvson/ros2_study_ws/install/my_package/share/my_package/local_setup.dsv
[3.418s] -- Installing: /home/dayvson/ros2_study_ws/install/my_package/share/my_package/package.dsv
[3.418s] -- Up-to-date: /home/dayvson/ros2_study_ws/install/my_package/share/ament_index/resource_index/packages/my_package
[3.418s] -- Up-to-date: /home/dayvson/ros2_study_ws/install/my_package/share/my_package/cmake/my_packageConfig.cmake
[3.418s] -- Up-to-date: /home/dayvson/ros2_study_ws/install/my_package/share/my_package/cmake/my_packageConfig-version.cmake
[3.418s] -- Installing: /home/dayvson/ros2_study_ws/install/my_package/share/my_package/package.xml
[3.423s] Invoked command in '/home/dayvson/ros2_study_ws/build/my_package' returned '0': CMAKE_PREFIX_PATH=${CMAKE_PREFIX_PATH}:/opt/ros/galactic /usr/bin/cmake --install /home/dayvson/ros2_study_ws/build/my_package
