[0.096s] Invoking command in '/home/dayvson/ros2_study_ws/build/turtlesim': CMAKE_PREFIX_PATH=/opt/ros/galactic /usr/bin/cmake /home/dayvson/ros2_study_ws/src/ros_tutorials/turtlesim -DCMAKE_INSTALL_PREFIX=/home/dayvson/ros2_study_ws/install/turtlesim
[2.390s] -- The C compiler identification is GNU 9.4.0
[3.509s] -- The CXX compiler identification is GNU 9.4.0
[3.609s] -- Check for working C compiler: /usr/bin/cc
[3.825s] -- Check for working C compiler: /usr/bin/cc -- works
[3.869s] -- Detecting C compiler ABI info
[3.982s] -- Detecting C compiler ABI info - done
[3.994s] -- Detecting C compile features
[4.005s] -- Detecting C compile features - done
[4.024s] -- Check for working CXX compiler: /usr/bin/c++
[4.117s] -- Check for working CXX compiler: /usr/bin/c++ -- works
[4.118s] -- Detecting CXX compiler ABI info
[4.183s] -- Detecting CXX compiler ABI info - done
[4.193s] -- Detecting CXX compile features
[4.193s] -- Detecting CXX compile features - done
[4.253s] -- Found ament_cmake: 1.1.5 (/opt/ros/galactic/share/ament_cmake/cmake)
[4.401s] -- Found PythonInterp: /usr/bin/python3 (found suitable version "3.8.10", minimum required is "3") 
[4.401s] -- Using PYTHON_EXECUTABLE: /usr/bin/python3
[4.756s] -- Found ament_index_cpp: 1.2.0 (/opt/ros/galactic/share/ament_index_cpp/cmake)
[4.803s] -- Found geometry_msgs: 2.2.4 (/opt/ros/galactic/share/geometry_msgs/cmake)
[5.111s] -- Using all available rosidl_typesupport_c: rosidl_typesupport_fastrtps_c;rosidl_typesupport_introspection_c
[5.147s] -- Found rosidl_adapter: 2.2.1 (/opt/ros/galactic/share/rosidl_adapter/cmake)
[5.841s] -- Found OpenSSL: /usr/lib/x86_64-linux-gnu/libcrypto.so (found version "1.1.1f")  
[5.907s] -- Found FastRTPS: /opt/ros/galactic/include  
[5.989s] -- Using all available rosidl_typesupport_cpp: rosidl_typesupport_fastrtps_cpp;rosidl_typesupport_introspection_cpp
[6.491s] -- Found rclcpp: 9.2.0 (/opt/ros/galactic/share/rclcpp/cmake)
[6.885s] -- Found rmw_implementation_cmake: 3.3.1 (/opt/ros/galactic/share/rmw_implementation_cmake/cmake)
[7.090s] -- Found rmw_cyclonedds_cpp: 0.22.4 (/opt/ros/galactic/share/rmw_cyclonedds_cpp/cmake)
[7.146s] -- Using RMW implementation 'rmw_cyclonedds_cpp' as default
[7.148s] -- Looking for pthread.h
[7.513s] -- Looking for pthread.h - found
[7.514s] -- Performing Test CMAKE_HAVE_LIBC_PTHREAD
[7.643s] -- Performing Test CMAKE_HAVE_LIBC_PTHREAD - Failed
[7.643s] -- Looking for pthread_create in pthreads
[7.830s] -- Looking for pthread_create in pthreads - not found
[7.830s] -- Looking for pthread_create in pthread
[7.913s] -- Looking for pthread_create in pthread - found
[7.914s] -- Found Threads: TRUE  
[8.347s] -- Found rclcpp_action: 9.2.0 (/opt/ros/galactic/share/rclcpp_action/cmake)
[8.856s] -- Found rosidl_default_generators: 1.1.1 (/opt/ros/galactic/share/rosidl_default_generators/cmake)
[8.933s] -- Found std_srvs: 2.2.4 (/opt/ros/galactic/share/std_srvs/cmake)
[9.039s] -- Found PythonInterp: /usr/bin/python3 (found version "3.8.10") 
[9.572s] -- Found ament_cmake_ros: 0.9.2 (/opt/ros/galactic/share/ament_cmake_ros/cmake)
[10.027s] -- Using all available rosidl_typesupport_c: rosidl_typesupport_fastrtps_c;rosidl_typesupport_introspection_c
[10.162s] -- Using all available rosidl_typesupport_cpp: rosidl_typesupport_fastrtps_cpp;rosidl_typesupport_introspection_cpp
[10.190s] -- Found PythonInterp: /usr/bin/python3 (found suitable version "3.8.10", minimum required is "3.5") 
[10.192s] -- Found python_cmake_module: 0.8.1 (/opt/ros/galactic/share/python_cmake_module/cmake)
[10.330s] -- Found PythonLibs: /usr/lib/x86_64-linux-gnu/libpython3.8.so (found suitable version "3.8.10", minimum required is "3.5") 
[10.330s] -- Using PYTHON_EXECUTABLE: /usr/bin/python3
[10.330s] -- Using PYTHON_INCLUDE_DIRS: /usr/include/python3.8
[10.331s] -- Using PYTHON_LIBRARIES: /usr/lib/x86_64-linux-gnu/libpython3.8.so
[10.376s] -- Found PythonExtra: .so  
[10.812s] -- Configuring done
[11.162s] -- Generating done
[11.165s] -- Build files have been written to: /home/dayvson/ros2_study_ws/build/turtlesim
[11.174s] Invoked command in '/home/dayvson/ros2_study_ws/build/turtlesim' returned '0': CMAKE_PREFIX_PATH=/opt/ros/galactic /usr/bin/cmake /home/dayvson/ros2_study_ws/src/ros_tutorials/turtlesim -DCMAKE_INSTALL_PREFIX=/home/dayvson/ros2_study_ws/install/turtlesim
[11.177s] Invoking command in '/home/dayvson/ros2_study_ws/build/turtlesim': CMAKE_PREFIX_PATH=/opt/ros/galactic /usr/bin/cmake --build /home/dayvson/ros2_study_ws/build/turtlesim -- -j12 -l12
[11.211s] [  1%] [34m[1mGenerating C code for ROS interfaces[0m
[11.212s] [35m[1mScanning dependencies of target turtlesim__cpp[0m
[11.221s] [  2%] [34m[1mGenerating C++ code for ROS interfaces[0m
[12.324s] [  2%] Built target turtlesim__cpp
[12.333s] [  5%] [34m[1mGenerating C++ introspection for ROS interfaces[0m
[12.333s] [  5%] [34m[1mGenerating C++ type support for eProsima Fast-RTPS[0m
[12.334s] [  5%] [34m[1mGenerating C++ type support dispatch for ROS interfaces[0m
[12.403s] [35m[1mScanning dependencies of target turtlesim__rosidl_generator_c[0m
[12.772s] [  6%] [32mBuilding C object CMakeFiles/turtlesim__rosidl_generator_c.dir/rosidl_generator_c/turtlesim/msg/detail/pose__functions.c.o[0m
[12.773s] [  8%] [32mBuilding C object CMakeFiles/turtlesim__rosidl_generator_c.dir/rosidl_generator_c/turtlesim/msg/detail/color__functions.c.o[0m
[12.773s] [  8%] [32mBuilding C object CMakeFiles/turtlesim__rosidl_generator_c.dir/rosidl_generator_c/turtlesim/action/detail/rotate_absolute__functions.c.o[0m
[12.774s] [  9%] [32mBuilding C object CMakeFiles/turtlesim__rosidl_generator_c.dir/rosidl_generator_c/turtlesim/srv/detail/spawn__functions.c.o[0m
[12.774s] [ 10%] [32mBuilding C object CMakeFiles/turtlesim__rosidl_generator_c.dir/rosidl_generator_c/turtlesim/srv/detail/set_pen__functions.c.o[0m
[12.774s] [ 11%] [32mBuilding C object CMakeFiles/turtlesim__rosidl_generator_c.dir/rosidl_generator_c/turtlesim/srv/detail/kill__functions.c.o[0m
[12.774s] [35m[1mScanning dependencies of target turtlesim__rosidl_typesupport_cpp[0m
[12.774s] [ 12%] [32mBuilding C object CMakeFiles/turtlesim__rosidl_generator_c.dir/rosidl_generator_c/turtlesim/srv/detail/teleport_absolute__functions.c.o[0m
[12.774s] [ 13%] [32mBuilding C object CMakeFiles/turtlesim__rosidl_generator_c.dir/rosidl_generator_c/turtlesim/srv/detail/teleport_relative__functions.c.o[0m
[13.034s] [ 14%] [32mBuilding CXX object CMakeFiles/turtlesim__rosidl_typesupport_cpp.dir/rosidl_typesupport_cpp/turtlesim/action/rotate_absolute__type_support.cpp.o[0m
[13.034s] [ 15%] [32mBuilding CXX object CMakeFiles/turtlesim__rosidl_typesupport_cpp.dir/rosidl_typesupport_cpp/turtlesim/msg/color__type_support.cpp.o[0m
[13.056s] [35m[1mScanning dependencies of target turtlesim__rosidl_typesupport_fastrtps_cpp[0m
[13.134s] [35m[1mScanning dependencies of target turtlesim__rosidl_typesupport_introspection_cpp[0m
[13.154s] [ 16%] [32mBuilding CXX object CMakeFiles/turtlesim__rosidl_typesupport_introspection_cpp.dir/rosidl_typesupport_introspection_cpp/turtlesim/action/detail/rotate_absolute__type_support.cpp.o[0m
[13.399s] [ 17%] [32mBuilding CXX object CMakeFiles/turtlesim__rosidl_typesupport_cpp.dir/rosidl_typesupport_cpp/turtlesim/msg/pose__type_support.cpp.o[0m
[13.403s] [ 18%] [32mBuilding CXX object CMakeFiles/turtlesim__rosidl_typesupport_cpp.dir/rosidl_typesupport_cpp/turtlesim/srv/kill__type_support.cpp.o[0m
[13.406s] [ 21%] [32mBuilding CXX object CMakeFiles/turtlesim__rosidl_typesupport_cpp.dir/rosidl_typesupport_cpp/turtlesim/srv/teleport_absolute__type_support.cpp.o[0m
[13.406s] [ 21%] [32mBuilding CXX object CMakeFiles/turtlesim__rosidl_typesupport_cpp.dir/rosidl_typesupport_cpp/turtlesim/srv/set_pen__type_support.cpp.o[0m
[13.406s] [ 21%] [32mBuilding CXX object CMakeFiles/turtlesim__rosidl_typesupport_cpp.dir/rosidl_typesupport_cpp/turtlesim/srv/spawn__type_support.cpp.o[0m
[13.412s] [ 22%] [32mBuilding CXX object CMakeFiles/turtlesim__rosidl_typesupport_introspection_cpp.dir/rosidl_typesupport_introspection_cpp/turtlesim/msg/detail/color__type_support.cpp.o[0m
[13.414s] [ 23%] [32mBuilding CXX object CMakeFiles/turtlesim__rosidl_typesupport_cpp.dir/rosidl_typesupport_cpp/turtlesim/srv/teleport_relative__type_support.cpp.o[0m
[13.511s] [ 24%] [32m[1mLinking C shared library libturtlesim__rosidl_generator_c.so[0m
[13.606s] [ 24%] Built target turtlesim__rosidl_generator_c
[13.617s] [ 25%] [32mBuilding CXX object CMakeFiles/turtlesim__rosidl_typesupport_introspection_cpp.dir/rosidl_typesupport_introspection_cpp/turtlesim/msg/detail/pose__type_support.cpp.o[0m
[13.692s] [ 26%] [32mBuilding CXX object CMakeFiles/turtlesim__rosidl_typesupport_fastrtps_cpp.dir/rosidl_typesupport_fastrtps_cpp/turtlesim/action/detail/dds_fastrtps/rotate_absolute__type_support.cpp.o[0m
[14.973s] [ 34%] [34m[1mGenerating C introspection for ROS interfaces[0m
[14.974s] [ 34%] [34m[1mGenerating C type support dispatch for ROS interfaces[0m
[14.974s] [ 34%] [32mBuilding CXX object CMakeFiles/turtlesim__rosidl_typesupport_fastrtps_cpp.dir/rosidl_typesupport_fastrtps_cpp/turtlesim/msg/detail/dds_fastrtps/pose__type_support.cpp.o[0m
[14.974s] [ 34%] [32mBuilding CXX object CMakeFiles/turtlesim__rosidl_typesupport_introspection_cpp.dir/rosidl_typesupport_introspection_cpp/turtlesim/srv/detail/set_pen__type_support.cpp.o[0m
[14.974s] [ 34%] [32mBuilding CXX object CMakeFiles/turtlesim__rosidl_typesupport_fastrtps_cpp.dir/rosidl_typesupport_fastrtps_cpp/turtlesim/msg/detail/dds_fastrtps/color__type_support.cpp.o[0m
[14.974s] [ 34%] [32mBuilding CXX object CMakeFiles/turtlesim__rosidl_typesupport_introspection_cpp.dir/rosidl_typesupport_introspection_cpp/turtlesim/srv/detail/teleport_absolute__type_support.cpp.o[0m
[14.974s] [ 34%] [32mBuilding CXX object CMakeFiles/turtlesim__rosidl_typesupport_introspection_cpp.dir/rosidl_typesupport_introspection_cpp/turtlesim/srv/detail/kill__type_support.cpp.o[0m
[14.975s] [ 34%] [32mBuilding CXX object CMakeFiles/turtlesim__rosidl_typesupport_introspection_cpp.dir/rosidl_typesupport_introspection_cpp/turtlesim/srv/detail/spawn__type_support.cpp.o[0m
[14.976s] [ 35%] [32mBuilding CXX object CMakeFiles/turtlesim__rosidl_typesupport_introspection_cpp.dir/rosidl_typesupport_introspection_cpp/turtlesim/srv/detail/teleport_relative__type_support.cpp.o[0m
[15.195s] [ 36%] [32m[1mLinking CXX shared library libturtlesim__rosidl_typesupport_cpp.so[0m
[15.273s] [ 36%] Built target turtlesim__rosidl_typesupport_cpp
[15.279s] [ 37%] [32mBuilding CXX object CMakeFiles/turtlesim__rosidl_typesupport_fastrtps_cpp.dir/rosidl_typesupport_fastrtps_cpp/turtlesim/srv/detail/dds_fastrtps/kill__type_support.cpp.o[0m
[15.289s] [ 38%] [32mBuilding CXX object CMakeFiles/turtlesim__rosidl_typesupport_fastrtps_cpp.dir/rosidl_typesupport_fastrtps_cpp/turtlesim/srv/detail/dds_fastrtps/set_pen__type_support.cpp.o[0m
[15.408s] [ 39%] [32mBuilding CXX object CMakeFiles/turtlesim__rosidl_typesupport_fastrtps_cpp.dir/rosidl_typesupport_fastrtps_cpp/turtlesim/srv/detail/dds_fastrtps/spawn__type_support.cpp.o[0m
[15.431s] [ 40%] [32mBuilding CXX object CMakeFiles/turtlesim__rosidl_typesupport_fastrtps_cpp.dir/rosidl_typesupport_fastrtps_cpp/turtlesim/srv/detail/dds_fastrtps/teleport_absolute__type_support.cpp.o[0m
[15.434s] [ 41%] [32mBuilding CXX object CMakeFiles/turtlesim__rosidl_typesupport_fastrtps_cpp.dir/rosidl_typesupport_fastrtps_cpp/turtlesim/srv/detail/dds_fastrtps/teleport_relative__type_support.cpp.o[0m
[15.443s] [ 42%] [32m[1mLinking CXX shared library libturtlesim__rosidl_typesupport_introspection_cpp.so[0m
[15.594s] [ 42%] Built target turtlesim__rosidl_typesupport_introspection_cpp
[15.703s] [35m[1mScanning dependencies of target turtlesim__rosidl_typesupport_c[0m
[15.739s] [ 44%] [32mBuilding CXX object CMakeFiles/turtlesim__rosidl_typesupport_c.dir/rosidl_typesupport_c/turtlesim/action/rotate_absolute__type_support.cpp.o[0m
[15.739s] [ 44%] [32mBuilding CXX object CMakeFiles/turtlesim__rosidl_typesupport_c.dir/rosidl_typesupport_c/turtlesim/srv/set_pen__type_support.cpp.o[0m
[15.739s] [ 45%] [32mBuilding CXX object CMakeFiles/turtlesim__rosidl_typesupport_c.dir/rosidl_typesupport_c/turtlesim/msg/pose__type_support.cpp.o[0m
[15.739s] [ 46%] [32mBuilding CXX object CMakeFiles/turtlesim__rosidl_typesupport_c.dir/rosidl_typesupport_c/turtlesim/srv/kill__type_support.cpp.o[0m
[15.744s] [ 47%] [32mBuilding CXX object CMakeFiles/turtlesim__rosidl_typesupport_c.dir/rosidl_typesupport_c/turtlesim/msg/color__type_support.cpp.o[0m
[15.748s] [ 48%] [32mBuilding CXX object CMakeFiles/turtlesim__rosidl_typesupport_c.dir/rosidl_typesupport_c/turtlesim/srv/spawn__type_support.cpp.o[0m
[15.786s] [ 49%] [32mBuilding CXX object CMakeFiles/turtlesim__rosidl_typesupport_c.dir/rosidl_typesupport_c/turtlesim/srv/teleport_absolute__type_support.cpp.o[0m
[15.788s] [ 50%] [32mBuilding CXX object CMakeFiles/turtlesim__rosidl_typesupport_c.dir/rosidl_typesupport_c/turtlesim/srv/teleport_relative__type_support.cpp.o[0m
[15.826s] [ 51%] [32m[1mLinking CXX shared library libturtlesim__rosidl_typesupport_c.so[0m
[15.871s] [ 51%] Built target turtlesim__rosidl_typesupport_c
[16.005s] [ 52%] [32m[1mLinking CXX shared library libturtlesim__rosidl_typesupport_fastrtps_cpp.so[0m
[16.007s] [35m[1mScanning dependencies of target turtlesim__rosidl_typesupport_introspection_c[0m
[16.026s] [ 55%] [32mBuilding C object CMakeFiles/turtlesim__rosidl_typesupport_introspection_c.dir/rosidl_typesupport_introspection_c/turtlesim/msg/detail/pose__type_support.c.o[0m
[16.026s] [ 55%] [32mBuilding C object CMakeFiles/turtlesim__rosidl_typesupport_introspection_c.dir/rosidl_typesupport_introspection_c/turtlesim/msg/detail/color__type_support.c.o[0m
[16.027s] [ 55%] [32mBuilding C object CMakeFiles/turtlesim__rosidl_typesupport_introspection_c.dir/rosidl_typesupport_introspection_c/turtlesim/srv/detail/kill__type_support.c.o[0m
[16.027s] [ 56%] [32mBuilding C object CMakeFiles/turtlesim__rosidl_typesupport_introspection_c.dir/rosidl_typesupport_introspection_c/turtlesim/srv/detail/teleport_relative__type_support.c.o[0m
[16.028s] [ 57%] [32mBuilding C object CMakeFiles/turtlesim__rosidl_typesupport_introspection_c.dir/rosidl_typesupport_introspection_c/turtlesim/action/detail/rotate_absolute__type_support.c.o[0m
[16.029s] [ 58%] [32mBuilding C object CMakeFiles/turtlesim__rosidl_typesupport_introspection_c.dir/rosidl_typesupport_introspection_c/turtlesim/srv/detail/spawn__type_support.c.o[0m
[16.029s] [ 59%] [32mBuilding C object CMakeFiles/turtlesim__rosidl_typesupport_introspection_c.dir/rosidl_typesupport_introspection_c/turtlesim/srv/detail/set_pen__type_support.c.o[0m
[16.029s] [ 60%] [32mBuilding C object CMakeFiles/turtlesim__rosidl_typesupport_introspection_c.dir/rosidl_typesupport_introspection_c/turtlesim/srv/detail/teleport_absolute__type_support.c.o[0m
[16.078s] [ 61%] [32m[1mLinking C shared library libturtlesim__rosidl_typesupport_introspection_c.so[0m
[16.106s] [ 61%] Built target turtlesim__rosidl_typesupport_introspection_c
[16.645s] [ 61%] Built target turtlesim__rosidl_typesupport_fastrtps_cpp
[16.656s] [ 62%] [34m[1mGenerating C type support for eProsima Fast-RTPS[0m
[17.326s] [35m[1mScanning dependencies of target turtlesim__rosidl_typesupport_fastrtps_c[0m
[17.462s] [ 63%] [32mBuilding CXX object CMakeFiles/turtlesim__rosidl_typesupport_fastrtps_c.dir/rosidl_typesupport_fastrtps_c/turtlesim/msg/detail/pose__type_support_c.cpp.o[0m
[17.462s] [ 64%] [32mBuilding CXX object CMakeFiles/turtlesim__rosidl_typesupport_fastrtps_c.dir/rosidl_typesupport_fastrtps_c/turtlesim/srv/detail/teleport_relative__type_support_c.cpp.o[0m
[17.463s] [ 66%] [32mBuilding CXX object CMakeFiles/turtlesim__rosidl_typesupport_fastrtps_c.dir/rosidl_typesupport_fastrtps_c/turtlesim/msg/detail/color__type_support_c.cpp.o[0m
[17.463s] [ 66%] [32mBuilding CXX object CMakeFiles/turtlesim__rosidl_typesupport_fastrtps_c.dir/rosidl_typesupport_fastrtps_c/turtlesim/action/detail/rotate_absolute__type_support_c.cpp.o[0m
[17.463s] [ 67%] [32mBuilding CXX object CMakeFiles/turtlesim__rosidl_typesupport_fastrtps_c.dir/rosidl_typesupport_fastrtps_c/turtlesim/srv/detail/kill__type_support_c.cpp.o[0m
[17.463s] [ 68%] [32mBuilding CXX object CMakeFiles/turtlesim__rosidl_typesupport_fastrtps_c.dir/rosidl_typesupport_fastrtps_c/turtlesim/srv/detail/set_pen__type_support_c.cpp.o[0m
[17.464s] [ 69%] [32mBuilding CXX object CMakeFiles/turtlesim__rosidl_typesupport_fastrtps_c.dir/rosidl_typesupport_fastrtps_c/turtlesim/srv/detail/spawn__type_support_c.cpp.o[0m
[17.464s] [ 70%] [32mBuilding CXX object CMakeFiles/turtlesim__rosidl_typesupport_fastrtps_c.dir/rosidl_typesupport_fastrtps_c/turtlesim/srv/detail/teleport_absolute__type_support_c.cpp.o[0m
[17.963s] [ 71%] [32m[1mLinking CXX shared library libturtlesim__rosidl_typesupport_fastrtps_c.so[0m
[18.041s] [ 71%] Built target turtlesim__rosidl_typesupport_fastrtps_c
[18.049s] [35m[1mScanning dependencies of target turtlesim[0m
[18.057s] [ 71%] Built target turtlesim
[18.066s] [ 72%] [34m[1mGenerating include/turtlesim/moc_turtle_frame.cpp[0m
[18.066s] [35m[1mScanning dependencies of target mimic[0m
[18.066s] [35m[1mScanning dependencies of target turtle_teleop_key[0m
[18.066s] [35m[1mScanning dependencies of target draw_square[0m
[18.066s] [35m[1mScanning dependencies of target turtlesim__py[0m
[18.075s] [ 73%] [34m[1mGenerating Python code for ROS interfaces[0m
[21.500s] [35m[1mScanning dependencies of target turtlesim_node[0m
[22.115s] [ 74%] [32mBuilding CXX object CMakeFiles/turtle_teleop_key.dir/tutorials/teleop_turtle_key.cpp.o[0m
[22.118s] [ 76%] [32mBuilding CXX object CMakeFiles/mimic.dir/tutorials/mimic.cpp.o[0m
[22.118s] [ 76%] [32mBuilding CXX object CMakeFiles/draw_square.dir/tutorials/draw_square.cpp.o[0m
[23.326s] [ 79%] [32mBuilding CXX object CMakeFiles/turtlesim_node.dir/src/turtle.cpp.o[0m
[23.326s] [ 79%] [32mBuilding CXX object CMakeFiles/turtlesim_node.dir/src/turtle_frame.cpp.o[0m
[23.326s] [ 79%] [32mBuilding CXX object CMakeFiles/turtlesim_node.dir/src/turtlesim.cpp.o[0m
[23.326s] [ 80%] [32mBuilding CXX object CMakeFiles/turtlesim_node.dir/include/turtlesim/moc_turtle_frame.cpp.o[0m
[24.674s] [ 80%] Built target turtlesim__py
[24.682s] [35m[1mScanning dependencies of target turtlesim__python[0m
[25.192s] [ 82%] [32mBuilding C object CMakeFiles/turtlesim__python.dir/rosidl_generator_py/turtlesim/msg/_color_s.c.o[0m
[25.197s] [ 83%] [32mBuilding C object CMakeFiles/turtlesim__python.dir/rosidl_generator_py/turtlesim/msg/_pose_s.c.o[0m
[25.200s] [ 82%] [32mBuilding C object CMakeFiles/turtlesim__python.dir/rosidl_generator_py/turtlesim/action/_rotate_absolute_s.c.o[0m
[25.200s] [ 85%] [32mBuilding C object CMakeFiles/turtlesim__python.dir/rosidl_generator_py/turtlesim/srv/_set_pen_s.c.o[0m
[25.200s] [ 85%] [32mBuilding C object CMakeFiles/turtlesim__python.dir/rosidl_generator_py/turtlesim/srv/_kill_s.c.o[0m
[71.606s] [ 90%] [32m[1mLinking CXX executable turtle_teleop_key[0m
[71.607s] [ 90%] [32m[1mLinking CXX executable mimic[0m
[71.608s] [ 90%] [32m[1mLinking CXX executable draw_square[0m
[71.608s] [ 90%] [32mBuilding C object CMakeFiles/turtlesim__python.dir/rosidl_generator_py/turtlesim/srv/_teleport_relative_s.c.o[0m
[71.608s] [ 90%] [32m[1mLinking CXX executable turtlesim_node[0m
[78.876s] [ 90%] Built target turtle_teleop_key
[78.949s] [ 90%] Built target mimic
[78.958s] [ 90%] Built target draw_square
[79.705s] [ 91%] [32mBuilding C object CMakeFiles/turtlesim__python.dir/rosidl_generator_py/turtlesim/srv/_teleport_absolute_s.c.o[0m
[79.783s] [ 92%] [32mBuilding C object CMakeFiles/turtlesim__python.dir/rosidl_generator_py/turtlesim/srv/_spawn_s.c.o[0m
[79.866s] [ 93%] [32m[1mLinking C shared library rosidl_generator_py/turtlesim/libturtlesim__python.so[0m
[80.283s] [ 93%] Built target turtlesim__python
[80.396s] [ 93%] Built target turtlesim_node
[81.269s] [35m[1mScanning dependencies of target turtlesim__rosidl_typesupport_c__pyext[0m
[81.731s] [ 94%] [32mBuilding C object CMakeFiles/turtlesim__rosidl_typesupport_c__pyext.dir/rosidl_generator_py/turtlesim/_turtlesim_s.ep.rosidl_typesupport_c.c.o[0m
[81.850s] [ 95%] [32m[1mLinking C shared library rosidl_generator_py/turtlesim/turtlesim_s__rosidl_typesupport_c.cpython-38-x86_64-linux-gnu.so[0m
[81.884s] [ 95%] Built target turtlesim__rosidl_typesupport_c__pyext
[81.895s] [35m[1mScanning dependencies of target turtlesim__rosidl_typesupport_fastrtps_c__pyext[0m
[81.945s] [ 96%] [32mBuilding C object CMakeFiles/turtlesim__rosidl_typesupport_fastrtps_c__pyext.dir/rosidl_generator_py/turtlesim/_turtlesim_s.ep.rosidl_typesupport_fastrtps_c.c.o[0m
[82.064s] [ 97%] [32m[1mLinking CXX shared library rosidl_generator_py/turtlesim/turtlesim_s__rosidl_typesupport_fastrtps_c.cpython-38-x86_64-linux-gnu.so[0m
[82.828s] [ 97%] Built target turtlesim__rosidl_typesupport_fastrtps_c__pyext
[82.838s] [35m[1mScanning dependencies of target turtlesim__rosidl_typesupport_introspection_c__pyext[0m
[82.858s] [ 98%] [32mBuilding C object CMakeFiles/turtlesim__rosidl_typesupport_introspection_c__pyext.dir/rosidl_generator_py/turtlesim/_turtlesim_s.ep.rosidl_typesupport_introspection_c.c.o[0m
[82.978s] [100%] [32m[1mLinking C shared library rosidl_generator_py/turtlesim/turtlesim_s__rosidl_typesupport_introspection_c.cpython-38-x86_64-linux-gnu.so[0m
[83.319s] [100%] Built target turtlesim__rosidl_typesupport_introspection_c__pyext
[83.401s] Invoked command in '/home/dayvson/ros2_study_ws/build/turtlesim' returned '0': CMAKE_PREFIX_PATH=/opt/ros/galactic /usr/bin/cmake --build /home/dayvson/ros2_study_ws/build/turtlesim -- -j12 -l12
[83.619s] Invoking command in '/home/dayvson/ros2_study_ws/build/turtlesim': CMAKE_PREFIX_PATH=/opt/ros/galactic /usr/bin/cmake --install /home/dayvson/ros2_study_ws/build/turtlesim
[83.964s] -- Install configuration: ""
[83.988s] -- Installing: /home/dayvson/ros2_study_ws/install/turtlesim/share/ament_index/resource_index/rosidl_interfaces/turtlesim
[83.988s] -- Installing: /home/dayvson/ros2_study_ws/install/turtlesim/include/turtlesim
[83.989s] -- Installing: /home/dayvson/ros2_study_ws/install/turtlesim/include/turtlesim/msg
[83.989s] -- Installing: /home/dayvson/ros2_study_ws/install/turtlesim/include/turtlesim/msg/detail
[83.990s] -- Installing: /home/dayvson/ros2_study_ws/install/turtlesim/include/turtlesim/msg/detail/color__functions.h
[83.991s] -- Installing: /home/dayvson/ros2_study_ws/install/turtlesim/include/turtlesim/msg/detail/pose__functions.c
[83.991s] -- Installing: /home/dayvson/ros2_study_ws/install/turtlesim/include/turtlesim/msg/detail/color__functions.c
[83.992s] -- Installing: /home/dayvson/ros2_study_ws/install/turtlesim/include/turtlesim/msg/detail/color__type_support.h
[83.992s] -- Installing: /home/dayvson/ros2_study_ws/install/turtlesim/include/turtlesim/msg/detail/pose__functions.h
[83.992s] -- Installing: /home/dayvson/ros2_study_ws/install/turtlesim/include/turtlesim/msg/detail/pose__type_support.h
[83.993s] -- Installing: /home/dayvson/ros2_study_ws/install/turtlesim/include/turtlesim/msg/detail/color__struct.h
[83.993s] -- Installing: /home/dayvson/ros2_study_ws/install/turtlesim/include/turtlesim/msg/detail/pose__struct.h
[83.994s] -- Installing: /home/dayvson/ros2_study_ws/install/turtlesim/include/turtlesim/msg/color.h
[83.994s] -- Installing: /home/dayvson/ros2_study_ws/install/turtlesim/include/turtlesim/msg/rosidl_generator_c__visibility_control.h
[83.994s] -- Installing: /home/dayvson/ros2_study_ws/install/turtlesim/include/turtlesim/msg/pose.h
[83.994s] -- Installing: /home/dayvson/ros2_study_ws/install/turtlesim/include/turtlesim/action
[83.995s] -- Installing: /home/dayvson/ros2_study_ws/install/turtlesim/include/turtlesim/action/detail
[83.995s] -- Installing: /home/dayvson/ros2_study_ws/install/turtlesim/include/turtlesim/action/detail/rotate_absolute__struct.h
[83.996s] -- Installing: /home/dayvson/ros2_study_ws/install/turtlesim/include/turtlesim/action/detail/rotate_absolute__functions.c
[83.996s] -- Installing: /home/dayvson/ros2_study_ws/install/turtlesim/include/turtlesim/action/detail/rotate_absolute__functions.h
[83.996s] -- Installing: /home/dayvson/ros2_study_ws/install/turtlesim/include/turtlesim/action/detail/rotate_absolute__type_support.h
[83.997s] -- Installing: /home/dayvson/ros2_study_ws/install/turtlesim/include/turtlesim/action/rotate_absolute.h
[83.997s] -- Installing: /home/dayvson/ros2_study_ws/install/turtlesim/include/turtlesim/srv
[83.997s] -- Installing: /home/dayvson/ros2_study_ws/install/turtlesim/include/turtlesim/srv/detail
[83.998s] -- Installing: /home/dayvson/ros2_study_ws/install/turtlesim/include/turtlesim/srv/detail/teleport_absolute__struct.h
[83.998s] -- Installing: /home/dayvson/ros2_study_ws/install/turtlesim/include/turtlesim/srv/detail/teleport_absolute__type_support.h
[83.999s] -- Installing: /home/dayvson/ros2_study_ws/install/turtlesim/include/turtlesim/srv/detail/kill__functions.c
[83.999s] -- Installing: /home/dayvson/ros2_study_ws/install/turtlesim/include/turtlesim/srv/detail/kill__struct.h
[83.999s] -- Installing: /home/dayvson/ros2_study_ws/install/turtlesim/include/turtlesim/srv/detail/kill__type_support.h
[84.000s] -- Installing: /home/dayvson/ros2_study_ws/install/turtlesim/include/turtlesim/srv/detail/teleport_relative__type_support.h
[84.000s] -- Installing: /home/dayvson/ros2_study_ws/install/turtlesim/include/turtlesim/srv/detail/set_pen__functions.c
[84.000s] -- Installing: /home/dayvson/ros2_study_ws/install/turtlesim/include/turtlesim/srv/detail/teleport_absolute__functions.c
[84.001s] -- Installing: /home/dayvson/ros2_study_ws/install/turtlesim/include/turtlesim/srv/detail/spawn__functions.c
[84.001s] -- Installing: /home/dayvson/ros2_study_ws/install/turtlesim/include/turtlesim/srv/detail/teleport_relative__functions.h
[84.002s] -- Installing: /home/dayvson/ros2_study_ws/install/turtlesim/include/turtlesim/srv/detail/spawn__functions.h
[84.002s] -- Installing: /home/dayvson/ros2_study_ws/install/turtlesim/include/turtlesim/srv/detail/teleport_relative__struct.h
[84.002s] -- Installing: /home/dayvson/ros2_study_ws/install/turtlesim/include/turtlesim/srv/detail/teleport_absolute__functions.h
[84.003s] -- Installing: /home/dayvson/ros2_study_ws/install/turtlesim/include/turtlesim/srv/detail/teleport_relative__functions.c
[84.003s] -- Installing: /home/dayvson/ros2_study_ws/install/turtlesim/include/turtlesim/srv/detail/set_pen__functions.h
[84.004s] -- Installing: /home/dayvson/ros2_study_ws/install/turtlesim/include/turtlesim/srv/detail/set_pen__struct.h
[84.004s] -- Installing: /home/dayvson/ros2_study_ws/install/turtlesim/include/turtlesim/srv/detail/kill__functions.h
[84.004s] -- Installing: /home/dayvson/ros2_study_ws/install/turtlesim/include/turtlesim/srv/detail/set_pen__type_support.h
[84.005s] -- Installing: /home/dayvson/ros2_study_ws/install/turtlesim/include/turtlesim/srv/detail/spawn__type_support.h
[84.005s] -- Installing: /home/dayvson/ros2_study_ws/install/turtlesim/include/turtlesim/srv/detail/spawn__struct.h
[84.005s] -- Installing: /home/dayvson/ros2_study_ws/install/turtlesim/include/turtlesim/srv/set_pen.h
[84.006s] -- Installing: /home/dayvson/ros2_study_ws/install/turtlesim/include/turtlesim/srv/teleport_relative.h
[84.006s] -- Installing: /home/dayvson/ros2_study_ws/install/turtlesim/include/turtlesim/srv/spawn.h
[84.006s] -- Installing: /home/dayvson/ros2_study_ws/install/turtlesim/include/turtlesim/srv/kill.h
[84.007s] -- Installing: /home/dayvson/ros2_study_ws/install/turtlesim/include/turtlesim/srv/teleport_absolute.h
[84.073s] -- Installing: /home/dayvson/ros2_study_ws/install/turtlesim/share/turtlesim/environment/library_path.sh
[84.132s] -- Installing: /home/dayvson/ros2_study_ws/install/turtlesim/share/turtlesim/environment/library_path.dsv
[84.134s] -- Installing: /home/dayvson/ros2_study_ws/install/turtlesim/lib/libturtlesim__rosidl_generator_c.so
[84.136s] -- Set runtime path of "/home/dayvson/ros2_study_ws/install/turtlesim/lib/libturtlesim__rosidl_generator_c.so" to ""
[84.136s] -- Up-to-date: /home/dayvson/ros2_study_ws/install/turtlesim/include/turtlesim
[84.137s] -- Up-to-date: /home/dayvson/ros2_study_ws/install/turtlesim/include/turtlesim/msg
[84.137s] -- Up-to-date: /home/dayvson/ros2_study_ws/install/turtlesim/include/turtlesim/msg/detail
[84.151s] -- Installing: /home/dayvson/ros2_study_ws/install/turtlesim/include/turtlesim/msg/detail/color__rosidl_typesupport_fastrtps_c.h
[84.168s] -- Installing: /home/dayvson/ros2_study_ws/install/turtlesim/include/turtlesim/msg/detail/pose__rosidl_typesupport_fastrtps_c.h
[84.168s] -- Installing: /home/dayvson/ros2_study_ws/install/turtlesim/include/turtlesim/msg/rosidl_typesupport_fastrtps_c__visibility_control.h
[84.169s] -- Up-to-date: /home/dayvson/ros2_study_ws/install/turtlesim/include/turtlesim/action
[84.271s] -- Up-to-date: /home/dayvson/ros2_study_ws/install/turtlesim/include/turtlesim/action/detail
[84.349s] -- Installing: /home/dayvson/ros2_study_ws/install/turtlesim/include/turtlesim/action/detail/rotate_absolute__rosidl_typesupport_fastrtps_c.h
[84.350s] -- Up-to-date: /home/dayvson/ros2_study_ws/install/turtlesim/include/turtlesim/srv
[84.448s] -- Up-to-date: /home/dayvson/ros2_study_ws/install/turtlesim/include/turtlesim/srv/detail
[84.458s] -- Installing: /home/dayvson/ros2_study_ws/install/turtlesim/include/turtlesim/srv/detail/spawn__rosidl_typesupport_fastrtps_c.h
[84.459s] -- Installing: /home/dayvson/ros2_study_ws/install/turtlesim/include/turtlesim/srv/detail/teleport_relative__rosidl_typesupport_fastrtps_c.h
[84.460s] -- Installing: /home/dayvson/ros2_study_ws/install/turtlesim/include/turtlesim/srv/detail/set_pen__rosidl_typesupport_fastrtps_c.h
[84.461s] -- Installing: /home/dayvson/ros2_study_ws/install/turtlesim/include/turtlesim/srv/detail/teleport_absolute__rosidl_typesupport_fastrtps_c.h
[84.461s] -- Installing: /home/dayvson/ros2_study_ws/install/turtlesim/include/turtlesim/srv/detail/kill__rosidl_typesupport_fastrtps_c.h
[84.462s] -- Installing: /home/dayvson/ros2_study_ws/install/turtlesim/lib/libturtlesim__rosidl_typesupport_fastrtps_c.so
[84.465s] -- Set runtime path of "/home/dayvson/ros2_study_ws/install/turtlesim/lib/libturtlesim__rosidl_typesupport_fastrtps_c.so" to ""
[84.465s] -- Up-to-date: /home/dayvson/ros2_study_ws/install/turtlesim/include/turtlesim
[84.465s] -- Up-to-date: /home/dayvson/ros2_study_ws/install/turtlesim/include/turtlesim/msg
[84.466s] -- Up-to-date: /home/dayvson/ros2_study_ws/install/turtlesim/include/turtlesim/msg/detail
[84.471s] -- Installing: /home/dayvson/ros2_study_ws/install/turtlesim/include/turtlesim/msg/detail/color__rosidl_typesupport_fastrtps_cpp.hpp
[84.472s] -- Installing: /home/dayvson/ros2_study_ws/install/turtlesim/include/turtlesim/msg/detail/pose__rosidl_typesupport_fastrtps_cpp.hpp
[84.473s] -- Installing: /home/dayvson/ros2_study_ws/install/turtlesim/include/turtlesim/msg/detail/dds_fastrtps
[84.474s] -- Installing: /home/dayvson/ros2_study_ws/install/turtlesim/include/turtlesim/msg/rosidl_typesupport_fastrtps_cpp__visibility_control.h
[84.474s] -- Up-to-date: /home/dayvson/ros2_study_ws/install/turtlesim/include/turtlesim/action
[84.475s] -- Up-to-date: /home/dayvson/ros2_study_ws/install/turtlesim/include/turtlesim/action/detail
[84.476s] -- Installing: /home/dayvson/ros2_study_ws/install/turtlesim/include/turtlesim/action/detail/dds_fastrtps
[84.476s] -- Installing: /home/dayvson/ros2_study_ws/install/turtlesim/include/turtlesim/action/detail/rotate_absolute__rosidl_typesupport_fastrtps_cpp.hpp
[84.477s] -- Up-to-date: /home/dayvson/ros2_study_ws/install/turtlesim/include/turtlesim/srv
[84.478s] -- Up-to-date: /home/dayvson/ros2_study_ws/install/turtlesim/include/turtlesim/srv/detail
[84.478s] -- Installing: /home/dayvson/ros2_study_ws/install/turtlesim/include/turtlesim/srv/detail/kill__rosidl_typesupport_fastrtps_cpp.hpp
[84.479s] -- Installing: /home/dayvson/ros2_study_ws/install/turtlesim/include/turtlesim/srv/detail/set_pen__rosidl_typesupport_fastrtps_cpp.hpp
[84.480s] -- Installing: /home/dayvson/ros2_study_ws/install/turtlesim/include/turtlesim/srv/detail/spawn__rosidl_typesupport_fastrtps_cpp.hpp
[84.480s] -- Installing: /home/dayvson/ros2_study_ws/install/turtlesim/include/turtlesim/srv/detail/teleport_absolute__rosidl_typesupport_fastrtps_cpp.hpp
[84.481s] -- Installing: /home/dayvson/ros2_study_ws/install/turtlesim/include/turtlesim/srv/detail/teleport_relative__rosidl_typesupport_fastrtps_cpp.hpp
[84.482s] -- Installing: /home/dayvson/ros2_study_ws/install/turtlesim/include/turtlesim/srv/detail/dds_fastrtps
[84.483s] -- Installing: /home/dayvson/ros2_study_ws/install/turtlesim/lib/libturtlesim__rosidl_typesupport_fastrtps_cpp.so
[84.484s] -- Set runtime path of "/home/dayvson/ros2_study_ws/install/turtlesim/lib/libturtlesim__rosidl_typesupport_fastrtps_cpp.so" to ""
[84.484s] -- Up-to-date: /home/dayvson/ros2_study_ws/install/turtlesim/include/turtlesim
[84.485s] -- Up-to-date: /home/dayvson/ros2_study_ws/install/turtlesim/include/turtlesim/msg
[84.485s] -- Up-to-date: /home/dayvson/ros2_study_ws/install/turtlesim/include/turtlesim/msg/detail
[84.486s] -- Installing: /home/dayvson/ros2_study_ws/install/turtlesim/include/turtlesim/msg/detail/color__type_support.c
[84.486s] -- Installing: /home/dayvson/ros2_study_ws/install/turtlesim/include/turtlesim/msg/detail/pose__type_support.c
[84.613s] -- Installing: /home/dayvson/ros2_study_ws/install/turtlesim/include/turtlesim/msg/detail/pose__rosidl_typesupport_introspection_c.h
[84.613s] -- Installing: /home/dayvson/ros2_study_ws/install/turtlesim/include/turtlesim/msg/detail/color__rosidl_typesupport_introspection_c.h
[84.623s] -- Installing: /home/dayvson/ros2_study_ws/install/turtlesim/include/turtlesim/msg/rosidl_typesupport_introspection_c__visibility_control.h
[84.623s] -- Up-to-date: /home/dayvson/ros2_study_ws/install/turtlesim/include/turtlesim/action
[84.623s] -- Up-to-date: /home/dayvson/ros2_study_ws/install/turtlesim/include/turtlesim/action/detail
[84.623s] -- Installing: /home/dayvson/ros2_study_ws/install/turtlesim/include/turtlesim/action/detail/rotate_absolute__type_support.c
[84.666s] -- Installing: /home/dayvson/ros2_study_ws/install/turtlesim/include/turtlesim/action/detail/rotate_absolute__rosidl_typesupport_introspection_c.h
[84.668s] -- Up-to-date: /home/dayvson/ros2_study_ws/install/turtlesim/include/turtlesim/srv
[84.668s] -- Up-to-date: /home/dayvson/ros2_study_ws/install/turtlesim/include/turtlesim/srv/detail
[84.668s] -- Installing: /home/dayvson/ros2_study_ws/install/turtlesim/include/turtlesim/srv/detail/teleport_absolute__rosidl_typesupport_introspection_c.h
[84.668s] -- Installing: /home/dayvson/ros2_study_ws/install/turtlesim/include/turtlesim/srv/detail/teleport_relative__type_support.c
[84.668s] -- Installing: /home/dayvson/ros2_study_ws/install/turtlesim/include/turtlesim/srv/detail/spawn__type_support.c
[84.668s] -- Installing: /home/dayvson/ros2_study_ws/install/turtlesim/include/turtlesim/srv/detail/teleport_absolute__type_support.c
[84.669s] -- Installing: /home/dayvson/ros2_study_ws/install/turtlesim/include/turtlesim/srv/detail/set_pen__type_support.c
[84.679s] -- Installing: /home/dayvson/ros2_study_ws/install/turtlesim/include/turtlesim/srv/detail/kill__type_support.c
[84.701s] -- Installing: /home/dayvson/ros2_study_ws/install/turtlesim/include/turtlesim/srv/detail/set_pen__rosidl_typesupport_introspection_c.h
[84.723s] -- Installing: /home/dayvson/ros2_study_ws/install/turtlesim/include/turtlesim/srv/detail/spawn__rosidl_typesupport_introspection_c.h
[84.723s] -- Installing: /home/dayvson/ros2_study_ws/install/turtlesim/include/turtlesim/srv/detail/kill__rosidl_typesupport_introspection_c.h
[84.725s] -- Installing: /home/dayvson/ros2_study_ws/install/turtlesim/include/turtlesim/srv/detail/teleport_relative__rosidl_typesupport_introspection_c.h
[84.725s] -- Installing: /home/dayvson/ros2_study_ws/install/turtlesim/lib/libturtlesim__rosidl_typesupport_introspection_c.so
[84.726s] -- Set runtime path of "/home/dayvson/ros2_study_ws/install/turtlesim/lib/libturtlesim__rosidl_typesupport_introspection_c.so" to ""
[84.726s] -- Installing: /home/dayvson/ros2_study_ws/install/turtlesim/lib/libturtlesim__rosidl_typesupport_c.so
[84.726s] -- Set runtime path of "/home/dayvson/ros2_study_ws/install/turtlesim/lib/libturtlesim__rosidl_typesupport_c.so" to ""
[84.726s] -- Up-to-date: /home/dayvson/ros2_study_ws/install/turtlesim/include/turtlesim
[84.726s] -- Up-to-date: /home/dayvson/ros2_study_ws/install/turtlesim/include/turtlesim/msg
[84.726s] -- Up-to-date: /home/dayvson/ros2_study_ws/install/turtlesim/include/turtlesim/msg/detail
[84.726s] -- Installing: /home/dayvson/ros2_study_ws/install/turtlesim/include/turtlesim/msg/detail/pose__struct.hpp
[84.727s] -- Installing: /home/dayvson/ros2_study_ws/install/turtlesim/include/turtlesim/msg/detail/pose__builder.hpp
[84.727s] -- Installing: /home/dayvson/ros2_study_ws/install/turtlesim/include/turtlesim/msg/detail/color__struct.hpp
[84.727s] -- Installing: /home/dayvson/ros2_study_ws/install/turtlesim/include/turtlesim/msg/detail/pose__traits.hpp
[84.727s] -- Installing: /home/dayvson/ros2_study_ws/install/turtlesim/include/turtlesim/msg/detail/color__builder.hpp
[84.728s] -- Installing: /home/dayvson/ros2_study_ws/install/turtlesim/include/turtlesim/msg/detail/color__traits.hpp
[84.728s] -- Installing: /home/dayvson/ros2_study_ws/install/turtlesim/include/turtlesim/msg/pose.hpp
[84.728s] -- Installing: /home/dayvson/ros2_study_ws/install/turtlesim/include/turtlesim/msg/color.hpp
[84.728s] -- Up-to-date: /home/dayvson/ros2_study_ws/install/turtlesim/include/turtlesim/action
[84.728s] -- Up-to-date: /home/dayvson/ros2_study_ws/install/turtlesim/include/turtlesim/action/detail
[84.729s] -- Installing: /home/dayvson/ros2_study_ws/install/turtlesim/include/turtlesim/action/detail/rotate_absolute__builder.hpp
[84.729s] -- Installing: /home/dayvson/ros2_study_ws/install/turtlesim/include/turtlesim/action/detail/rotate_absolute__traits.hpp
[84.729s] -- Installing: /home/dayvson/ros2_study_ws/install/turtlesim/include/turtlesim/action/detail/rotate_absolute__struct.hpp
[84.730s] -- Installing: /home/dayvson/ros2_study_ws/install/turtlesim/include/turtlesim/action/rotate_absolute.hpp
[84.730s] -- Up-to-date: /home/dayvson/ros2_study_ws/install/turtlesim/include/turtlesim/srv
[84.730s] -- Up-to-date: /home/dayvson/ros2_study_ws/install/turtlesim/include/turtlesim/srv/detail
[84.730s] -- Installing: /home/dayvson/ros2_study_ws/install/turtlesim/include/turtlesim/srv/detail/kill__struct.hpp
[84.730s] -- Installing: /home/dayvson/ros2_study_ws/install/turtlesim/include/turtlesim/srv/detail/set_pen__traits.hpp
[84.731s] -- Installing: /home/dayvson/ros2_study_ws/install/turtlesim/include/turtlesim/srv/detail/teleport_absolute__traits.hpp
[84.731s] -- Installing: /home/dayvson/ros2_study_ws/install/turtlesim/include/turtlesim/srv/detail/kill__builder.hpp
[84.731s] -- Installing: /home/dayvson/ros2_study_ws/install/turtlesim/include/turtlesim/srv/detail/kill__traits.hpp
[84.731s] -- Installing: /home/dayvson/ros2_study_ws/install/turtlesim/include/turtlesim/srv/detail/teleport_relative__traits.hpp
[84.731s] -- Installing: /home/dayvson/ros2_study_ws/install/turtlesim/include/turtlesim/srv/detail/spawn__struct.hpp
[84.732s] -- Installing: /home/dayvson/ros2_study_ws/install/turtlesim/include/turtlesim/srv/detail/teleport_relative__struct.hpp
[84.732s] -- Installing: /home/dayvson/ros2_study_ws/install/turtlesim/include/turtlesim/srv/detail/set_pen__builder.hpp
[84.732s] -- Installing: /home/dayvson/ros2_study_ws/install/turtlesim/include/turtlesim/srv/detail/teleport_relative__builder.hpp
[84.732s] -- Installing: /home/dayvson/ros2_study_ws/install/turtlesim/include/turtlesim/srv/detail/spawn__traits.hpp
[84.733s] -- Installing: /home/dayvson/ros2_study_ws/install/turtlesim/include/turtlesim/srv/detail/teleport_absolute__struct.hpp
[84.733s] -- Installing: /home/dayvson/ros2_study_ws/install/turtlesim/include/turtlesim/srv/detail/spawn__builder.hpp
[84.733s] -- Installing: /home/dayvson/ros2_study_ws/install/turtlesim/include/turtlesim/srv/detail/teleport_absolute__builder.hpp
[84.734s] -- Installing: /home/dayvson/ros2_study_ws/install/turtlesim/include/turtlesim/srv/detail/set_pen__struct.hpp
[84.734s] -- Installing: /home/dayvson/ros2_study_ws/install/turtlesim/include/turtlesim/srv/spawn.hpp
[84.734s] -- Installing: /home/dayvson/ros2_study_ws/install/turtlesim/include/turtlesim/srv/kill.hpp
[84.735s] -- Installing: /home/dayvson/ros2_study_ws/install/turtlesim/include/turtlesim/srv/set_pen.hpp
[84.735s] -- Installing: /home/dayvson/ros2_study_ws/install/turtlesim/include/turtlesim/srv/teleport_absolute.hpp
[84.735s] -- Installing: /home/dayvson/ros2_study_ws/install/turtlesim/include/turtlesim/srv/teleport_relative.hpp
[84.735s] -- Up-to-date: /home/dayvson/ros2_study_ws/install/turtlesim/include/turtlesim
[84.736s] -- Up-to-date: /home/dayvson/ros2_study_ws/install/turtlesim/include/turtlesim/msg
[84.736s] -- Up-to-date: /home/dayvson/ros2_study_ws/install/turtlesim/include/turtlesim/msg/detail
[84.736s] -- Installing: /home/dayvson/ros2_study_ws/install/turtlesim/include/turtlesim/msg/detail/pose__rosidl_typesupport_introspection_cpp.hpp
[84.736s] -- Installing: /home/dayvson/ros2_study_ws/install/turtlesim/include/turtlesim/msg/detail/color__rosidl_typesupport_introspection_cpp.hpp
[84.736s] -- Installing: /home/dayvson/ros2_study_ws/install/turtlesim/include/turtlesim/msg/detail/pose__type_support.cpp
[84.736s] -- Installing: /home/dayvson/ros2_study_ws/install/turtlesim/include/turtlesim/msg/detail/color__type_support.cpp
[84.737s] -- Up-to-date: /home/dayvson/ros2_study_ws/install/turtlesim/include/turtlesim/action
[84.737s] -- Up-to-date: /home/dayvson/ros2_study_ws/install/turtlesim/include/turtlesim/action/detail
[84.737s] -- Installing: /home/dayvson/ros2_study_ws/install/turtlesim/include/turtlesim/action/detail/rotate_absolute__type_support.cpp
[84.738s] -- Installing: /home/dayvson/ros2_study_ws/install/turtlesim/include/turtlesim/action/detail/rotate_absolute__rosidl_typesupport_introspection_cpp.hpp
[84.738s] -- Up-to-date: /home/dayvson/ros2_study_ws/install/turtlesim/include/turtlesim/srv
[84.738s] -- Up-to-date: /home/dayvson/ros2_study_ws/install/turtlesim/include/turtlesim/srv/detail
[84.738s] -- Installing: /home/dayvson/ros2_study_ws/install/turtlesim/include/turtlesim/srv/detail/teleport_relative__type_support.cpp
[84.738s] -- Installing: /home/dayvson/ros2_study_ws/install/turtlesim/include/turtlesim/srv/detail/teleport_absolute__rosidl_typesupport_introspection_cpp.hpp
[84.738s] -- Installing: /home/dayvson/ros2_study_ws/install/turtlesim/include/turtlesim/srv/detail/teleport_absolute__type_support.cpp
[84.739s] -- Installing: /home/dayvson/ros2_study_ws/install/turtlesim/include/turtlesim/srv/detail/teleport_relative__rosidl_typesupport_introspection_cpp.hpp
[84.739s] -- Installing: /home/dayvson/ros2_study_ws/install/turtlesim/include/turtlesim/srv/detail/kill__type_support.cpp
[84.739s] -- Installing: /home/dayvson/ros2_study_ws/install/turtlesim/include/turtlesim/srv/detail/spawn__rosidl_typesupport_introspection_cpp.hpp
[84.740s] -- Installing: /home/dayvson/ros2_study_ws/install/turtlesim/include/turtlesim/srv/detail/set_pen__rosidl_typesupport_introspection_cpp.hpp
[84.741s] -- Installing: /home/dayvson/ros2_study_ws/install/turtlesim/include/turtlesim/srv/detail/set_pen__type_support.cpp
[84.742s] -- Installing: /home/dayvson/ros2_study_ws/install/turtlesim/include/turtlesim/srv/detail/kill__rosidl_typesupport_introspection_cpp.hpp
[84.742s] -- Installing: /home/dayvson/ros2_study_ws/install/turtlesim/include/turtlesim/srv/detail/spawn__type_support.cpp
[84.742s] -- Installing: /home/dayvson/ros2_study_ws/install/turtlesim/lib/libturtlesim__rosidl_typesupport_introspection_cpp.so
[84.743s] -- Set runtime path of "/home/dayvson/ros2_study_ws/install/turtlesim/lib/libturtlesim__rosidl_typesupport_introspection_cpp.so" to ""
[84.743s] -- Installing: /home/dayvson/ros2_study_ws/install/turtlesim/lib/libturtlesim__rosidl_typesupport_cpp.so
[84.745s] -- Set runtime path of "/home/dayvson/ros2_study_ws/install/turtlesim/lib/libturtlesim__rosidl_typesupport_cpp.so" to ""
[84.745s] -- Installing: /home/dayvson/ros2_study_ws/install/turtlesim/share/turtlesim/environment/pythonpath.sh
[84.746s] -- Installing: /home/dayvson/ros2_study_ws/install/turtlesim/share/turtlesim/environment/pythonpath.dsv
[84.746s] -- Installing: /home/dayvson/ros2_study_ws/install/turtlesim/lib/python3.8/site-packages/turtlesim/__init__.py
[87.183s] Compiling '/home/dayvson/ros2_study_ws/install/turtlesim/lib/python3.8/site-packages/turtlesim/__init__.py'...
[87.186s] -- Installing: /home/dayvson/ros2_study_ws/install/turtlesim/lib/python3.8/site-packages/turtlesim/action
[87.187s] -- Installing: /home/dayvson/ros2_study_ws/install/turtlesim/lib/python3.8/site-packages/turtlesim/action/_rotate_absolute.py
[87.187s] -- Installing: /home/dayvson/ros2_study_ws/install/turtlesim/lib/python3.8/site-packages/turtlesim/action/__init__.py
[87.187s] -- Installing: /home/dayvson/ros2_study_ws/install/turtlesim/lib/python3.8/site-packages/turtlesim/action/_rotate_absolute_s.c
[87.188s] -- Installing: /home/dayvson/ros2_study_ws/install/turtlesim/lib/python3.8/site-packages/turtlesim/msg
[87.188s] -- Installing: /home/dayvson/ros2_study_ws/install/turtlesim/lib/python3.8/site-packages/turtlesim/msg/_pose.py
[87.188s] -- Installing: /home/dayvson/ros2_study_ws/install/turtlesim/lib/python3.8/site-packages/turtlesim/msg/__init__.py
[87.188s] -- Installing: /home/dayvson/ros2_study_ws/install/turtlesim/lib/python3.8/site-packages/turtlesim/msg/_pose_s.c
[87.189s] -- Installing: /home/dayvson/ros2_study_ws/install/turtlesim/lib/python3.8/site-packages/turtlesim/msg/_color.py
[87.189s] -- Installing: /home/dayvson/ros2_study_ws/install/turtlesim/lib/python3.8/site-packages/turtlesim/msg/_color_s.c
[87.189s] -- Installing: /home/dayvson/ros2_study_ws/install/turtlesim/lib/python3.8/site-packages/turtlesim/srv
[87.189s] -- Installing: /home/dayvson/ros2_study_ws/install/turtlesim/lib/python3.8/site-packages/turtlesim/srv/_kill_s.c
[87.190s] -- Installing: /home/dayvson/ros2_study_ws/install/turtlesim/lib/python3.8/site-packages/turtlesim/srv/_spawn.py
[87.190s] -- Installing: /home/dayvson/ros2_study_ws/install/turtlesim/lib/python3.8/site-packages/turtlesim/srv/_kill.py
[87.190s] -- Installing: /home/dayvson/ros2_study_ws/install/turtlesim/lib/python3.8/site-packages/turtlesim/srv/_set_pen.py
[87.191s] -- Installing: /home/dayvson/ros2_study_ws/install/turtlesim/lib/python3.8/site-packages/turtlesim/srv/_spawn_s.c
[87.191s] -- Installing: /home/dayvson/ros2_study_ws/install/turtlesim/lib/python3.8/site-packages/turtlesim/srv/_teleport_absolute_s.c
[87.191s] -- Installing: /home/dayvson/ros2_study_ws/install/turtlesim/lib/python3.8/site-packages/turtlesim/srv/_teleport_relative.py
[87.191s] -- Installing: /home/dayvson/ros2_study_ws/install/turtlesim/lib/python3.8/site-packages/turtlesim/srv/_teleport_relative_s.c
[87.191s] -- Installing: /home/dayvson/ros2_study_ws/install/turtlesim/lib/python3.8/site-packages/turtlesim/srv/_teleport_absolute.py
[87.191s] -- Installing: /home/dayvson/ros2_study_ws/install/turtlesim/lib/python3.8/site-packages/turtlesim/srv/__init__.py
[87.192s] -- Installing: /home/dayvson/ros2_study_ws/install/turtlesim/lib/python3.8/site-packages/turtlesim/srv/_set_pen_s.c
[87.192s] -- Installing: /home/dayvson/ros2_study_ws/install/turtlesim/lib/python3.8/site-packages/turtlesim/turtlesim_s__rosidl_typesupport_fastrtps_c.cpython-38-x86_64-linux-gnu.so
[87.192s] -- Set runtime path of "/home/dayvson/ros2_study_ws/install/turtlesim/lib/python3.8/site-packages/turtlesim/turtlesim_s__rosidl_typesupport_fastrtps_c.cpython-38-x86_64-linux-gnu.so" to ""
[87.193s] -- Installing: /home/dayvson/ros2_study_ws/install/turtlesim/lib/python3.8/site-packages/turtlesim/turtlesim_s__rosidl_typesupport_introspection_c.cpython-38-x86_64-linux-gnu.so
[87.193s] -- Set runtime path of "/home/dayvson/ros2_study_ws/install/turtlesim/lib/python3.8/site-packages/turtlesim/turtlesim_s__rosidl_typesupport_introspection_c.cpython-38-x86_64-linux-gnu.so" to ""
[87.193s] -- Installing: /home/dayvson/ros2_study_ws/install/turtlesim/lib/python3.8/site-packages/turtlesim/turtlesim_s__rosidl_typesupport_c.cpython-38-x86_64-linux-gnu.so
[87.194s] -- Set runtime path of "/home/dayvson/ros2_study_ws/install/turtlesim/lib/python3.8/site-packages/turtlesim/turtlesim_s__rosidl_typesupport_c.cpython-38-x86_64-linux-gnu.so" to ""
[87.194s] -- Installing: /home/dayvson/ros2_study_ws/install/turtlesim/lib/libturtlesim__python.so
[87.194s] -- Set runtime path of "/home/dayvson/ros2_study_ws/install/turtlesim/lib/libturtlesim__python.so" to ""
[87.195s] -- Installing: /home/dayvson/ros2_study_ws/install/turtlesim/share/turtlesim/action/RotateAbsolute.idl
[87.195s] -- Installing: /home/dayvson/ros2_study_ws/install/turtlesim/share/turtlesim/msg/Color.idl
[87.195s] -- Installing: /home/dayvson/ros2_study_ws/install/turtlesim/share/turtlesim/msg/Pose.idl
[87.195s] -- Installing: /home/dayvson/ros2_study_ws/install/turtlesim/share/turtlesim/srv/Kill.idl
[87.196s] -- Installing: /home/dayvson/ros2_study_ws/install/turtlesim/share/turtlesim/srv/SetPen.idl
[87.196s] -- Installing: /home/dayvson/ros2_study_ws/install/turtlesim/share/turtlesim/srv/Spawn.idl
[87.196s] -- Installing: /home/dayvson/ros2_study_ws/install/turtlesim/share/turtlesim/srv/TeleportAbsolute.idl
[87.196s] -- Installing: /home/dayvson/ros2_study_ws/install/turtlesim/share/turtlesim/srv/TeleportRelative.idl
[87.197s] -- Installing: /home/dayvson/ros2_study_ws/install/turtlesim/share/turtlesim/action/RotateAbsolute.action
[87.197s] -- Installing: /home/dayvson/ros2_study_ws/install/turtlesim/share/turtlesim/msg/Color.msg
[87.197s] -- Installing: /home/dayvson/ros2_study_ws/install/turtlesim/share/turtlesim/msg/Pose.msg
[87.198s] -- Installing: /home/dayvson/ros2_study_ws/install/turtlesim/share/turtlesim/srv/Kill.srv
[87.198s] -- Installing: /home/dayvson/ros2_study_ws/install/turtlesim/share/turtlesim/srv/Kill_Request.msg
[87.198s] -- Installing: /home/dayvson/ros2_study_ws/install/turtlesim/share/turtlesim/srv/Kill_Response.msg
[87.198s] -- Installing: /home/dayvson/ros2_study_ws/install/turtlesim/share/turtlesim/srv/SetPen.srv
[87.199s] -- Installing: /home/dayvson/ros2_study_ws/install/turtlesim/share/turtlesim/srv/SetPen_Request.msg
[87.199s] -- Installing: /home/dayvson/ros2_study_ws/install/turtlesim/share/turtlesim/srv/SetPen_Response.msg
[87.199s] -- Installing: /home/dayvson/ros2_study_ws/install/turtlesim/share/turtlesim/srv/Spawn.srv
[87.199s] -- Installing: /home/dayvson/ros2_study_ws/install/turtlesim/share/turtlesim/srv/Spawn_Request.msg
[87.200s] -- Installing: /home/dayvson/ros2_study_ws/install/turtlesim/share/turtlesim/srv/Spawn_Response.msg
[87.200s] -- Installing: /home/dayvson/ros2_study_ws/install/turtlesim/share/turtlesim/srv/TeleportAbsolute.srv
[87.200s] -- Installing: /home/dayvson/ros2_study_ws/install/turtlesim/share/turtlesim/srv/TeleportAbsolute_Request.msg
[87.201s] -- Installing: /home/dayvson/ros2_study_ws/install/turtlesim/share/turtlesim/srv/TeleportAbsolute_Response.msg
[87.201s] -- Installing: /home/dayvson/ros2_study_ws/install/turtlesim/share/turtlesim/srv/TeleportRelative.srv
[87.201s] -- Installing: /home/dayvson/ros2_study_ws/install/turtlesim/share/turtlesim/srv/TeleportRelative_Request.msg
[87.201s] -- Installing: /home/dayvson/ros2_study_ws/install/turtlesim/share/turtlesim/srv/TeleportRelative_Response.msg
[87.202s] -- Installing: /home/dayvson/ros2_study_ws/install/turtlesim/lib/turtlesim/turtlesim_node
[87.209s] -- Set runtime path of "/home/dayvson/ros2_study_ws/install/turtlesim/lib/turtlesim/turtlesim_node" to ""
[87.209s] -- Installing: /home/dayvson/ros2_study_ws/install/turtlesim/lib/turtlesim/turtle_teleop_key
[87.212s] -- Set runtime path of "/home/dayvson/ros2_study_ws/install/turtlesim/lib/turtlesim/turtle_teleop_key" to ""
[87.212s] -- Installing: /home/dayvson/ros2_study_ws/install/turtlesim/lib/turtlesim/draw_square
[87.216s] -- Set runtime path of "/home/dayvson/ros2_study_ws/install/turtlesim/lib/turtlesim/draw_square" to ""
[87.216s] -- Installing: /home/dayvson/ros2_study_ws/install/turtlesim/lib/turtlesim/mimic
[87.220s] -- Set runtime path of "/home/dayvson/ros2_study_ws/install/turtlesim/lib/turtlesim/mimic" to ""
[87.220s] -- Installing: /home/dayvson/ros2_study_ws/install/turtlesim/share/turtlesim/images
[87.220s] -- Installing: /home/dayvson/ros2_study_ws/install/turtlesim/share/turtlesim/images/crystal.png
[87.220s] -- Installing: /home/dayvson/ros2_study_ws/install/turtlesim/share/turtlesim/images/ardent.png
[87.220s] -- Installing: /home/dayvson/ros2_study_ws/install/turtlesim/share/turtlesim/images/dashing.png
[87.220s] -- Installing: /home/dayvson/ros2_study_ws/install/turtlesim/share/turtlesim/images/eloquent.png
[87.220s] -- Installing: /home/dayvson/ros2_study_ws/install/turtlesim/share/turtlesim/images/bouncy.png
[87.220s] -- Installing: /home/dayvson/ros2_study_ws/install/turtlesim/share/turtlesim/images/galactic.png
[87.221s] -- Installing: /home/dayvson/ros2_study_ws/install/turtlesim/share/turtlesim/images/foxy.png
[87.221s] -- Installing: /home/dayvson/ros2_study_ws/install/turtlesim/share/turtlesim/launch
[87.221s] -- Installing: /home/dayvson/ros2_study_ws/install/turtlesim/share/turtlesim/launch/multisim.launch.py
[87.221s] -- Installing: /home/dayvson/ros2_study_ws/install/turtlesim/share/ament_index/resource_index/package_run_dependencies/turtlesim
[87.221s] -- Installing: /home/dayvson/ros2_study_ws/install/turtlesim/share/ament_index/resource_index/parent_prefix_path/turtlesim
[87.222s] -- Installing: /home/dayvson/ros2_study_ws/install/turtlesim/share/turtlesim/environment/ament_prefix_path.sh
[87.258s] -- Installing: /home/dayvson/ros2_study_ws/install/turtlesim/share/turtlesim/environment/ament_prefix_path.dsv
[87.258s] -- Installing: /home/dayvson/ros2_study_ws/install/turtlesim/share/turtlesim/environment/path.sh
[87.259s] -- Installing: /home/dayvson/ros2_study_ws/install/turtlesim/share/turtlesim/environment/path.dsv
[87.259s] -- Installing: /home/dayvson/ros2_study_ws/install/turtlesim/share/turtlesim/local_setup.bash
[87.259s] -- Installing: /home/dayvson/ros2_study_ws/install/turtlesim/share/turtlesim/local_setup.sh
[87.259s] -- Installing: /home/dayvson/ros2_study_ws/install/turtlesim/share/turtlesim/local_setup.zsh
[87.260s] -- Installing: /home/dayvson/ros2_study_ws/install/turtlesim/share/turtlesim/local_setup.dsv
[87.260s] -- Installing: /home/dayvson/ros2_study_ws/install/turtlesim/share/turtlesim/package.dsv
[87.260s] -- Installing: /home/dayvson/ros2_study_ws/install/turtlesim/share/ament_index/resource_index/packages/turtlesim
[87.261s] -- Installing: /home/dayvson/ros2_study_ws/install/turtlesim/share/turtlesim/cmake/turtlesim__rosidl_generator_cExport.cmake
[87.261s] -- Installing: /home/dayvson/ros2_study_ws/install/turtlesim/share/turtlesim/cmake/turtlesim__rosidl_generator_cExport-noconfig.cmake
[87.261s] -- Installing: /home/dayvson/ros2_study_ws/install/turtlesim/share/turtlesim/cmake/turtlesim__rosidl_typesupport_introspection_cExport.cmake
[87.261s] -- Installing: /home/dayvson/ros2_study_ws/install/turtlesim/share/turtlesim/cmake/turtlesim__rosidl_typesupport_introspection_cExport-noconfig.cmake
[87.262s] -- Installing: /home/dayvson/ros2_study_ws/install/turtlesim/share/turtlesim/cmake/turtlesim__rosidl_typesupport_cExport.cmake
[87.262s] -- Installing: /home/dayvson/ros2_study_ws/install/turtlesim/share/turtlesim/cmake/turtlesim__rosidl_typesupport_cExport-noconfig.cmake
[87.262s] -- Installing: /home/dayvson/ros2_study_ws/install/turtlesim/share/turtlesim/cmake/turtlesim__rosidl_generator_cppExport.cmake
[87.263s] -- Installing: /home/dayvson/ros2_study_ws/install/turtlesim/share/turtlesim/cmake/turtlesim__rosidl_typesupport_introspection_cppExport.cmake
[87.263s] -- Installing: /home/dayvson/ros2_study_ws/install/turtlesim/share/turtlesim/cmake/turtlesim__rosidl_typesupport_introspection_cppExport-noconfig.cmake
[87.263s] -- Installing: /home/dayvson/ros2_study_ws/install/turtlesim/share/turtlesim/cmake/turtlesim__rosidl_typesupport_cppExport.cmake
[87.263s] -- Installing: /home/dayvson/ros2_study_ws/install/turtlesim/share/turtlesim/cmake/turtlesim__rosidl_typesupport_cppExport-noconfig.cmake
[87.264s] -- Installing: /home/dayvson/ros2_study_ws/install/turtlesim/share/turtlesim/cmake/rosidl_cmake-extras.cmake
[87.264s] -- Installing: /home/dayvson/ros2_study_ws/install/turtlesim/share/turtlesim/cmake/ament_cmake_export_dependencies-extras.cmake
[87.264s] -- Installing: /home/dayvson/ros2_study_ws/install/turtlesim/share/turtlesim/cmake/ament_cmake_export_libraries-extras.cmake
[87.264s] -- Installing: /home/dayvson/ros2_study_ws/install/turtlesim/share/turtlesim/cmake/ament_cmake_export_targets-extras.cmake
[87.265s] -- Installing: /home/dayvson/ros2_study_ws/install/turtlesim/share/turtlesim/cmake/ament_cmake_export_include_directories-extras.cmake
[87.265s] -- Installing: /home/dayvson/ros2_study_ws/install/turtlesim/share/turtlesim/cmake/rosidl_cmake_export_typesupport_libraries-extras.cmake
[87.265s] -- Installing: /home/dayvson/ros2_study_ws/install/turtlesim/share/turtlesim/cmake/rosidl_cmake_export_typesupport_targets-extras.cmake
[87.265s] -- Installing: /home/dayvson/ros2_study_ws/install/turtlesim/share/turtlesim/cmake/turtlesimConfig.cmake
[87.266s] -- Installing: /home/dayvson/ros2_study_ws/install/turtlesim/share/turtlesim/cmake/turtlesimConfig-version.cmake
[87.266s] -- Installing: /home/dayvson/ros2_study_ws/install/turtlesim/share/turtlesim/package.xml
[87.269s] Invoked command in '/home/dayvson/ros2_study_ws/build/turtlesim' returned '0': CMAKE_PREFIX_PATH=/opt/ros/galactic /usr/bin/cmake --install /home/dayvson/ros2_study_ws/build/turtlesim
