[2.877s] Invoking command in '/home/dayvson/ros2_study_ws/src/py_pubsub': PYTHONPATH=/home/dayvson/ros2_study_ws/install/py_pubsub/lib/python3.8/site-packages:${PYTHONPATH} /usr/bin/python3 setup.py egg_info --egg-base ../../build/py_pubsub build --build-base /home/dayvson/ros2_study_ws/build/py_pubsub/build install --prefix /home/dayvson/ros2_study_ws/install/py_pubsub --record /home/dayvson/ros2_study_ws/build/py_pubsub/install.log --single-version-externally-managed
[3.487s] running egg_info
[3.526s] writing ../../build/py_pubsub/py_pubsub.egg-info/PKG-INFO
[3.548s] writing dependency_links to ../../build/py_pubsub/py_pubsub.egg-info/dependency_links.txt
[3.612s] writing entry points to ../../build/py_pubsub/py_pubsub.egg-info/entry_points.txt
[3.655s] writing requirements to ../../build/py_pubsub/py_pubsub.egg-info/requires.txt
[3.678s] writing top-level names to ../../build/py_pubsub/py_pubsub.egg-info/top_level.txt
[3.736s] reading manifest file '../../build/py_pubsub/py_pubsub.egg-info/SOURCES.txt'
[3.797s] writing manifest file '../../build/py_pubsub/py_pubsub.egg-info/SOURCES.txt'
[3.797s] running build
[3.797s] running build_py
[3.797s] running install
[3.797s] /home/dayvson/.local/lib/python3.8/site-packages/setuptools/command/install.py:34: SetuptoolsDeprecationWarning: setup.py install is deprecated. Use build and pip and other standards-based tools.
[3.797s]   warnings.warn(
[3.802s] running install_lib
[3.874s] running install_data
[3.897s] running install_egg_info
[3.946s] removing '/home/dayvson/ros2_study_ws/install/py_pubsub/lib/python3.8/site-packages/py_pubsub-0.0.0-py3.8.egg-info' (and everything under it)
[3.946s] Copying ../../build/py_pubsub/py_pubsub.egg-info to /home/dayvson/ros2_study_ws/install/py_pubsub/lib/python3.8/site-packages/py_pubsub-0.0.0-py3.8.egg-info
[3.947s] running install_scripts
[4.073s] Installing listener script to /home/dayvson/ros2_study_ws/install/py_pubsub/lib/py_pubsub
[4.073s] Installing talker script to /home/dayvson/ros2_study_ws/install/py_pubsub/lib/py_pubsub
[4.073s] writing list of installed files to '/home/dayvson/ros2_study_ws/build/py_pubsub/install.log'
[4.102s] Invoked command in '/home/dayvson/ros2_study_ws/src/py_pubsub' returned '0': PYTHONPATH=/home/dayvson/ros2_study_ws/install/py_pubsub/lib/python3.8/site-packages:${PYTHONPATH} /usr/bin/python3 setup.py egg_info --egg-base ../../build/py_pubsub build --build-base /home/dayvson/ros2_study_ws/build/py_pubsub/build install --prefix /home/dayvson/ros2_study_ws/install/py_pubsub --record /home/dayvson/ros2_study_ws/build/py_pubsub/install.log --single-version-externally-managed
