[1.408s] Invoking command in '/home/dayvson/ros2_study_ws/my_package_python': PYTHONPATH=/home/dayvson/ros2_study_ws/install/my_package_python/lib/python3.8/site-packages:${PYTHONPATH} /usr/bin/python3 setup.py egg_info --egg-base ../build/my_package_python build --build-base /home/dayvson/ros2_study_ws/build/my_package_python/build install --prefix /home/dayvson/ros2_study_ws/install/my_package_python --record /home/dayvson/ros2_study_ws/build/my_package_python/install.log --single-version-externally-managed
[1.977s] running egg_info
[2.014s] writing ../build/my_package_python/my_package_python.egg-info/PKG-INFO
[2.035s] writing dependency_links to ../build/my_package_python/my_package_python.egg-info/dependency_links.txt
[2.097s] writing entry points to ../build/my_package_python/my_package_python.egg-info/entry_points.txt
[2.138s] writing requirements to ../build/my_package_python/my_package_python.egg-info/requires.txt
[2.158s] writing top-level names to ../build/my_package_python/my_package_python.egg-info/top_level.txt
[2.211s] reading manifest file '../build/my_package_python/my_package_python.egg-info/SOURCES.txt'
[2.212s] writing manifest file '../build/my_package_python/my_package_python.egg-info/SOURCES.txt'
[2.212s] running build
[2.212s] running build_py
[2.212s] running install
[2.213s] /home/dayvson/.local/lib/python3.8/site-packages/setuptools/command/install.py:34: SetuptoolsDeprecationWarning: setup.py install is deprecated. Use build and pip and other standards-based tools.
[2.213s]   warnings.warn(
[2.217s] running install_lib
[2.259s] running install_data
[2.275s] running install_egg_info
[2.312s] removing '/home/dayvson/ros2_study_ws/install/my_package_python/lib/python3.8/site-packages/my_package_python-0.0.0-py3.8.egg-info' (and everything under it)
[2.312s] Copying ../build/my_package_python/my_package_python.egg-info to /home/dayvson/ros2_study_ws/install/my_package_python/lib/python3.8/site-packages/my_package_python-0.0.0-py3.8.egg-info
[2.313s] running install_scripts
[2.412s] Installing my_node script to /home/dayvson/ros2_study_ws/install/my_package_python/lib/my_package_python
[2.412s] writing list of installed files to '/home/dayvson/ros2_study_ws/build/my_package_python/install.log'
[2.436s] Invoked command in '/home/dayvson/ros2_study_ws/my_package_python' returned '0': PYTHONPATH=/home/dayvson/ros2_study_ws/install/my_package_python/lib/python3.8/site-packages:${PYTHONPATH} /usr/bin/python3 setup.py egg_info --egg-base ../build/my_package_python build --build-base /home/dayvson/ros2_study_ws/build/my_package_python/build install --prefix /home/dayvson/ros2_study_ws/install/my_package_python --record /home/dayvson/ros2_study_ws/build/my_package_python/install.log --single-version-externally-managed
