[1.039s] Invoking command in '/home/dayvson/ros2_study_ws/build/turtlesim': CMAKE_PREFIX_PATH=${CMAKE_PREFIX_PATH}:/home/dayvson/ros2_study_ws/install/my_package_python:/opt/ros/galactic /usr/bin/cmake --build /home/dayvson/ros2_study_ws/build/turtlesim -- -j12 -l12
[1.144s] [  1%] Built target turtlesim__cpp
[1.149s] [ 11%] Built target turtlesim__rosidl_generator_c
[1.200s] [ 21%] Built target turtlesim__rosidl_typesupport_introspection_cpp
[1.202s] [ 31%] Built target turtlesim__rosidl_typesupport_cpp
[1.211s] [ 41%] Built target turtlesim__rosidl_typesupport_c
[1.215s] [ 51%] Built target turtlesim__rosidl_typesupport_introspection_c
[1.237s] [ 61%] Built target turtlesim__rosidl_typesupport_fastrtps_cpp
[1.294s] [ 71%] Built target turtlesim__rosidl_typesupport_fastrtps_c
[1.331s] [ 71%] Built target turtlesim
[1.390s] [ 73%] Built target turtle_teleop_key
[1.390s] [ 74%] Built target turtlesim__py
[1.397s] [ 76%] Built target mimic
[1.398s] [ 78%] Built target draw_square
[1.433s] [ 84%] Built target turtlesim_node
[1.448s] [ 93%] Built target turtlesim__python
[1.504s] [ 95%] Built target turtlesim__rosidl_typesupport_c__pyext
[1.504s] [ 98%] Built target turtlesim__rosidl_typesupport_introspection_c__pyext
[1.505s] [100%] Built target turtlesim__rosidl_typesupport_fastrtps_c__pyext
[1.525s] Invoked command in '/home/dayvson/ros2_study_ws/build/turtlesim' returned '0': CMAKE_PREFIX_PATH=${CMAKE_PREFIX_PATH}:/home/dayvson/ros2_study_ws/install/my_package_python:/opt/ros/galactic /usr/bin/cmake --build /home/dayvson/ros2_study_ws/build/turtlesim -- -j12 -l12
[1.813s] Invoking command in '/home/dayvson/ros2_study_ws/build/turtlesim': CMAKE_PREFIX_PATH=${CMAKE_PREFIX_PATH}:/home/dayvson/ros2_study_ws/install/my_package_python:/opt/ros/galactic /usr/bin/cmake --install /home/dayvson/ros2_study_ws/build/turtlesim
[1.828s] -- Install configuration: ""
[1.829s] -- Up-to-date: /home/dayvson/ros2_study_ws/install/turtlesim/share/ament_index/resource_index/rosidl_interfaces/turtlesim
[1.829s] -- Up-to-date: /home/dayvson/ros2_study_ws/install/turtlesim/include/turtlesim
[1.830s] -- Up-to-date: /home/dayvson/ros2_study_ws/install/turtlesim/include/turtlesim/msg
[1.830s] -- Up-to-date: /home/dayvson/ros2_study_ws/install/turtlesim/include/turtlesim/msg/detail
[1.830s] -- Up-to-date: /home/dayvson/ros2_study_ws/install/turtlesim/include/turtlesim/msg/detail/color__functions.h
[1.831s] -- Up-to-date: /home/dayvson/ros2_study_ws/install/turtlesim/include/turtlesim/msg/detail/pose__functions.c
[1.831s] -- Up-to-date: /home/dayvson/ros2_study_ws/install/turtlesim/include/turtlesim/msg/detail/color__functions.c
[1.832s] -- Up-to-date: /home/dayvson/ros2_study_ws/install/turtlesim/include/turtlesim/msg/detail/color__type_support.h
[1.832s] -- Up-to-date: /home/dayvson/ros2_study_ws/install/turtlesim/include/turtlesim/msg/detail/pose__functions.h
[1.833s] -- Up-to-date: /home/dayvson/ros2_study_ws/install/turtlesim/include/turtlesim/msg/detail/pose__type_support.h
[1.833s] -- Up-to-date: /home/dayvson/ros2_study_ws/install/turtlesim/include/turtlesim/msg/detail/color__struct.h
[1.833s] -- Up-to-date: /home/dayvson/ros2_study_ws/install/turtlesim/include/turtlesim/msg/detail/pose__struct.h
[1.834s] -- Up-to-date: /home/dayvson/ros2_study_ws/install/turtlesim/include/turtlesim/msg/color.h
[1.834s] -- Up-to-date: /home/dayvson/ros2_study_ws/install/turtlesim/include/turtlesim/msg/rosidl_generator_c__visibility_control.h
[1.835s] -- Up-to-date: /home/dayvson/ros2_study_ws/install/turtlesim/include/turtlesim/msg/pose.h
[1.835s] -- Up-to-date: /home/dayvson/ros2_study_ws/install/turtlesim/include/turtlesim/action
[1.836s] -- Up-to-date: /home/dayvson/ros2_study_ws/install/turtlesim/include/turtlesim/action/detail
[1.836s] -- Up-to-date: /home/dayvson/ros2_study_ws/install/turtlesim/include/turtlesim/action/detail/rotate_absolute__struct.h
[1.836s] -- Up-to-date: /home/dayvson/ros2_study_ws/install/turtlesim/include/turtlesim/action/detail/rotate_absolute__functions.c
[1.837s] -- Up-to-date: /home/dayvson/ros2_study_ws/install/turtlesim/include/turtlesim/action/detail/rotate_absolute__functions.h
[1.838s] -- Up-to-date: /home/dayvson/ros2_study_ws/install/turtlesim/include/turtlesim/action/detail/rotate_absolute__type_support.h
[1.838s] -- Up-to-date: /home/dayvson/ros2_study_ws/install/turtlesim/include/turtlesim/action/rotate_absolute.h
[1.839s] -- Up-to-date: /home/dayvson/ros2_study_ws/install/turtlesim/include/turtlesim/srv
[1.840s] -- Up-to-date: /home/dayvson/ros2_study_ws/install/turtlesim/include/turtlesim/srv/detail
[1.840s] -- Up-to-date: /home/dayvson/ros2_study_ws/install/turtlesim/include/turtlesim/srv/detail/teleport_absolute__struct.h
[1.840s] -- Up-to-date: /home/dayvson/ros2_study_ws/install/turtlesim/include/turtlesim/srv/detail/teleport_absolute__type_support.h
[1.841s] -- Up-to-date: /home/dayvson/ros2_study_ws/install/turtlesim/include/turtlesim/srv/detail/kill__functions.c
[1.841s] -- Up-to-date: /home/dayvson/ros2_study_ws/install/turtlesim/include/turtlesim/srv/detail/kill__struct.h
[1.841s] -- Up-to-date: /home/dayvson/ros2_study_ws/install/turtlesim/include/turtlesim/srv/detail/kill__type_support.h
[1.842s] -- Up-to-date: /home/dayvson/ros2_study_ws/install/turtlesim/include/turtlesim/srv/detail/teleport_relative__type_support.h
[1.842s] -- Up-to-date: /home/dayvson/ros2_study_ws/install/turtlesim/include/turtlesim/srv/detail/set_pen__functions.c
[1.843s] -- Up-to-date: /home/dayvson/ros2_study_ws/install/turtlesim/include/turtlesim/srv/detail/teleport_absolute__functions.c
[1.843s] -- Up-to-date: /home/dayvson/ros2_study_ws/install/turtlesim/include/turtlesim/srv/detail/spawn__functions.c
[1.843s] -- Up-to-date: /home/dayvson/ros2_study_ws/install/turtlesim/include/turtlesim/srv/detail/teleport_relative__functions.h
[1.843s] -- Up-to-date: /home/dayvson/ros2_study_ws/install/turtlesim/include/turtlesim/srv/detail/spawn__functions.h
[1.844s] -- Up-to-date: /home/dayvson/ros2_study_ws/install/turtlesim/include/turtlesim/srv/detail/teleport_relative__struct.h
[1.844s] -- Up-to-date: /home/dayvson/ros2_study_ws/install/turtlesim/include/turtlesim/srv/detail/teleport_absolute__functions.h
[1.845s] -- Up-to-date: /home/dayvson/ros2_study_ws/install/turtlesim/include/turtlesim/srv/detail/teleport_relative__functions.c
[1.845s] -- Up-to-date: /home/dayvson/ros2_study_ws/install/turtlesim/include/turtlesim/srv/detail/set_pen__functions.h
[1.845s] -- Up-to-date: /home/dayvson/ros2_study_ws/install/turtlesim/include/turtlesim/srv/detail/set_pen__struct.h
[1.846s] -- Up-to-date: /home/dayvson/ros2_study_ws/install/turtlesim/include/turtlesim/srv/detail/kill__functions.h
[1.846s] -- Up-to-date: /home/dayvson/ros2_study_ws/install/turtlesim/include/turtlesim/srv/detail/set_pen__type_support.h
[1.846s] -- Up-to-date: /home/dayvson/ros2_study_ws/install/turtlesim/include/turtlesim/srv/detail/spawn__type_support.h
[1.847s] -- Up-to-date: /home/dayvson/ros2_study_ws/install/turtlesim/include/turtlesim/srv/detail/spawn__struct.h
[1.847s] -- Up-to-date: /home/dayvson/ros2_study_ws/install/turtlesim/include/turtlesim/srv/set_pen.h
[1.848s] -- Up-to-date: /home/dayvson/ros2_study_ws/install/turtlesim/include/turtlesim/srv/teleport_relative.h
[1.848s] -- Up-to-date: /home/dayvson/ros2_study_ws/install/turtlesim/include/turtlesim/srv/spawn.h
[1.848s] -- Up-to-date: /home/dayvson/ros2_study_ws/install/turtlesim/include/turtlesim/srv/kill.h
[1.849s] -- Up-to-date: /home/dayvson/ros2_study_ws/install/turtlesim/include/turtlesim/srv/teleport_absolute.h
[1.849s] -- Up-to-date: /home/dayvson/ros2_study_ws/install/turtlesim/share/turtlesim/environment/library_path.sh
[1.849s] -- Up-to-date: /home/dayvson/ros2_study_ws/install/turtlesim/share/turtlesim/environment/library_path.dsv
[1.849s] -- Up-to-date: /home/dayvson/ros2_study_ws/install/turtlesim/lib/libturtlesim__rosidl_generator_c.so
[1.850s] -- Up-to-date: /home/dayvson/ros2_study_ws/install/turtlesim/include/turtlesim
[1.850s] -- Up-to-date: /home/dayvson/ros2_study_ws/install/turtlesim/include/turtlesim/msg
[1.850s] -- Up-to-date: /home/dayvson/ros2_study_ws/install/turtlesim/include/turtlesim/msg/detail
[1.851s] -- Up-to-date: /home/dayvson/ros2_study_ws/install/turtlesim/include/turtlesim/msg/detail/color__rosidl_typesupport_fastrtps_c.h
[1.851s] -- Up-to-date: /home/dayvson/ros2_study_ws/install/turtlesim/include/turtlesim/msg/detail/pose__rosidl_typesupport_fastrtps_c.h
[1.851s] -- Up-to-date: /home/dayvson/ros2_study_ws/install/turtlesim/include/turtlesim/msg/rosidl_typesupport_fastrtps_c__visibility_control.h
[1.852s] -- Up-to-date: /home/dayvson/ros2_study_ws/install/turtlesim/include/turtlesim/action
[1.852s] -- Up-to-date: /home/dayvson/ros2_study_ws/install/turtlesim/include/turtlesim/action/detail
[1.852s] -- Up-to-date: /home/dayvson/ros2_study_ws/install/turtlesim/include/turtlesim/action/detail/rotate_absolute__rosidl_typesupport_fastrtps_c.h
[1.853s] -- Up-to-date: /home/dayvson/ros2_study_ws/install/turtlesim/include/turtlesim/srv
[1.853s] -- Up-to-date: /home/dayvson/ros2_study_ws/install/turtlesim/include/turtlesim/srv/detail
[1.853s] -- Up-to-date: /home/dayvson/ros2_study_ws/install/turtlesim/include/turtlesim/srv/detail/spawn__rosidl_typesupport_fastrtps_c.h
[1.853s] -- Up-to-date: /home/dayvson/ros2_study_ws/install/turtlesim/include/turtlesim/srv/detail/teleport_relative__rosidl_typesupport_fastrtps_c.h
[1.854s] -- Up-to-date: /home/dayvson/ros2_study_ws/install/turtlesim/include/turtlesim/srv/detail/set_pen__rosidl_typesupport_fastrtps_c.h
[1.854s] -- Up-to-date: /home/dayvson/ros2_study_ws/install/turtlesim/include/turtlesim/srv/detail/teleport_absolute__rosidl_typesupport_fastrtps_c.h
[1.854s] -- Up-to-date: /home/dayvson/ros2_study_ws/install/turtlesim/include/turtlesim/srv/detail/kill__rosidl_typesupport_fastrtps_c.h
[1.855s] -- Up-to-date: /home/dayvson/ros2_study_ws/install/turtlesim/lib/libturtlesim__rosidl_typesupport_fastrtps_c.so
[1.855s] -- Up-to-date: /home/dayvson/ros2_study_ws/install/turtlesim/include/turtlesim
[1.855s] -- Up-to-date: /home/dayvson/ros2_study_ws/install/turtlesim/include/turtlesim/msg
[1.856s] -- Up-to-date: /home/dayvson/ros2_study_ws/install/turtlesim/include/turtlesim/msg/detail
[1.856s] -- Up-to-date: /home/dayvson/ros2_study_ws/install/turtlesim/include/turtlesim/msg/detail/color__rosidl_typesupport_fastrtps_cpp.hpp
[1.856s] -- Up-to-date: /home/dayvson/ros2_study_ws/install/turtlesim/include/turtlesim/msg/detail/pose__rosidl_typesupport_fastrtps_cpp.hpp
[1.856s] -- Up-to-date: /home/dayvson/ros2_study_ws/install/turtlesim/include/turtlesim/msg/detail/dds_fastrtps
[1.857s] -- Up-to-date: /home/dayvson/ros2_study_ws/install/turtlesim/include/turtlesim/msg/rosidl_typesupport_fastrtps_cpp__visibility_control.h
[1.857s] -- Up-to-date: /home/dayvson/ros2_study_ws/install/turtlesim/include/turtlesim/action
[1.857s] -- Up-to-date: /home/dayvson/ros2_study_ws/install/turtlesim/include/turtlesim/action/detail
[1.858s] -- Up-to-date: /home/dayvson/ros2_study_ws/install/turtlesim/include/turtlesim/action/detail/dds_fastrtps
[1.858s] -- Up-to-date: /home/dayvson/ros2_study_ws/install/turtlesim/include/turtlesim/action/detail/rotate_absolute__rosidl_typesupport_fastrtps_cpp.hpp
[1.858s] -- Up-to-date: /home/dayvson/ros2_study_ws/install/turtlesim/include/turtlesim/srv
[1.858s] -- Up-to-date: /home/dayvson/ros2_study_ws/install/turtlesim/include/turtlesim/srv/detail
[1.859s] -- Up-to-date: /home/dayvson/ros2_study_ws/install/turtlesim/include/turtlesim/srv/detail/kill__rosidl_typesupport_fastrtps_cpp.hpp
[1.859s] -- Up-to-date: /home/dayvson/ros2_study_ws/install/turtlesim/include/turtlesim/srv/detail/set_pen__rosidl_typesupport_fastrtps_cpp.hpp
[1.859s] -- Up-to-date: /home/dayvson/ros2_study_ws/install/turtlesim/include/turtlesim/srv/detail/spawn__rosidl_typesupport_fastrtps_cpp.hpp
[1.860s] -- Up-to-date: /home/dayvson/ros2_study_ws/install/turtlesim/include/turtlesim/srv/detail/teleport_absolute__rosidl_typesupport_fastrtps_cpp.hpp
[1.860s] -- Up-to-date: /home/dayvson/ros2_study_ws/install/turtlesim/include/turtlesim/srv/detail/teleport_relative__rosidl_typesupport_fastrtps_cpp.hpp
[1.860s] -- Up-to-date: /home/dayvson/ros2_study_ws/install/turtlesim/include/turtlesim/srv/detail/dds_fastrtps
[1.861s] -- Up-to-date: /home/dayvson/ros2_study_ws/install/turtlesim/lib/libturtlesim__rosidl_typesupport_fastrtps_cpp.so
[1.861s] -- Up-to-date: /home/dayvson/ros2_study_ws/install/turtlesim/include/turtlesim
[1.861s] -- Up-to-date: /home/dayvson/ros2_study_ws/install/turtlesim/include/turtlesim/msg
[1.861s] -- Up-to-date: /home/dayvson/ros2_study_ws/install/turtlesim/include/turtlesim/msg/detail
[1.862s] -- Up-to-date: /home/dayvson/ros2_study_ws/install/turtlesim/include/turtlesim/msg/detail/color__type_support.c
[1.862s] -- Up-to-date: /home/dayvson/ros2_study_ws/install/turtlesim/include/turtlesim/msg/detail/pose__type_support.c
[1.862s] -- Up-to-date: /home/dayvson/ros2_study_ws/install/turtlesim/include/turtlesim/msg/detail/pose__rosidl_typesupport_introspection_c.h
[1.863s] -- Up-to-date: /home/dayvson/ros2_study_ws/install/turtlesim/include/turtlesim/msg/detail/color__rosidl_typesupport_introspection_c.h
[1.863s] -- Up-to-date: /home/dayvson/ros2_study_ws/install/turtlesim/include/turtlesim/msg/rosidl_typesupport_introspection_c__visibility_control.h
[1.864s] -- Up-to-date: /home/dayvson/ros2_study_ws/install/turtlesim/include/turtlesim/action
[1.864s] -- Up-to-date: /home/dayvson/ros2_study_ws/install/turtlesim/include/turtlesim/action/detail
[1.864s] -- Up-to-date: /home/dayvson/ros2_study_ws/install/turtlesim/include/turtlesim/action/detail/rotate_absolute__type_support.c
[1.864s] -- Up-to-date: /home/dayvson/ros2_study_ws/install/turtlesim/include/turtlesim/action/detail/rotate_absolute__rosidl_typesupport_introspection_c.h
[1.865s] -- Up-to-date: /home/dayvson/ros2_study_ws/install/turtlesim/include/turtlesim/srv
[1.865s] -- Up-to-date: /home/dayvson/ros2_study_ws/install/turtlesim/include/turtlesim/srv/detail
[1.865s] -- Up-to-date: /home/dayvson/ros2_study_ws/install/turtlesim/include/turtlesim/srv/detail/teleport_absolute__rosidl_typesupport_introspection_c.h
[1.866s] -- Up-to-date: /home/dayvson/ros2_study_ws/install/turtlesim/include/turtlesim/srv/detail/teleport_relative__type_support.c
[1.867s] -- Up-to-date: /home/dayvson/ros2_study_ws/install/turtlesim/include/turtlesim/srv/detail/spawn__type_support.c
[1.867s] -- Up-to-date: /home/dayvson/ros2_study_ws/install/turtlesim/include/turtlesim/srv/detail/teleport_absolute__type_support.c
[1.867s] -- Up-to-date: /home/dayvson/ros2_study_ws/install/turtlesim/include/turtlesim/srv/detail/set_pen__type_support.c
[1.868s] -- Up-to-date: /home/dayvson/ros2_study_ws/install/turtlesim/include/turtlesim/srv/detail/kill__type_support.c
[1.868s] -- Up-to-date: /home/dayvson/ros2_study_ws/install/turtlesim/include/turtlesim/srv/detail/set_pen__rosidl_typesupport_introspection_c.h
[1.868s] -- Up-to-date: /home/dayvson/ros2_study_ws/install/turtlesim/include/turtlesim/srv/detail/spawn__rosidl_typesupport_introspection_c.h
[1.869s] -- Up-to-date: /home/dayvson/ros2_study_ws/install/turtlesim/include/turtlesim/srv/detail/kill__rosidl_typesupport_introspection_c.h
[1.869s] -- Up-to-date: /home/dayvson/ros2_study_ws/install/turtlesim/include/turtlesim/srv/detail/teleport_relative__rosidl_typesupport_introspection_c.h
[1.869s] -- Up-to-date: /home/dayvson/ros2_study_ws/install/turtlesim/lib/libturtlesim__rosidl_typesupport_introspection_c.so
[1.870s] -- Up-to-date: /home/dayvson/ros2_study_ws/install/turtlesim/lib/libturtlesim__rosidl_typesupport_c.so
[1.870s] -- Up-to-date: /home/dayvson/ros2_study_ws/install/turtlesim/include/turtlesim
[1.870s] -- Up-to-date: /home/dayvson/ros2_study_ws/install/turtlesim/include/turtlesim/msg
[1.871s] -- Up-to-date: /home/dayvson/ros2_study_ws/install/turtlesim/include/turtlesim/msg/detail
[1.871s] -- Up-to-date: /home/dayvson/ros2_study_ws/install/turtlesim/include/turtlesim/msg/detail/pose__struct.hpp
[1.872s] -- Up-to-date: /home/dayvson/ros2_study_ws/install/turtlesim/include/turtlesim/msg/detail/pose__builder.hpp
[1.872s] -- Up-to-date: /home/dayvson/ros2_study_ws/install/turtlesim/include/turtlesim/msg/detail/color__struct.hpp
[1.872s] -- Up-to-date: /home/dayvson/ros2_study_ws/install/turtlesim/include/turtlesim/msg/detail/pose__traits.hpp
[1.873s] -- Up-to-date: /home/dayvson/ros2_study_ws/install/turtlesim/include/turtlesim/msg/detail/color__builder.hpp
[1.873s] -- Up-to-date: /home/dayvson/ros2_study_ws/install/turtlesim/include/turtlesim/msg/detail/color__traits.hpp
[1.873s] -- Up-to-date: /home/dayvson/ros2_study_ws/install/turtlesim/include/turtlesim/msg/pose.hpp
[1.874s] -- Up-to-date: /home/dayvson/ros2_study_ws/install/turtlesim/include/turtlesim/msg/color.hpp
[1.874s] -- Up-to-date: /home/dayvson/ros2_study_ws/install/turtlesim/include/turtlesim/action
[1.874s] -- Up-to-date: /home/dayvson/ros2_study_ws/install/turtlesim/include/turtlesim/action/detail
[1.874s] -- Up-to-date: /home/dayvson/ros2_study_ws/install/turtlesim/include/turtlesim/action/detail/rotate_absolute__builder.hpp
[1.875s] -- Up-to-date: /home/dayvson/ros2_study_ws/install/turtlesim/include/turtlesim/action/detail/rotate_absolute__traits.hpp
[1.875s] -- Up-to-date: /home/dayvson/ros2_study_ws/install/turtlesim/include/turtlesim/action/detail/rotate_absolute__struct.hpp
[1.875s] -- Up-to-date: /home/dayvson/ros2_study_ws/install/turtlesim/include/turtlesim/action/rotate_absolute.hpp
[1.876s] -- Up-to-date: /home/dayvson/ros2_study_ws/install/turtlesim/include/turtlesim/srv
[1.876s] -- Up-to-date: /home/dayvson/ros2_study_ws/install/turtlesim/include/turtlesim/srv/detail
[1.876s] -- Up-to-date: /home/dayvson/ros2_study_ws/install/turtlesim/include/turtlesim/srv/detail/kill__struct.hpp
[1.877s] -- Up-to-date: /home/dayvson/ros2_study_ws/install/turtlesim/include/turtlesim/srv/detail/set_pen__traits.hpp
[1.877s] -- Up-to-date: /home/dayvson/ros2_study_ws/install/turtlesim/include/turtlesim/srv/detail/teleport_absolute__traits.hpp
[1.877s] -- Up-to-date: /home/dayvson/ros2_study_ws/install/turtlesim/include/turtlesim/srv/detail/kill__builder.hpp
[1.878s] -- Up-to-date: /home/dayvson/ros2_study_ws/install/turtlesim/include/turtlesim/srv/detail/kill__traits.hpp
[1.878s] -- Up-to-date: /home/dayvson/ros2_study_ws/install/turtlesim/include/turtlesim/srv/detail/teleport_relative__traits.hpp
[1.878s] -- Up-to-date: /home/dayvson/ros2_study_ws/install/turtlesim/include/turtlesim/srv/detail/spawn__struct.hpp
[1.879s] -- Up-to-date: /home/dayvson/ros2_study_ws/install/turtlesim/include/turtlesim/srv/detail/teleport_relative__struct.hpp
[1.879s] -- Up-to-date: /home/dayvson/ros2_study_ws/install/turtlesim/include/turtlesim/srv/detail/set_pen__builder.hpp
[1.879s] -- Up-to-date: /home/dayvson/ros2_study_ws/install/turtlesim/include/turtlesim/srv/detail/teleport_relative__builder.hpp
[1.880s] -- Up-to-date: /home/dayvson/ros2_study_ws/install/turtlesim/include/turtlesim/srv/detail/spawn__traits.hpp
[1.880s] -- Up-to-date: /home/dayvson/ros2_study_ws/install/turtlesim/include/turtlesim/srv/detail/teleport_absolute__struct.hpp
[1.880s] -- Up-to-date: /home/dayvson/ros2_study_ws/install/turtlesim/include/turtlesim/srv/detail/spawn__builder.hpp
[1.881s] -- Up-to-date: /home/dayvson/ros2_study_ws/install/turtlesim/include/turtlesim/srv/detail/teleport_absolute__builder.hpp
[1.881s] -- Up-to-date: /home/dayvson/ros2_study_ws/install/turtlesim/include/turtlesim/srv/detail/set_pen__struct.hpp
[1.881s] -- Up-to-date: /home/dayvson/ros2_study_ws/install/turtlesim/include/turtlesim/srv/spawn.hpp
[1.882s] -- Up-to-date: /home/dayvson/ros2_study_ws/install/turtlesim/include/turtlesim/srv/kill.hpp
[1.882s] -- Up-to-date: /home/dayvson/ros2_study_ws/install/turtlesim/include/turtlesim/srv/set_pen.hpp
[1.882s] -- Up-to-date: /home/dayvson/ros2_study_ws/install/turtlesim/include/turtlesim/srv/teleport_absolute.hpp
[1.882s] -- Up-to-date: /home/dayvson/ros2_study_ws/install/turtlesim/include/turtlesim/srv/teleport_relative.hpp
[1.883s] -- Up-to-date: /home/dayvson/ros2_study_ws/install/turtlesim/include/turtlesim
[1.883s] -- Up-to-date: /home/dayvson/ros2_study_ws/install/turtlesim/include/turtlesim/msg
[1.884s] -- Up-to-date: /home/dayvson/ros2_study_ws/install/turtlesim/include/turtlesim/msg/detail
[1.884s] -- Up-to-date: /home/dayvson/ros2_study_ws/install/turtlesim/include/turtlesim/msg/detail/pose__rosidl_typesupport_introspection_cpp.hpp
[1.884s] -- Up-to-date: /home/dayvson/ros2_study_ws/install/turtlesim/include/turtlesim/msg/detail/color__rosidl_typesupport_introspection_cpp.hpp
[1.885s] -- Up-to-date: /home/dayvson/ros2_study_ws/install/turtlesim/include/turtlesim/msg/detail/pose__type_support.cpp
[1.885s] -- Up-to-date: /home/dayvson/ros2_study_ws/install/turtlesim/include/turtlesim/msg/detail/color__type_support.cpp
[1.885s] -- Up-to-date: /home/dayvson/ros2_study_ws/install/turtlesim/include/turtlesim/action
[1.885s] -- Up-to-date: /home/dayvson/ros2_study_ws/install/turtlesim/include/turtlesim/action/detail
[1.886s] -- Up-to-date: /home/dayvson/ros2_study_ws/install/turtlesim/include/turtlesim/action/detail/rotate_absolute__type_support.cpp
[1.886s] -- Up-to-date: /home/dayvson/ros2_study_ws/install/turtlesim/include/turtlesim/action/detail/rotate_absolute__rosidl_typesupport_introspection_cpp.hpp
[1.886s] -- Up-to-date: /home/dayvson/ros2_study_ws/install/turtlesim/include/turtlesim/srv
[1.887s] -- Up-to-date: /home/dayvson/ros2_study_ws/install/turtlesim/include/turtlesim/srv/detail
[1.887s] -- Up-to-date: /home/dayvson/ros2_study_ws/install/turtlesim/include/turtlesim/srv/detail/teleport_relative__type_support.cpp
[1.887s] -- Up-to-date: /home/dayvson/ros2_study_ws/install/turtlesim/include/turtlesim/srv/detail/teleport_absolute__rosidl_typesupport_introspection_cpp.hpp
[1.888s] -- Up-to-date: /home/dayvson/ros2_study_ws/install/turtlesim/include/turtlesim/srv/detail/teleport_absolute__type_support.cpp
[1.888s] -- Up-to-date: /home/dayvson/ros2_study_ws/install/turtlesim/include/turtlesim/srv/detail/teleport_relative__rosidl_typesupport_introspection_cpp.hpp
[1.888s] -- Up-to-date: /home/dayvson/ros2_study_ws/install/turtlesim/include/turtlesim/srv/detail/kill__type_support.cpp
[1.889s] -- Up-to-date: /home/dayvson/ros2_study_ws/install/turtlesim/include/turtlesim/srv/detail/spawn__rosidl_typesupport_introspection_cpp.hpp
[1.889s] -- Up-to-date: /home/dayvson/ros2_study_ws/install/turtlesim/include/turtlesim/srv/detail/set_pen__rosidl_typesupport_introspection_cpp.hpp
[1.889s] -- Up-to-date: /home/dayvson/ros2_study_ws/install/turtlesim/include/turtlesim/srv/detail/set_pen__type_support.cpp
[1.890s] -- Up-to-date: /home/dayvson/ros2_study_ws/install/turtlesim/include/turtlesim/srv/detail/kill__rosidl_typesupport_introspection_cpp.hpp
[1.890s] -- Up-to-date: /home/dayvson/ros2_study_ws/install/turtlesim/include/turtlesim/srv/detail/spawn__type_support.cpp
[1.890s] -- Up-to-date: /home/dayvson/ros2_study_ws/install/turtlesim/lib/libturtlesim__rosidl_typesupport_introspection_cpp.so
[1.891s] -- Up-to-date: /home/dayvson/ros2_study_ws/install/turtlesim/lib/libturtlesim__rosidl_typesupport_cpp.so
[1.891s] -- Up-to-date: /home/dayvson/ros2_study_ws/install/turtlesim/share/turtlesim/environment/pythonpath.sh
[1.891s] -- Up-to-date: /home/dayvson/ros2_study_ws/install/turtlesim/share/turtlesim/environment/pythonpath.dsv
[1.892s] -- Up-to-date: /home/dayvson/ros2_study_ws/install/turtlesim/lib/python3.8/site-packages/turtlesim/__init__.py
[1.926s] -- Up-to-date: /home/dayvson/ros2_study_ws/install/turtlesim/lib/python3.8/site-packages/turtlesim/action
[1.927s] -- Up-to-date: /home/dayvson/ros2_study_ws/install/turtlesim/lib/python3.8/site-packages/turtlesim/action/_rotate_absolute.py
[1.927s] -- Up-to-date: /home/dayvson/ros2_study_ws/install/turtlesim/lib/python3.8/site-packages/turtlesim/action/__init__.py
[1.927s] -- Up-to-date: /home/dayvson/ros2_study_ws/install/turtlesim/lib/python3.8/site-packages/turtlesim/action/_rotate_absolute_s.c
[1.928s] -- Up-to-date: /home/dayvson/ros2_study_ws/install/turtlesim/lib/python3.8/site-packages/turtlesim/msg
[1.928s] -- Up-to-date: /home/dayvson/ros2_study_ws/install/turtlesim/lib/python3.8/site-packages/turtlesim/msg/_pose.py
[1.928s] -- Up-to-date: /home/dayvson/ros2_study_ws/install/turtlesim/lib/python3.8/site-packages/turtlesim/msg/__init__.py
[1.929s] -- Up-to-date: /home/dayvson/ros2_study_ws/install/turtlesim/lib/python3.8/site-packages/turtlesim/msg/_pose_s.c
[1.929s] -- Up-to-date: /home/dayvson/ros2_study_ws/install/turtlesim/lib/python3.8/site-packages/turtlesim/msg/_color.py
[1.929s] -- Up-to-date: /home/dayvson/ros2_study_ws/install/turtlesim/lib/python3.8/site-packages/turtlesim/msg/_color_s.c
[1.930s] -- Up-to-date: /home/dayvson/ros2_study_ws/install/turtlesim/lib/python3.8/site-packages/turtlesim/srv
[1.930s] -- Up-to-date: /home/dayvson/ros2_study_ws/install/turtlesim/lib/python3.8/site-packages/turtlesim/srv/_kill_s.c
[1.930s] -- Up-to-date: /home/dayvson/ros2_study_ws/install/turtlesim/lib/python3.8/site-packages/turtlesim/srv/_spawn.py
[1.931s] -- Up-to-date: /home/dayvson/ros2_study_ws/install/turtlesim/lib/python3.8/site-packages/turtlesim/srv/_kill.py
[1.931s] -- Up-to-date: /home/dayvson/ros2_study_ws/install/turtlesim/lib/python3.8/site-packages/turtlesim/srv/_set_pen.py
[1.931s] -- Up-to-date: /home/dayvson/ros2_study_ws/install/turtlesim/lib/python3.8/site-packages/turtlesim/srv/_spawn_s.c
[1.932s] -- Up-to-date: /home/dayvson/ros2_study_ws/install/turtlesim/lib/python3.8/site-packages/turtlesim/srv/_teleport_absolute_s.c
[1.932s] -- Up-to-date: /home/dayvson/ros2_study_ws/install/turtlesim/lib/python3.8/site-packages/turtlesim/srv/_teleport_relative.py
[1.933s] -- Up-to-date: /home/dayvson/ros2_study_ws/install/turtlesim/lib/python3.8/site-packages/turtlesim/srv/_teleport_relative_s.c
[1.933s] -- Up-to-date: /home/dayvson/ros2_study_ws/install/turtlesim/lib/python3.8/site-packages/turtlesim/srv/_teleport_absolute.py
[1.934s] -- Up-to-date: /home/dayvson/ros2_study_ws/install/turtlesim/lib/python3.8/site-packages/turtlesim/srv/__init__.py
[1.934s] -- Up-to-date: /home/dayvson/ros2_study_ws/install/turtlesim/lib/python3.8/site-packages/turtlesim/srv/_set_pen_s.c
[1.935s] -- Up-to-date: /home/dayvson/ros2_study_ws/install/turtlesim/lib/python3.8/site-packages/turtlesim/turtlesim_s__rosidl_typesupport_fastrtps_c.cpython-38-x86_64-linux-gnu.so
[1.935s] -- Up-to-date: /home/dayvson/ros2_study_ws/install/turtlesim/lib/python3.8/site-packages/turtlesim/turtlesim_s__rosidl_typesupport_introspection_c.cpython-38-x86_64-linux-gnu.so
[1.935s] -- Up-to-date: /home/dayvson/ros2_study_ws/install/turtlesim/lib/python3.8/site-packages/turtlesim/turtlesim_s__rosidl_typesupport_c.cpython-38-x86_64-linux-gnu.so
[1.936s] -- Up-to-date: /home/dayvson/ros2_study_ws/install/turtlesim/lib/libturtlesim__python.so
[1.936s] -- Up-to-date: /home/dayvson/ros2_study_ws/install/turtlesim/share/turtlesim/action/RotateAbsolute.idl
[1.936s] -- Up-to-date: /home/dayvson/ros2_study_ws/install/turtlesim/share/turtlesim/msg/Color.idl
[1.937s] -- Up-to-date: /home/dayvson/ros2_study_ws/install/turtlesim/share/turtlesim/msg/Pose.idl
[1.937s] -- Up-to-date: /home/dayvson/ros2_study_ws/install/turtlesim/share/turtlesim/srv/Kill.idl
[1.937s] -- Up-to-date: /home/dayvson/ros2_study_ws/install/turtlesim/share/turtlesim/srv/SetPen.idl
[1.938s] -- Up-to-date: /home/dayvson/ros2_study_ws/install/turtlesim/share/turtlesim/srv/Spawn.idl
[1.938s] -- Up-to-date: /home/dayvson/ros2_study_ws/install/turtlesim/share/turtlesim/srv/TeleportAbsolute.idl
[1.938s] -- Up-to-date: /home/dayvson/ros2_study_ws/install/turtlesim/share/turtlesim/srv/TeleportRelative.idl
[1.939s] -- Up-to-date: /home/dayvson/ros2_study_ws/install/turtlesim/share/turtlesim/action/RotateAbsolute.action
[1.939s] -- Up-to-date: /home/dayvson/ros2_study_ws/install/turtlesim/share/turtlesim/msg/Color.msg
[1.940s] -- Up-to-date: /home/dayvson/ros2_study_ws/install/turtlesim/share/turtlesim/msg/Pose.msg
[1.940s] -- Up-to-date: /home/dayvson/ros2_study_ws/install/turtlesim/share/turtlesim/srv/Kill.srv
[1.941s] -- Up-to-date: /home/dayvson/ros2_study_ws/install/turtlesim/share/turtlesim/srv/Kill_Request.msg
[1.941s] -- Up-to-date: /home/dayvson/ros2_study_ws/install/turtlesim/share/turtlesim/srv/Kill_Response.msg
[1.941s] -- Up-to-date: /home/dayvson/ros2_study_ws/install/turtlesim/share/turtlesim/srv/SetPen.srv
[1.942s] -- Up-to-date: /home/dayvson/ros2_study_ws/install/turtlesim/share/turtlesim/srv/SetPen_Request.msg
[1.942s] -- Up-to-date: /home/dayvson/ros2_study_ws/install/turtlesim/share/turtlesim/srv/SetPen_Response.msg
[1.943s] -- Up-to-date: /home/dayvson/ros2_study_ws/install/turtlesim/share/turtlesim/srv/Spawn.srv
[1.943s] -- Up-to-date: /home/dayvson/ros2_study_ws/install/turtlesim/share/turtlesim/srv/Spawn_Request.msg
[1.944s] -- Up-to-date: /home/dayvson/ros2_study_ws/install/turtlesim/share/turtlesim/srv/Spawn_Response.msg
[1.944s] -- Up-to-date: /home/dayvson/ros2_study_ws/install/turtlesim/share/turtlesim/srv/TeleportAbsolute.srv
[1.944s] -- Up-to-date: /home/dayvson/ros2_study_ws/install/turtlesim/share/turtlesim/srv/TeleportAbsolute_Request.msg
[1.945s] -- Up-to-date: /home/dayvson/ros2_study_ws/install/turtlesim/share/turtlesim/srv/TeleportAbsolute_Response.msg
[1.945s] -- Up-to-date: /home/dayvson/ros2_study_ws/install/turtlesim/share/turtlesim/srv/TeleportRelative.srv
[1.946s] -- Up-to-date: /home/dayvson/ros2_study_ws/install/turtlesim/share/turtlesim/srv/TeleportRelative_Request.msg
[1.946s] -- Up-to-date: /home/dayvson/ros2_study_ws/install/turtlesim/share/turtlesim/srv/TeleportRelative_Response.msg
[1.947s] -- Up-to-date: /home/dayvson/ros2_study_ws/install/turtlesim/lib/turtlesim/turtlesim_node
[1.947s] -- Up-to-date: /home/dayvson/ros2_study_ws/install/turtlesim/lib/turtlesim/turtle_teleop_key
[1.948s] -- Up-to-date: /home/dayvson/ros2_study_ws/install/turtlesim/lib/turtlesim/draw_square
[1.948s] -- Up-to-date: /home/dayvson/ros2_study_ws/install/turtlesim/lib/turtlesim/mimic
[1.948s] -- Up-to-date: /home/dayvson/ros2_study_ws/install/turtlesim/share/turtlesim/images
[1.949s] -- Up-to-date: /home/dayvson/ros2_study_ws/install/turtlesim/share/turtlesim/images/crystal.png
[1.949s] -- Up-to-date: /home/dayvson/ros2_study_ws/install/turtlesim/share/turtlesim/images/ardent.png
[1.949s] -- Up-to-date: /home/dayvson/ros2_study_ws/install/turtlesim/share/turtlesim/images/dashing.png
[1.950s] -- Up-to-date: /home/dayvson/ros2_study_ws/install/turtlesim/share/turtlesim/images/eloquent.png
[1.951s] -- Up-to-date: /home/dayvson/ros2_study_ws/install/turtlesim/share/turtlesim/images/bouncy.png
[1.957s] -- Up-to-date: /home/dayvson/ros2_study_ws/install/turtlesim/share/turtlesim/images/galactic.png
[1.957s] -- Up-to-date: /home/dayvson/ros2_study_ws/install/turtlesim/share/turtlesim/images/foxy.png
[1.958s] -- Up-to-date: /home/dayvson/ros2_study_ws/install/turtlesim/share/turtlesim/launch
[1.958s] -- Up-to-date: /home/dayvson/ros2_study_ws/install/turtlesim/share/turtlesim/launch/multisim.launch.py
[1.959s] -- Up-to-date: /home/dayvson/ros2_study_ws/install/turtlesim/share/ament_index/resource_index/package_run_dependencies/turtlesim
[1.959s] -- Up-to-date: /home/dayvson/ros2_study_ws/install/turtlesim/share/ament_index/resource_index/parent_prefix_path/turtlesim
[1.959s] -- Up-to-date: /home/dayvson/ros2_study_ws/install/turtlesim/share/turtlesim/environment/ament_prefix_path.sh
[1.960s] -- Up-to-date: /home/dayvson/ros2_study_ws/install/turtlesim/share/turtlesim/environment/ament_prefix_path.dsv
[1.960s] -- Up-to-date: /home/dayvson/ros2_study_ws/install/turtlesim/share/turtlesim/environment/path.sh
[1.960s] -- Up-to-date: /home/dayvson/ros2_study_ws/install/turtlesim/share/turtlesim/environment/path.dsv
[1.961s] -- Up-to-date: /home/dayvson/ros2_study_ws/install/turtlesim/share/turtlesim/local_setup.bash
[1.961s] -- Up-to-date: /home/dayvson/ros2_study_ws/install/turtlesim/share/turtlesim/local_setup.sh
[1.961s] -- Up-to-date: /home/dayvson/ros2_study_ws/install/turtlesim/share/turtlesim/local_setup.zsh
[1.961s] -- Up-to-date: /home/dayvson/ros2_study_ws/install/turtlesim/share/turtlesim/local_setup.dsv
[1.961s] -- Installing: /home/dayvson/ros2_study_ws/install/turtlesim/share/turtlesim/package.dsv
[1.962s] -- Up-to-date: /home/dayvson/ros2_study_ws/install/turtlesim/share/ament_index/resource_index/packages/turtlesim
[1.962s] -- Up-to-date: /home/dayvson/ros2_study_ws/install/turtlesim/share/turtlesim/cmake/turtlesim__rosidl_generator_cExport.cmake
[1.962s] -- Up-to-date: /home/dayvson/ros2_study_ws/install/turtlesim/share/turtlesim/cmake/turtlesim__rosidl_generator_cExport-noconfig.cmake
[1.963s] -- Up-to-date: /home/dayvson/ros2_study_ws/install/turtlesim/share/turtlesim/cmake/turtlesim__rosidl_typesupport_introspection_cExport.cmake
[1.963s] -- Up-to-date: /home/dayvson/ros2_study_ws/install/turtlesim/share/turtlesim/cmake/turtlesim__rosidl_typesupport_introspection_cExport-noconfig.cmake
[1.963s] -- Up-to-date: /home/dayvson/ros2_study_ws/install/turtlesim/share/turtlesim/cmake/turtlesim__rosidl_typesupport_cExport.cmake
[1.964s] -- Up-to-date: /home/dayvson/ros2_study_ws/install/turtlesim/share/turtlesim/cmake/turtlesim__rosidl_typesupport_cExport-noconfig.cmake
[1.964s] -- Up-to-date: /home/dayvson/ros2_study_ws/install/turtlesim/share/turtlesim/cmake/turtlesim__rosidl_generator_cppExport.cmake
[1.964s] -- Up-to-date: /home/dayvson/ros2_study_ws/install/turtlesim/share/turtlesim/cmake/turtlesim__rosidl_typesupport_introspection_cppExport.cmake
[1.964s] -- Up-to-date: /home/dayvson/ros2_study_ws/install/turtlesim/share/turtlesim/cmake/turtlesim__rosidl_typesupport_introspection_cppExport-noconfig.cmake
[1.965s] -- Up-to-date: /home/dayvson/ros2_study_ws/install/turtlesim/share/turtlesim/cmake/turtlesim__rosidl_typesupport_cppExport.cmake
[1.965s] -- Up-to-date: /home/dayvson/ros2_study_ws/install/turtlesim/share/turtlesim/cmake/turtlesim__rosidl_typesupport_cppExport-noconfig.cmake
[1.965s] -- Up-to-date: /home/dayvson/ros2_study_ws/install/turtlesim/share/turtlesim/cmake/rosidl_cmake-extras.cmake
[1.965s] -- Up-to-date: /home/dayvson/ros2_study_ws/install/turtlesim/share/turtlesim/cmake/ament_cmake_export_dependencies-extras.cmake
[1.966s] -- Up-to-date: /home/dayvson/ros2_study_ws/install/turtlesim/share/turtlesim/cmake/ament_cmake_export_libraries-extras.cmake
[1.966s] -- Up-to-date: /home/dayvson/ros2_study_ws/install/turtlesim/share/turtlesim/cmake/ament_cmake_export_targets-extras.cmake
[1.966s] -- Up-to-date: /home/dayvson/ros2_study_ws/install/turtlesim/share/turtlesim/cmake/ament_cmake_export_include_directories-extras.cmake
[1.967s] -- Up-to-date: /home/dayvson/ros2_study_ws/install/turtlesim/share/turtlesim/cmake/rosidl_cmake_export_typesupport_libraries-extras.cmake
[1.967s] -- Up-to-date: /home/dayvson/ros2_study_ws/install/turtlesim/share/turtlesim/cmake/rosidl_cmake_export_typesupport_targets-extras.cmake
[1.967s] -- Up-to-date: /home/dayvson/ros2_study_ws/install/turtlesim/share/turtlesim/cmake/turtlesimConfig.cmake
[1.969s] -- Up-to-date: /home/dayvson/ros2_study_ws/install/turtlesim/share/turtlesim/cmake/turtlesimConfig-version.cmake
[1.970s] -- Up-to-date: /home/dayvson/ros2_study_ws/install/turtlesim/share/turtlesim/package.xml
[1.971s] Invoked command in '/home/dayvson/ros2_study_ws/build/turtlesim' returned '0': CMAKE_PREFIX_PATH=${CMAKE_PREFIX_PATH}:/home/dayvson/ros2_study_ws/install/my_package_python:/opt/ros/galactic /usr/bin/cmake --install /home/dayvson/ros2_study_ws/build/turtlesim
