[0.088s] Invoking command in '/home/dayvson/ros2_study_ws/build/cpp_pubsub': CMAKE_PREFIX_PATH=${CMAKE_PREFIX_PATH}:/home/dayvson/ros2_study_ws/install/py_pubsub:/home/dayvson/ros2_study_ws/install/my_package_python:/opt/ros/galactic /usr/bin/cmake --build /home/dayvson/ros2_study_ws/build/cpp_pubsub -- -j12 -l12
[1.846s] [100%] Built target talker
[1.847s] [100%] Built target listener
[1.849s] Invoked command in '/home/dayvson/ros2_study_ws/build/cpp_pubsub' returned '0': CMAKE_PREFIX_PATH=${CMAKE_PREFIX_PATH}:/home/dayvson/ros2_study_ws/install/py_pubsub:/home/dayvson/ros2_study_ws/install/my_package_python:/opt/ros/galactic /usr/bin/cmake --build /home/dayvson/ros2_study_ws/build/cpp_pubsub -- -j12 -l12
[1.888s] Invoking command in '/home/dayvson/ros2_study_ws/build/cpp_pubsub': CMAKE_PREFIX_PATH=${CMAKE_PREFIX_PATH}:/home/dayvson/ros2_study_ws/install/py_pubsub:/home/dayvson/ros2_study_ws/install/my_package_python:/opt/ros/galactic /usr/bin/cmake --install /home/dayvson/ros2_study_ws/build/cpp_pubsub
[1.897s] -- Install configuration: ""
[1.900s] -- Up-to-date: /home/dayvson/ros2_study_ws/install/cpp_pubsub/lib/cpp_pubsub/talker
[1.957s] -- Up-to-date: /home/dayvson/ros2_study_ws/install/cpp_pubsub/lib/cpp_pubsub/listener
[1.957s] -- Up-to-date: /home/dayvson/ros2_study_ws/install/cpp_pubsub/share/ament_index/resource_index/package_run_dependencies/cpp_pubsub
[1.958s] -- Up-to-date: /home/dayvson/ros2_study_ws/install/cpp_pubsub/share/ament_index/resource_index/parent_prefix_path/cpp_pubsub
[1.958s] -- Up-to-date: /home/dayvson/ros2_study_ws/install/cpp_pubsub/share/cpp_pubsub/environment/ament_prefix_path.sh
[1.958s] -- Up-to-date: /home/dayvson/ros2_study_ws/install/cpp_pubsub/share/cpp_pubsub/environment/ament_prefix_path.dsv
[1.958s] -- Up-to-date: /home/dayvson/ros2_study_ws/install/cpp_pubsub/share/cpp_pubsub/environment/path.sh
[1.958s] -- Up-to-date: /home/dayvson/ros2_study_ws/install/cpp_pubsub/share/cpp_pubsub/environment/path.dsv
[1.958s] -- Up-to-date: /home/dayvson/ros2_study_ws/install/cpp_pubsub/share/cpp_pubsub/local_setup.bash
[1.958s] -- Up-to-date: /home/dayvson/ros2_study_ws/install/cpp_pubsub/share/cpp_pubsub/local_setup.sh
[1.958s] -- Up-to-date: /home/dayvson/ros2_study_ws/install/cpp_pubsub/share/cpp_pubsub/local_setup.zsh
[1.958s] -- Up-to-date: /home/dayvson/ros2_study_ws/install/cpp_pubsub/share/cpp_pubsub/local_setup.dsv
[1.958s] -- Installing: /home/dayvson/ros2_study_ws/install/cpp_pubsub/share/cpp_pubsub/package.dsv
[2.038s] -- Up-to-date: /home/dayvson/ros2_study_ws/install/cpp_pubsub/share/ament_index/resource_index/packages/cpp_pubsub
[2.038s] -- Up-to-date: /home/dayvson/ros2_study_ws/install/cpp_pubsub/share/cpp_pubsub/cmake/cpp_pubsubConfig.cmake
[2.039s] -- Up-to-date: /home/dayvson/ros2_study_ws/install/cpp_pubsub/share/cpp_pubsub/cmake/cpp_pubsubConfig-version.cmake
[2.039s] -- Up-to-date: /home/dayvson/ros2_study_ws/install/cpp_pubsub/share/cpp_pubsub/package.xml
[2.041s] Invoked command in '/home/dayvson/ros2_study_ws/build/cpp_pubsub' returned '0': CMAKE_PREFIX_PATH=${CMAKE_PREFIX_PATH}:/home/dayvson/ros2_study_ws/install/py_pubsub:/home/dayvson/ros2_study_ws/install/my_package_python:/opt/ros/galactic /usr/bin/cmake --install /home/dayvson/ros2_study_ws/build/cpp_pubsub
