[0.058s] Invoking command in '/home/dayvson/ros2_study_ws/build/cpp_pubsub': CMAKE_PREFIX_PATH=${CMAKE_PREFIX_PATH}:/home/dayvson/ros2_study_ws/install/my_package_python:/opt/ros/galactic /usr/bin/cmake --build /home/dayvson/ros2_study_ws/build/cpp_pubsub -- -j12 -l12
[1.070s] [35m[1mScanning dependencies of target talker[0m
[1.071s] [ 50%] [32mBuilding CXX object CMakeFiles/talker.dir/src/publisher_member_function.cpp.o[0m
[3.226s] [01m[K/home/dayvson/ros2_study_ws/src/cpp_pubsub/src/publisher_member_function.cpp:33:13:[m[K [01;31m[Kerror: [m[K‘[01m[KTImerBase[m[K’ in namespace ‘[01m[Krclcpp[m[K’ does not name a type; did you mean ‘[01m[KTimerBase[m[K’?
[3.226s]    33 |     rclcpp::[01;31m[KTImerBase[m[K::SharePtr timer_;
[3.226s]       |             [01;31m[K^~~~~~~~~[m[K
[3.226s]       |             [32m[KTimerBase[m[K
[3.231s] [01m[K/home/dayvson/ros2_study_ws/src/cpp_pubsub/src/publisher_member_function.cpp:34:47:[m[K [01;31m[Kerror: [m[K‘[01m[KSharePtr[m[K’ in ‘[01m[Kclass rclcpp::Publisher<std_msgs::msg::String_<std::allocator<void> > >[m[K’ does not name a type
[3.231s]    34 |     rclcpp::Publisher<std_msgs::msg::String>::[01;31m[KSharePtr[m[K publisher_;
[3.231s]       |                                               [01;31m[K^~~~~~~~[m[K
[3.236s] [01m[K/home/dayvson/ros2_study_ws/src/cpp_pubsub/src/publisher_member_function.cpp:[m[K In constructor ‘[01m[KMinimalPublisher::MinimalPublisher()[m[K’:
[3.236s] [01m[K/home/dayvson/ros2_study_ws/src/cpp_pubsub/src/publisher_member_function.cpp:20:9:[m[K [01;31m[Kerror: [m[K‘[01m[Kpublisher_[m[K’ was not declared in this scope; did you mean ‘[01m[Krcl_publisher_t[m[K’?
[3.236s]    20 |         [01;31m[Kpublisher_[m[K = this->create_publisher<std_msgs::msg::String>("topic", 10);
[3.237s]       |         [01;31m[K^~~~~~~~~~[m[K
[3.237s]       |         [32m[Krcl_publisher_t[m[K
[3.249s] [01m[K/home/dayvson/ros2_study_ws/src/cpp_pubsub/src/publisher_member_function.cpp:21:9:[m[K [01;31m[Kerror: [m[K‘[01m[Ktimer_[m[K’ was not declared in this scope; did you mean ‘[01m[Ktimer_t[m[K’?
[3.250s]    21 |         [01;31m[Ktimer_[m[K = this->create_wall_timer(
[3.250s]       |         [01;31m[K^~~~~~[m[K
[3.250s]       |         [32m[Ktimer_t[m[K
[3.264s] [01m[K/home/dayvson/ros2_study_ws/src/cpp_pubsub/src/publisher_member_function.cpp:[m[K In member function ‘[01m[Kvoid MinimalPublisher::timer_callback()[m[K’:
[3.264s] [01m[K/home/dayvson/ros2_study_ws/src/cpp_pubsub/src/publisher_member_function.cpp:29:48:[m[K [01;31m[Kerror: [m[K‘[01m[Kto_strig[m[K’ is not a member of ‘[01m[Kstd[m[K’; did you mean ‘[01m[Kto_string[m[K’?
[3.265s]    29 |         message.data = "Hello, world! " + std::[01;31m[Kto_strig[m[K(count_++);
[3.265s]       |                                                [01;31m[K^~~~~~~~[m[K
[3.265s]       |                                                [32m[Kto_string[m[K
[3.269s] [01m[K/home/dayvson/ros2_study_ws/src/cpp_pubsub/src/publisher_member_function.cpp:31:9:[m[K [01;31m[Kerror: [m[K‘[01m[Kpublisher_[m[K’ was not declared in this scope; did you mean ‘[01m[Krcl_publisher_t[m[K’?
[3.270s]    31 |         [01;31m[Kpublisher_[m[K->publish(message);
[3.270s]       |         [01;31m[K^~~~~~~~~~[m[K
[3.270s]       |         [32m[Krcl_publisher_t[m[K
[4.560s] make[2]: *** [CMakeFiles/talker.dir/build.make:63: CMakeFiles/talker.dir/src/publisher_member_function.cpp.o] Error 1
[4.560s] make[1]: *** [CMakeFiles/Makefile2:78: CMakeFiles/talker.dir/all] Error 2
[4.561s] make: *** [Makefile:141: all] Error 2
[4.564s] Invoked command in '/home/dayvson/ros2_study_ws/build/cpp_pubsub' returned '2': CMAKE_PREFIX_PATH=${CMAKE_PREFIX_PATH}:/home/dayvson/ros2_study_ws/install/my_package_python:/opt/ros/galactic /usr/bin/cmake --build /home/dayvson/ros2_study_ws/build/cpp_pubsub -- -j12 -l12
