[0.050s] Invoking command in '/home/dayvson/ros2_study_ws/build/my_package': CMAKE_PREFIX_PATH=${CMAKE_PREFIX_PATH}:/home/dayvson/ros2_study_ws/install/my_package_python:/opt/ros/galactic /usr/bin/cmake --build /home/dayvson/ros2_study_ws/build/my_package -- -j12 -l12
[1.028s] [100%] Built target my_node
[1.030s] Invoked command in '/home/dayvson/ros2_study_ws/build/my_package' returned '0': CMAKE_PREFIX_PATH=${CMAKE_PREFIX_PATH}:/home/dayvson/ros2_study_ws/install/my_package_python:/opt/ros/galactic /usr/bin/cmake --build /home/dayvson/ros2_study_ws/build/my_package -- -j12 -l12
[1.095s] Invoking command in '/home/dayvson/ros2_study_ws/build/my_package': CMAKE_PREFIX_PATH=${CMAKE_PREFIX_PATH}:/home/dayvson/ros2_study_ws/install/my_package_python:/opt/ros/galactic /usr/bin/cmake --install /home/dayvson/ros2_study_ws/build/my_package
[1.110s] -- Install configuration: ""
[1.111s] -- Up-to-date: /home/dayvson/ros2_study_ws/install/my_package/lib/my_package/my_node
[1.111s] -- Up-to-date: /home/dayvson/ros2_study_ws/install/my_package/share/ament_index/resource_index/package_run_dependencies/my_package
[1.112s] -- Up-to-date: /home/dayvson/ros2_study_ws/install/my_package/share/ament_index/resource_index/parent_prefix_path/my_package
[1.112s] -- Up-to-date: /home/dayvson/ros2_study_ws/install/my_package/share/my_package/environment/ament_prefix_path.sh
[1.113s] -- Up-to-date: /home/dayvson/ros2_study_ws/install/my_package/share/my_package/environment/ament_prefix_path.dsv
[1.113s] -- Up-to-date: /home/dayvson/ros2_study_ws/install/my_package/share/my_package/environment/path.sh
[1.114s] -- Up-to-date: /home/dayvson/ros2_study_ws/install/my_package/share/my_package/environment/path.dsv
[1.114s] -- Up-to-date: /home/dayvson/ros2_study_ws/install/my_package/share/my_package/local_setup.bash
[1.115s] -- Up-to-date: /home/dayvson/ros2_study_ws/install/my_package/share/my_package/local_setup.sh
[1.116s] -- Up-to-date: /home/dayvson/ros2_study_ws/install/my_package/share/my_package/local_setup.zsh
[1.117s] -- Up-to-date: /home/dayvson/ros2_study_ws/install/my_package/share/my_package/local_setup.dsv
[1.120s] -- Installing: /home/dayvson/ros2_study_ws/install/my_package/share/my_package/package.dsv
[1.120s] -- Up-to-date: /home/dayvson/ros2_study_ws/install/my_package/share/ament_index/resource_index/packages/my_package
[1.123s] -- Up-to-date: /home/dayvson/ros2_study_ws/install/my_package/share/my_package/cmake/my_packageConfig.cmake
[1.124s] -- Up-to-date: /home/dayvson/ros2_study_ws/install/my_package/share/my_package/cmake/my_packageConfig-version.cmake
[1.124s] -- Up-to-date: /home/dayvson/ros2_study_ws/install/my_package/share/my_package/package.xml
[1.125s] Invoked command in '/home/dayvson/ros2_study_ws/build/my_package' returned '0': CMAKE_PREFIX_PATH=${CMAKE_PREFIX_PATH}:/home/dayvson/ros2_study_ws/install/my_package_python:/opt/ros/galactic /usr/bin/cmake --install /home/dayvson/ros2_study_ws/build/my_package
