[1.328s] Invoking command in '/home/dayvson/ros2_study_ws/build/turtlesim': CMAKE_PREFIX_PATH=${CMAKE_PREFIX_PATH}:/home/dayvson/ros2_study_ws/install/my_package_python:/opt/ros/galactic /usr/bin/cmake --build /home/dayvson/ros2_study_ws/build/turtlesim -- -j12 -l12
[1.412s] [  1%] Built target turtlesim__cpp
[1.415s] [ 11%] Built target turtlesim__rosidl_generator_c
[1.470s] [ 21%] Built target turtlesim__rosidl_typesupport_introspection_cpp
[1.476s] [ 31%] Built target turtlesim__rosidl_typesupport_cpp
[1.479s] [ 47%] Built target turtlesim__rosidl_typesupport_introspection_c
[1.479s] [ 51%] Built target turtlesim__rosidl_typesupport_c
[1.484s] [ 61%] Built target turtlesim__rosidl_typesupport_fastrtps_cpp
[1.546s] [ 71%] Built target turtlesim__rosidl_typesupport_fastrtps_c
[1.586s] [ 71%] Built target turtlesim
[1.629s] [ 72%] Built target turtlesim__py
[1.641s] [ 74%] Built target draw_square
[1.644s] [ 76%] Built target mimic
[1.652s] [ 78%] Built target turtle_teleop_key
[1.689s] [ 87%] Built target turtlesim__python
[1.696s] [ 93%] Built target turtlesim_node
[1.746s] [ 97%] Built target turtlesim__rosidl_typesupport_c__pyext
[1.746s] [ 97%] Built target turtlesim__rosidl_typesupport_fastrtps_c__pyext
[1.747s] [100%] Built target turtlesim__rosidl_typesupport_introspection_c__pyext
[1.769s] Invoked command in '/home/dayvson/ros2_study_ws/build/turtlesim' returned '0': CMAKE_PREFIX_PATH=${CMAKE_PREFIX_PATH}:/home/dayvson/ros2_study_ws/install/my_package_python:/opt/ros/galactic /usr/bin/cmake --build /home/dayvson/ros2_study_ws/build/turtlesim -- -j12 -l12
[2.061s] Invoking command in '/home/dayvson/ros2_study_ws/build/turtlesim': CMAKE_PREFIX_PATH=${CMAKE_PREFIX_PATH}:/home/dayvson/ros2_study_ws/install/my_package_python:/opt/ros/galactic /usr/bin/cmake --install /home/dayvson/ros2_study_ws/build/turtlesim
[2.079s] -- Install configuration: ""
[2.079s] -- Up-to-date: /home/dayvson/ros2_study_ws/install/turtlesim/share/ament_index/resource_index/rosidl_interfaces/turtlesim
[2.080s] -- Up-to-date: /home/dayvson/ros2_study_ws/install/turtlesim/include/turtlesim
[2.081s] -- Up-to-date: /home/dayvson/ros2_study_ws/install/turtlesim/include/turtlesim/msg
[2.081s] -- Up-to-date: /home/dayvson/ros2_study_ws/install/turtlesim/include/turtlesim/msg/detail
[2.081s] -- Up-to-date: /home/dayvson/ros2_study_ws/install/turtlesim/include/turtlesim/msg/detail/color__functions.h
[2.082s] -- Up-to-date: /home/dayvson/ros2_study_ws/install/turtlesim/include/turtlesim/msg/detail/pose__functions.c
[2.082s] -- Up-to-date: /home/dayvson/ros2_study_ws/install/turtlesim/include/turtlesim/msg/detail/color__functions.c
[2.082s] -- Up-to-date: /home/dayvson/ros2_study_ws/install/turtlesim/include/turtlesim/msg/detail/color__type_support.h
[2.082s] -- Up-to-date: /home/dayvson/ros2_study_ws/install/turtlesim/include/turtlesim/msg/detail/pose__functions.h
[2.082s] -- Up-to-date: /home/dayvson/ros2_study_ws/install/turtlesim/include/turtlesim/msg/detail/pose__type_support.h
[2.082s] -- Up-to-date: /home/dayvson/ros2_study_ws/install/turtlesim/include/turtlesim/msg/detail/color__struct.h
[2.083s] -- Up-to-date: /home/dayvson/ros2_study_ws/install/turtlesim/include/turtlesim/msg/detail/pose__struct.h
[2.083s] -- Up-to-date: /home/dayvson/ros2_study_ws/install/turtlesim/include/turtlesim/msg/color.h
[2.083s] -- Up-to-date: /home/dayvson/ros2_study_ws/install/turtlesim/include/turtlesim/msg/rosidl_generator_c__visibility_control.h
[2.083s] -- Up-to-date: /home/dayvson/ros2_study_ws/install/turtlesim/include/turtlesim/msg/pose.h
[2.083s] -- Up-to-date: /home/dayvson/ros2_study_ws/install/turtlesim/include/turtlesim/action
[2.084s] -- Up-to-date: /home/dayvson/ros2_study_ws/install/turtlesim/include/turtlesim/action/detail
[2.084s] -- Up-to-date: /home/dayvson/ros2_study_ws/install/turtlesim/include/turtlesim/action/detail/rotate_absolute__struct.h
[2.084s] -- Up-to-date: /home/dayvson/ros2_study_ws/install/turtlesim/include/turtlesim/action/detail/rotate_absolute__functions.c
[2.085s] -- Up-to-date: /home/dayvson/ros2_study_ws/install/turtlesim/include/turtlesim/action/detail/rotate_absolute__functions.h
[2.085s] -- Up-to-date: /home/dayvson/ros2_study_ws/install/turtlesim/include/turtlesim/action/detail/rotate_absolute__type_support.h
[2.085s] -- Up-to-date: /home/dayvson/ros2_study_ws/install/turtlesim/include/turtlesim/action/rotate_absolute.h
[2.085s] -- Up-to-date: /home/dayvson/ros2_study_ws/install/turtlesim/include/turtlesim/srv
[2.086s] -- Up-to-date: /home/dayvson/ros2_study_ws/install/turtlesim/include/turtlesim/srv/detail
[2.086s] -- Up-to-date: /home/dayvson/ros2_study_ws/install/turtlesim/include/turtlesim/srv/detail/teleport_absolute__struct.h
[2.086s] -- Up-to-date: /home/dayvson/ros2_study_ws/install/turtlesim/include/turtlesim/srv/detail/teleport_absolute__type_support.h
[2.086s] -- Up-to-date: /home/dayvson/ros2_study_ws/install/turtlesim/include/turtlesim/srv/detail/kill__functions.c
[2.087s] -- Up-to-date: /home/dayvson/ros2_study_ws/install/turtlesim/include/turtlesim/srv/detail/kill__struct.h
[2.087s] -- Up-to-date: /home/dayvson/ros2_study_ws/install/turtlesim/include/turtlesim/srv/detail/kill__type_support.h
[2.087s] -- Up-to-date: /home/dayvson/ros2_study_ws/install/turtlesim/include/turtlesim/srv/detail/teleport_relative__type_support.h
[2.087s] -- Up-to-date: /home/dayvson/ros2_study_ws/install/turtlesim/include/turtlesim/srv/detail/set_pen__functions.c
[2.088s] -- Up-to-date: /home/dayvson/ros2_study_ws/install/turtlesim/include/turtlesim/srv/detail/teleport_absolute__functions.c
[2.089s] -- Up-to-date: /home/dayvson/ros2_study_ws/install/turtlesim/include/turtlesim/srv/detail/spawn__functions.c
[2.090s] -- Up-to-date: /home/dayvson/ros2_study_ws/install/turtlesim/include/turtlesim/srv/detail/teleport_relative__functions.h
[2.090s] -- Up-to-date: /home/dayvson/ros2_study_ws/install/turtlesim/include/turtlesim/srv/detail/spawn__functions.h
[2.090s] -- Up-to-date: /home/dayvson/ros2_study_ws/install/turtlesim/include/turtlesim/srv/detail/teleport_relative__struct.h
[2.090s] -- Up-to-date: /home/dayvson/ros2_study_ws/install/turtlesim/include/turtlesim/srv/detail/teleport_absolute__functions.h
[2.090s] -- Up-to-date: /home/dayvson/ros2_study_ws/install/turtlesim/include/turtlesim/srv/detail/teleport_relative__functions.c
[2.091s] -- Up-to-date: /home/dayvson/ros2_study_ws/install/turtlesim/include/turtlesim/srv/detail/set_pen__functions.h
[2.091s] -- Up-to-date: /home/dayvson/ros2_study_ws/install/turtlesim/include/turtlesim/srv/detail/set_pen__struct.h
[2.091s] -- Up-to-date: /home/dayvson/ros2_study_ws/install/turtlesim/include/turtlesim/srv/detail/kill__functions.h
[2.091s] -- Up-to-date: /home/dayvson/ros2_study_ws/install/turtlesim/include/turtlesim/srv/detail/set_pen__type_support.h
[2.092s] -- Up-to-date: /home/dayvson/ros2_study_ws/install/turtlesim/include/turtlesim/srv/detail/spawn__type_support.h
[2.092s] -- Up-to-date: /home/dayvson/ros2_study_ws/install/turtlesim/include/turtlesim/srv/detail/spawn__struct.h
[2.092s] -- Up-to-date: /home/dayvson/ros2_study_ws/install/turtlesim/include/turtlesim/srv/set_pen.h
[2.093s] -- Up-to-date: /home/dayvson/ros2_study_ws/install/turtlesim/include/turtlesim/srv/teleport_relative.h
[2.093s] -- Up-to-date: /home/dayvson/ros2_study_ws/install/turtlesim/include/turtlesim/srv/spawn.h
[2.093s] -- Up-to-date: /home/dayvson/ros2_study_ws/install/turtlesim/include/turtlesim/srv/kill.h
[2.094s] -- Up-to-date: /home/dayvson/ros2_study_ws/install/turtlesim/include/turtlesim/srv/teleport_absolute.h
[2.094s] -- Up-to-date: /home/dayvson/ros2_study_ws/install/turtlesim/share/turtlesim/environment/library_path.sh
[2.095s] -- Up-to-date: /home/dayvson/ros2_study_ws/install/turtlesim/share/turtlesim/environment/library_path.dsv
[2.095s] -- Up-to-date: /home/dayvson/ros2_study_ws/install/turtlesim/lib/libturtlesim__rosidl_generator_c.so
[2.096s] -- Up-to-date: /home/dayvson/ros2_study_ws/install/turtlesim/include/turtlesim
[2.096s] -- Up-to-date: /home/dayvson/ros2_study_ws/install/turtlesim/include/turtlesim/msg
[2.096s] -- Up-to-date: /home/dayvson/ros2_study_ws/install/turtlesim/include/turtlesim/msg/detail
[2.096s] -- Up-to-date: /home/dayvson/ros2_study_ws/install/turtlesim/include/turtlesim/msg/detail/color__rosidl_typesupport_fastrtps_c.h
[2.096s] -- Up-to-date: /home/dayvson/ros2_study_ws/install/turtlesim/include/turtlesim/msg/detail/pose__rosidl_typesupport_fastrtps_c.h
[2.097s] -- Up-to-date: /home/dayvson/ros2_study_ws/install/turtlesim/include/turtlesim/msg/rosidl_typesupport_fastrtps_c__visibility_control.h
[2.097s] -- Up-to-date: /home/dayvson/ros2_study_ws/install/turtlesim/include/turtlesim/action
[2.097s] -- Up-to-date: /home/dayvson/ros2_study_ws/install/turtlesim/include/turtlesim/action/detail
[2.097s] -- Up-to-date: /home/dayvson/ros2_study_ws/install/turtlesim/include/turtlesim/action/detail/rotate_absolute__rosidl_typesupport_fastrtps_c.h
[2.097s] -- Up-to-date: /home/dayvson/ros2_study_ws/install/turtlesim/include/turtlesim/srv
[2.098s] -- Up-to-date: /home/dayvson/ros2_study_ws/install/turtlesim/include/turtlesim/srv/detail
[2.098s] -- Up-to-date: /home/dayvson/ros2_study_ws/install/turtlesim/include/turtlesim/srv/detail/spawn__rosidl_typesupport_fastrtps_c.h
[2.098s] -- Up-to-date: /home/dayvson/ros2_study_ws/install/turtlesim/include/turtlesim/srv/detail/teleport_relative__rosidl_typesupport_fastrtps_c.h
[2.099s] -- Up-to-date: /home/dayvson/ros2_study_ws/install/turtlesim/include/turtlesim/srv/detail/set_pen__rosidl_typesupport_fastrtps_c.h
[2.099s] -- Up-to-date: /home/dayvson/ros2_study_ws/install/turtlesim/include/turtlesim/srv/detail/teleport_absolute__rosidl_typesupport_fastrtps_c.h
[2.099s] -- Up-to-date: /home/dayvson/ros2_study_ws/install/turtlesim/include/turtlesim/srv/detail/kill__rosidl_typesupport_fastrtps_c.h
[2.099s] -- Up-to-date: /home/dayvson/ros2_study_ws/install/turtlesim/lib/libturtlesim__rosidl_typesupport_fastrtps_c.so
[2.099s] -- Up-to-date: /home/dayvson/ros2_study_ws/install/turtlesim/include/turtlesim
[2.099s] -- Up-to-date: /home/dayvson/ros2_study_ws/install/turtlesim/include/turtlesim/msg
[2.100s] -- Up-to-date: /home/dayvson/ros2_study_ws/install/turtlesim/include/turtlesim/msg/detail
[2.100s] -- Up-to-date: /home/dayvson/ros2_study_ws/install/turtlesim/include/turtlesim/msg/detail/color__rosidl_typesupport_fastrtps_cpp.hpp
[2.100s] -- Up-to-date: /home/dayvson/ros2_study_ws/install/turtlesim/include/turtlesim/msg/detail/pose__rosidl_typesupport_fastrtps_cpp.hpp
[2.100s] -- Up-to-date: /home/dayvson/ros2_study_ws/install/turtlesim/include/turtlesim/msg/detail/dds_fastrtps
[2.101s] -- Up-to-date: /home/dayvson/ros2_study_ws/install/turtlesim/include/turtlesim/msg/rosidl_typesupport_fastrtps_cpp__visibility_control.h
[2.101s] -- Up-to-date: /home/dayvson/ros2_study_ws/install/turtlesim/include/turtlesim/action
[2.102s] -- Up-to-date: /home/dayvson/ros2_study_ws/install/turtlesim/include/turtlesim/action/detail
[2.102s] -- Up-to-date: /home/dayvson/ros2_study_ws/install/turtlesim/include/turtlesim/action/detail/dds_fastrtps
[2.102s] -- Up-to-date: /home/dayvson/ros2_study_ws/install/turtlesim/include/turtlesim/action/detail/rotate_absolute__rosidl_typesupport_fastrtps_cpp.hpp
[2.103s] -- Up-to-date: /home/dayvson/ros2_study_ws/install/turtlesim/include/turtlesim/srv
[2.103s] -- Up-to-date: /home/dayvson/ros2_study_ws/install/turtlesim/include/turtlesim/srv/detail
[2.104s] -- Up-to-date: /home/dayvson/ros2_study_ws/install/turtlesim/include/turtlesim/srv/detail/kill__rosidl_typesupport_fastrtps_cpp.hpp
[2.104s] -- Up-to-date: /home/dayvson/ros2_study_ws/install/turtlesim/include/turtlesim/srv/detail/set_pen__rosidl_typesupport_fastrtps_cpp.hpp
[2.105s] -- Up-to-date: /home/dayvson/ros2_study_ws/install/turtlesim/include/turtlesim/srv/detail/spawn__rosidl_typesupport_fastrtps_cpp.hpp
[2.105s] -- Up-to-date: /home/dayvson/ros2_study_ws/install/turtlesim/include/turtlesim/srv/detail/teleport_absolute__rosidl_typesupport_fastrtps_cpp.hpp
[2.106s] -- Up-to-date: /home/dayvson/ros2_study_ws/install/turtlesim/include/turtlesim/srv/detail/teleport_relative__rosidl_typesupport_fastrtps_cpp.hpp
[2.106s] -- Up-to-date: /home/dayvson/ros2_study_ws/install/turtlesim/include/turtlesim/srv/detail/dds_fastrtps
[2.107s] -- Up-to-date: /home/dayvson/ros2_study_ws/install/turtlesim/lib/libturtlesim__rosidl_typesupport_fastrtps_cpp.so
[2.107s] -- Up-to-date: /home/dayvson/ros2_study_ws/install/turtlesim/include/turtlesim
[2.108s] -- Up-to-date: /home/dayvson/ros2_study_ws/install/turtlesim/include/turtlesim/msg
[2.108s] -- Up-to-date: /home/dayvson/ros2_study_ws/install/turtlesim/include/turtlesim/msg/detail
[2.108s] -- Up-to-date: /home/dayvson/ros2_study_ws/install/turtlesim/include/turtlesim/msg/detail/color__type_support.c
[2.109s] -- Up-to-date: /home/dayvson/ros2_study_ws/install/turtlesim/include/turtlesim/msg/detail/pose__type_support.c
[2.109s] -- Up-to-date: /home/dayvson/ros2_study_ws/install/turtlesim/include/turtlesim/msg/detail/pose__rosidl_typesupport_introspection_c.h
[2.109s] -- Up-to-date: /home/dayvson/ros2_study_ws/install/turtlesim/include/turtlesim/msg/detail/color__rosidl_typesupport_introspection_c.h
[2.109s] -- Up-to-date: /home/dayvson/ros2_study_ws/install/turtlesim/include/turtlesim/msg/rosidl_typesupport_introspection_c__visibility_control.h
[2.109s] -- Up-to-date: /home/dayvson/ros2_study_ws/install/turtlesim/include/turtlesim/action
[2.109s] -- Up-to-date: /home/dayvson/ros2_study_ws/install/turtlesim/include/turtlesim/action/detail
[2.109s] -- Up-to-date: /home/dayvson/ros2_study_ws/install/turtlesim/include/turtlesim/action/detail/rotate_absolute__type_support.c
[2.110s] -- Up-to-date: /home/dayvson/ros2_study_ws/install/turtlesim/include/turtlesim/action/detail/rotate_absolute__rosidl_typesupport_introspection_c.h
[2.110s] -- Up-to-date: /home/dayvson/ros2_study_ws/install/turtlesim/include/turtlesim/srv
[2.110s] -- Up-to-date: /home/dayvson/ros2_study_ws/install/turtlesim/include/turtlesim/srv/detail
[2.110s] -- Up-to-date: /home/dayvson/ros2_study_ws/install/turtlesim/include/turtlesim/srv/detail/teleport_absolute__rosidl_typesupport_introspection_c.h
[2.110s] -- Up-to-date: /home/dayvson/ros2_study_ws/install/turtlesim/include/turtlesim/srv/detail/teleport_relative__type_support.c
[2.110s] -- Up-to-date: /home/dayvson/ros2_study_ws/install/turtlesim/include/turtlesim/srv/detail/spawn__type_support.c
[2.110s] -- Up-to-date: /home/dayvson/ros2_study_ws/install/turtlesim/include/turtlesim/srv/detail/teleport_absolute__type_support.c
[2.111s] -- Up-to-date: /home/dayvson/ros2_study_ws/install/turtlesim/include/turtlesim/srv/detail/set_pen__type_support.c
[2.111s] -- Up-to-date: /home/dayvson/ros2_study_ws/install/turtlesim/include/turtlesim/srv/detail/kill__type_support.c
[2.111s] -- Up-to-date: /home/dayvson/ros2_study_ws/install/turtlesim/include/turtlesim/srv/detail/set_pen__rosidl_typesupport_introspection_c.h
[2.111s] -- Up-to-date: /home/dayvson/ros2_study_ws/install/turtlesim/include/turtlesim/srv/detail/spawn__rosidl_typesupport_introspection_c.h
[2.111s] -- Up-to-date: /home/dayvson/ros2_study_ws/install/turtlesim/include/turtlesim/srv/detail/kill__rosidl_typesupport_introspection_c.h
[2.112s] -- Up-to-date: /home/dayvson/ros2_study_ws/install/turtlesim/include/turtlesim/srv/detail/teleport_relative__rosidl_typesupport_introspection_c.h
[2.112s] -- Up-to-date: /home/dayvson/ros2_study_ws/install/turtlesim/lib/libturtlesim__rosidl_typesupport_introspection_c.so
[2.112s] -- Up-to-date: /home/dayvson/ros2_study_ws/install/turtlesim/lib/libturtlesim__rosidl_typesupport_c.so
[2.112s] -- Up-to-date: /home/dayvson/ros2_study_ws/install/turtlesim/include/turtlesim
[2.112s] -- Up-to-date: /home/dayvson/ros2_study_ws/install/turtlesim/include/turtlesim/msg
[2.113s] -- Up-to-date: /home/dayvson/ros2_study_ws/install/turtlesim/include/turtlesim/msg/detail
[2.113s] -- Up-to-date: /home/dayvson/ros2_study_ws/install/turtlesim/include/turtlesim/msg/detail/pose__struct.hpp
[2.113s] -- Up-to-date: /home/dayvson/ros2_study_ws/install/turtlesim/include/turtlesim/msg/detail/pose__builder.hpp
[2.113s] -- Up-to-date: /home/dayvson/ros2_study_ws/install/turtlesim/include/turtlesim/msg/detail/color__struct.hpp
[2.113s] -- Up-to-date: /home/dayvson/ros2_study_ws/install/turtlesim/include/turtlesim/msg/detail/pose__traits.hpp
[2.113s] -- Up-to-date: /home/dayvson/ros2_study_ws/install/turtlesim/include/turtlesim/msg/detail/color__builder.hpp
[2.114s] -- Up-to-date: /home/dayvson/ros2_study_ws/install/turtlesim/include/turtlesim/msg/detail/color__traits.hpp
[2.114s] -- Up-to-date: /home/dayvson/ros2_study_ws/install/turtlesim/include/turtlesim/msg/pose.hpp
[2.114s] -- Up-to-date: /home/dayvson/ros2_study_ws/install/turtlesim/include/turtlesim/msg/color.hpp
[2.114s] -- Up-to-date: /home/dayvson/ros2_study_ws/install/turtlesim/include/turtlesim/action
[2.114s] -- Up-to-date: /home/dayvson/ros2_study_ws/install/turtlesim/include/turtlesim/action/detail
[2.114s] -- Up-to-date: /home/dayvson/ros2_study_ws/install/turtlesim/include/turtlesim/action/detail/rotate_absolute__builder.hpp
[2.115s] -- Up-to-date: /home/dayvson/ros2_study_ws/install/turtlesim/include/turtlesim/action/detail/rotate_absolute__traits.hpp
[2.115s] -- Up-to-date: /home/dayvson/ros2_study_ws/install/turtlesim/include/turtlesim/action/detail/rotate_absolute__struct.hpp
[2.115s] -- Up-to-date: /home/dayvson/ros2_study_ws/install/turtlesim/include/turtlesim/action/rotate_absolute.hpp
[2.115s] -- Up-to-date: /home/dayvson/ros2_study_ws/install/turtlesim/include/turtlesim/srv
[2.115s] -- Up-to-date: /home/dayvson/ros2_study_ws/install/turtlesim/include/turtlesim/srv/detail
[2.115s] -- Up-to-date: /home/dayvson/ros2_study_ws/install/turtlesim/include/turtlesim/srv/detail/kill__struct.hpp
[2.115s] -- Up-to-date: /home/dayvson/ros2_study_ws/install/turtlesim/include/turtlesim/srv/detail/set_pen__traits.hpp
[2.116s] -- Up-to-date: /home/dayvson/ros2_study_ws/install/turtlesim/include/turtlesim/srv/detail/teleport_absolute__traits.hpp
[2.116s] -- Up-to-date: /home/dayvson/ros2_study_ws/install/turtlesim/include/turtlesim/srv/detail/kill__builder.hpp
[2.116s] -- Up-to-date: /home/dayvson/ros2_study_ws/install/turtlesim/include/turtlesim/srv/detail/kill__traits.hpp
[2.116s] -- Up-to-date: /home/dayvson/ros2_study_ws/install/turtlesim/include/turtlesim/srv/detail/teleport_relative__traits.hpp
[2.116s] -- Up-to-date: /home/dayvson/ros2_study_ws/install/turtlesim/include/turtlesim/srv/detail/spawn__struct.hpp
[2.116s] -- Up-to-date: /home/dayvson/ros2_study_ws/install/turtlesim/include/turtlesim/srv/detail/teleport_relative__struct.hpp
[2.117s] -- Up-to-date: /home/dayvson/ros2_study_ws/install/turtlesim/include/turtlesim/srv/detail/set_pen__builder.hpp
[2.117s] -- Up-to-date: /home/dayvson/ros2_study_ws/install/turtlesim/include/turtlesim/srv/detail/teleport_relative__builder.hpp
[2.117s] -- Up-to-date: /home/dayvson/ros2_study_ws/install/turtlesim/include/turtlesim/srv/detail/spawn__traits.hpp
[2.117s] -- Up-to-date: /home/dayvson/ros2_study_ws/install/turtlesim/include/turtlesim/srv/detail/teleport_absolute__struct.hpp
[2.117s] -- Up-to-date: /home/dayvson/ros2_study_ws/install/turtlesim/include/turtlesim/srv/detail/spawn__builder.hpp
[2.117s] -- Up-to-date: /home/dayvson/ros2_study_ws/install/turtlesim/include/turtlesim/srv/detail/teleport_absolute__builder.hpp
[2.118s] -- Up-to-date: /home/dayvson/ros2_study_ws/install/turtlesim/include/turtlesim/srv/detail/set_pen__struct.hpp
[2.118s] -- Up-to-date: /home/dayvson/ros2_study_ws/install/turtlesim/include/turtlesim/srv/spawn.hpp
[2.118s] -- Up-to-date: /home/dayvson/ros2_study_ws/install/turtlesim/include/turtlesim/srv/kill.hpp
[2.118s] -- Up-to-date: /home/dayvson/ros2_study_ws/install/turtlesim/include/turtlesim/srv/set_pen.hpp
[2.118s] -- Up-to-date: /home/dayvson/ros2_study_ws/install/turtlesim/include/turtlesim/srv/teleport_absolute.hpp
[2.118s] -- Up-to-date: /home/dayvson/ros2_study_ws/install/turtlesim/include/turtlesim/srv/teleport_relative.hpp
[2.119s] -- Up-to-date: /home/dayvson/ros2_study_ws/install/turtlesim/include/turtlesim
[2.119s] -- Up-to-date: /home/dayvson/ros2_study_ws/install/turtlesim/include/turtlesim/msg
[2.119s] -- Up-to-date: /home/dayvson/ros2_study_ws/install/turtlesim/include/turtlesim/msg/detail
[2.119s] -- Up-to-date: /home/dayvson/ros2_study_ws/install/turtlesim/include/turtlesim/msg/detail/pose__rosidl_typesupport_introspection_cpp.hpp
[2.119s] -- Up-to-date: /home/dayvson/ros2_study_ws/install/turtlesim/include/turtlesim/msg/detail/color__rosidl_typesupport_introspection_cpp.hpp
[2.119s] -- Up-to-date: /home/dayvson/ros2_study_ws/install/turtlesim/include/turtlesim/msg/detail/pose__type_support.cpp
[2.120s] -- Up-to-date: /home/dayvson/ros2_study_ws/install/turtlesim/include/turtlesim/msg/detail/color__type_support.cpp
[2.120s] -- Up-to-date: /home/dayvson/ros2_study_ws/install/turtlesim/include/turtlesim/action
[2.120s] -- Up-to-date: /home/dayvson/ros2_study_ws/install/turtlesim/include/turtlesim/action/detail
[2.120s] -- Up-to-date: /home/dayvson/ros2_study_ws/install/turtlesim/include/turtlesim/action/detail/rotate_absolute__type_support.cpp
[2.120s] -- Up-to-date: /home/dayvson/ros2_study_ws/install/turtlesim/include/turtlesim/action/detail/rotate_absolute__rosidl_typesupport_introspection_cpp.hpp
[2.120s] -- Up-to-date: /home/dayvson/ros2_study_ws/install/turtlesim/include/turtlesim/srv
[2.120s] -- Up-to-date: /home/dayvson/ros2_study_ws/install/turtlesim/include/turtlesim/srv/detail
[2.121s] -- Up-to-date: /home/dayvson/ros2_study_ws/install/turtlesim/include/turtlesim/srv/detail/teleport_relative__type_support.cpp
[2.121s] -- Up-to-date: /home/dayvson/ros2_study_ws/install/turtlesim/include/turtlesim/srv/detail/teleport_absolute__rosidl_typesupport_introspection_cpp.hpp
[2.121s] -- Up-to-date: /home/dayvson/ros2_study_ws/install/turtlesim/include/turtlesim/srv/detail/teleport_absolute__type_support.cpp
[2.121s] -- Up-to-date: /home/dayvson/ros2_study_ws/install/turtlesim/include/turtlesim/srv/detail/teleport_relative__rosidl_typesupport_introspection_cpp.hpp
[2.121s] -- Up-to-date: /home/dayvson/ros2_study_ws/install/turtlesim/include/turtlesim/srv/detail/kill__type_support.cpp
[2.121s] -- Up-to-date: /home/dayvson/ros2_study_ws/install/turtlesim/include/turtlesim/srv/detail/spawn__rosidl_typesupport_introspection_cpp.hpp
[2.122s] -- Up-to-date: /home/dayvson/ros2_study_ws/install/turtlesim/include/turtlesim/srv/detail/set_pen__rosidl_typesupport_introspection_cpp.hpp
[2.122s] -- Up-to-date: /home/dayvson/ros2_study_ws/install/turtlesim/include/turtlesim/srv/detail/set_pen__type_support.cpp
[2.122s] -- Up-to-date: /home/dayvson/ros2_study_ws/install/turtlesim/include/turtlesim/srv/detail/kill__rosidl_typesupport_introspection_cpp.hpp
[2.122s] -- Up-to-date: /home/dayvson/ros2_study_ws/install/turtlesim/include/turtlesim/srv/detail/spawn__type_support.cpp
[2.122s] -- Up-to-date: /home/dayvson/ros2_study_ws/install/turtlesim/lib/libturtlesim__rosidl_typesupport_introspection_cpp.so
[2.122s] -- Up-to-date: /home/dayvson/ros2_study_ws/install/turtlesim/lib/libturtlesim__rosidl_typesupport_cpp.so
[2.123s] -- Up-to-date: /home/dayvson/ros2_study_ws/install/turtlesim/share/turtlesim/environment/pythonpath.sh
[2.123s] -- Up-to-date: /home/dayvson/ros2_study_ws/install/turtlesim/share/turtlesim/environment/pythonpath.dsv
[2.123s] -- Up-to-date: /home/dayvson/ros2_study_ws/install/turtlesim/lib/python3.8/site-packages/turtlesim/__init__.py
[2.184s] -- Up-to-date: /home/dayvson/ros2_study_ws/install/turtlesim/lib/python3.8/site-packages/turtlesim/action
[2.184s] -- Up-to-date: /home/dayvson/ros2_study_ws/install/turtlesim/lib/python3.8/site-packages/turtlesim/action/_rotate_absolute.py
[2.185s] -- Up-to-date: /home/dayvson/ros2_study_ws/install/turtlesim/lib/python3.8/site-packages/turtlesim/action/__init__.py
[2.185s] -- Up-to-date: /home/dayvson/ros2_study_ws/install/turtlesim/lib/python3.8/site-packages/turtlesim/action/_rotate_absolute_s.c
[2.185s] -- Up-to-date: /home/dayvson/ros2_study_ws/install/turtlesim/lib/python3.8/site-packages/turtlesim/msg
[2.185s] -- Up-to-date: /home/dayvson/ros2_study_ws/install/turtlesim/lib/python3.8/site-packages/turtlesim/msg/_pose.py
[2.186s] -- Up-to-date: /home/dayvson/ros2_study_ws/install/turtlesim/lib/python3.8/site-packages/turtlesim/msg/__init__.py
[2.186s] -- Up-to-date: /home/dayvson/ros2_study_ws/install/turtlesim/lib/python3.8/site-packages/turtlesim/msg/_pose_s.c
[2.186s] -- Up-to-date: /home/dayvson/ros2_study_ws/install/turtlesim/lib/python3.8/site-packages/turtlesim/msg/_color.py
[2.186s] -- Up-to-date: /home/dayvson/ros2_study_ws/install/turtlesim/lib/python3.8/site-packages/turtlesim/msg/_color_s.c
[2.187s] -- Up-to-date: /home/dayvson/ros2_study_ws/install/turtlesim/lib/python3.8/site-packages/turtlesim/srv
[2.187s] -- Up-to-date: /home/dayvson/ros2_study_ws/install/turtlesim/lib/python3.8/site-packages/turtlesim/srv/_kill_s.c
[2.187s] -- Up-to-date: /home/dayvson/ros2_study_ws/install/turtlesim/lib/python3.8/site-packages/turtlesim/srv/_spawn.py
[2.187s] -- Up-to-date: /home/dayvson/ros2_study_ws/install/turtlesim/lib/python3.8/site-packages/turtlesim/srv/_kill.py
[2.188s] -- Up-to-date: /home/dayvson/ros2_study_ws/install/turtlesim/lib/python3.8/site-packages/turtlesim/srv/_set_pen.py
[2.188s] -- Up-to-date: /home/dayvson/ros2_study_ws/install/turtlesim/lib/python3.8/site-packages/turtlesim/srv/_spawn_s.c
[2.188s] -- Up-to-date: /home/dayvson/ros2_study_ws/install/turtlesim/lib/python3.8/site-packages/turtlesim/srv/_teleport_absolute_s.c
[2.188s] -- Up-to-date: /home/dayvson/ros2_study_ws/install/turtlesim/lib/python3.8/site-packages/turtlesim/srv/_teleport_relative.py
[2.188s] -- Up-to-date: /home/dayvson/ros2_study_ws/install/turtlesim/lib/python3.8/site-packages/turtlesim/srv/_teleport_relative_s.c
[2.189s] -- Up-to-date: /home/dayvson/ros2_study_ws/install/turtlesim/lib/python3.8/site-packages/turtlesim/srv/_teleport_absolute.py
[2.189s] -- Up-to-date: /home/dayvson/ros2_study_ws/install/turtlesim/lib/python3.8/site-packages/turtlesim/srv/__init__.py
[2.189s] -- Up-to-date: /home/dayvson/ros2_study_ws/install/turtlesim/lib/python3.8/site-packages/turtlesim/srv/_set_pen_s.c
[2.189s] -- Up-to-date: /home/dayvson/ros2_study_ws/install/turtlesim/lib/python3.8/site-packages/turtlesim/turtlesim_s__rosidl_typesupport_fastrtps_c.cpython-38-x86_64-linux-gnu.so
[2.191s] -- Up-to-date: /home/dayvson/ros2_study_ws/install/turtlesim/lib/python3.8/site-packages/turtlesim/turtlesim_s__rosidl_typesupport_introspection_c.cpython-38-x86_64-linux-gnu.so
[2.194s] -- Up-to-date: /home/dayvson/ros2_study_ws/install/turtlesim/lib/python3.8/site-packages/turtlesim/turtlesim_s__rosidl_typesupport_c.cpython-38-x86_64-linux-gnu.so
[2.197s] -- Up-to-date: /home/dayvson/ros2_study_ws/install/turtlesim/lib/libturtlesim__python.so
[2.198s] -- Up-to-date: /home/dayvson/ros2_study_ws/install/turtlesim/share/turtlesim/action/RotateAbsolute.idl
[2.198s] -- Up-to-date: /home/dayvson/ros2_study_ws/install/turtlesim/share/turtlesim/msg/Color.idl
[2.199s] -- Up-to-date: /home/dayvson/ros2_study_ws/install/turtlesim/share/turtlesim/msg/Pose.idl
[2.199s] -- Up-to-date: /home/dayvson/ros2_study_ws/install/turtlesim/share/turtlesim/srv/Kill.idl
[2.199s] -- Up-to-date: /home/dayvson/ros2_study_ws/install/turtlesim/share/turtlesim/srv/SetPen.idl
[2.200s] -- Up-to-date: /home/dayvson/ros2_study_ws/install/turtlesim/share/turtlesim/srv/Spawn.idl
[2.200s] -- Up-to-date: /home/dayvson/ros2_study_ws/install/turtlesim/share/turtlesim/srv/TeleportAbsolute.idl
[2.200s] -- Up-to-date: /home/dayvson/ros2_study_ws/install/turtlesim/share/turtlesim/srv/TeleportRelative.idl
[2.201s] -- Up-to-date: /home/dayvson/ros2_study_ws/install/turtlesim/share/turtlesim/action/RotateAbsolute.action
[2.201s] -- Up-to-date: /home/dayvson/ros2_study_ws/install/turtlesim/share/turtlesim/msg/Color.msg
[2.201s] -- Up-to-date: /home/dayvson/ros2_study_ws/install/turtlesim/share/turtlesim/msg/Pose.msg
[2.201s] -- Up-to-date: /home/dayvson/ros2_study_ws/install/turtlesim/share/turtlesim/srv/Kill.srv
[2.202s] -- Up-to-date: /home/dayvson/ros2_study_ws/install/turtlesim/share/turtlesim/srv/Kill_Request.msg
[2.202s] -- Up-to-date: /home/dayvson/ros2_study_ws/install/turtlesim/share/turtlesim/srv/Kill_Response.msg
[2.202s] -- Up-to-date: /home/dayvson/ros2_study_ws/install/turtlesim/share/turtlesim/srv/SetPen.srv
[2.202s] -- Up-to-date: /home/dayvson/ros2_study_ws/install/turtlesim/share/turtlesim/srv/SetPen_Request.msg
[2.203s] -- Up-to-date: /home/dayvson/ros2_study_ws/install/turtlesim/share/turtlesim/srv/SetPen_Response.msg
[2.203s] -- Up-to-date: /home/dayvson/ros2_study_ws/install/turtlesim/share/turtlesim/srv/Spawn.srv
[2.203s] -- Up-to-date: /home/dayvson/ros2_study_ws/install/turtlesim/share/turtlesim/srv/Spawn_Request.msg
[2.203s] -- Up-to-date: /home/dayvson/ros2_study_ws/install/turtlesim/share/turtlesim/srv/Spawn_Response.msg
[2.204s] -- Up-to-date: /home/dayvson/ros2_study_ws/install/turtlesim/share/turtlesim/srv/TeleportAbsolute.srv
[2.204s] -- Up-to-date: /home/dayvson/ros2_study_ws/install/turtlesim/share/turtlesim/srv/TeleportAbsolute_Request.msg
[2.204s] -- Up-to-date: /home/dayvson/ros2_study_ws/install/turtlesim/share/turtlesim/srv/TeleportAbsolute_Response.msg
[2.204s] -- Up-to-date: /home/dayvson/ros2_study_ws/install/turtlesim/share/turtlesim/srv/TeleportRelative.srv
[2.205s] -- Up-to-date: /home/dayvson/ros2_study_ws/install/turtlesim/share/turtlesim/srv/TeleportRelative_Request.msg
[2.205s] -- Up-to-date: /home/dayvson/ros2_study_ws/install/turtlesim/share/turtlesim/srv/TeleportRelative_Response.msg
[2.205s] -- Up-to-date: /home/dayvson/ros2_study_ws/install/turtlesim/lib/turtlesim/turtlesim_node
[2.205s] -- Up-to-date: /home/dayvson/ros2_study_ws/install/turtlesim/lib/turtlesim/turtle_teleop_key
[2.210s] -- Up-to-date: /home/dayvson/ros2_study_ws/install/turtlesim/lib/turtlesim/draw_square
[2.213s] -- Up-to-date: /home/dayvson/ros2_study_ws/install/turtlesim/lib/turtlesim/mimic
[2.213s] -- Up-to-date: /home/dayvson/ros2_study_ws/install/turtlesim/share/turtlesim/images
[2.214s] -- Up-to-date: /home/dayvson/ros2_study_ws/install/turtlesim/share/turtlesim/images/crystal.png
[2.214s] -- Up-to-date: /home/dayvson/ros2_study_ws/install/turtlesim/share/turtlesim/images/ardent.png
[2.214s] -- Up-to-date: /home/dayvson/ros2_study_ws/install/turtlesim/share/turtlesim/images/dashing.png
[2.215s] -- Up-to-date: /home/dayvson/ros2_study_ws/install/turtlesim/share/turtlesim/images/eloquent.png
[2.215s] -- Up-to-date: /home/dayvson/ros2_study_ws/install/turtlesim/share/turtlesim/images/bouncy.png
[2.215s] -- Up-to-date: /home/dayvson/ros2_study_ws/install/turtlesim/share/turtlesim/images/galactic.png
[2.216s] -- Up-to-date: /home/dayvson/ros2_study_ws/install/turtlesim/share/turtlesim/images/foxy.png
[2.216s] -- Up-to-date: /home/dayvson/ros2_study_ws/install/turtlesim/share/turtlesim/launch
[2.216s] -- Up-to-date: /home/dayvson/ros2_study_ws/install/turtlesim/share/turtlesim/launch/multisim.launch.py
[2.216s] -- Up-to-date: /home/dayvson/ros2_study_ws/install/turtlesim/share/ament_index/resource_index/package_run_dependencies/turtlesim
[2.217s] -- Up-to-date: /home/dayvson/ros2_study_ws/install/turtlesim/share/ament_index/resource_index/parent_prefix_path/turtlesim
[2.217s] -- Up-to-date: /home/dayvson/ros2_study_ws/install/turtlesim/share/turtlesim/environment/ament_prefix_path.sh
[2.217s] -- Up-to-date: /home/dayvson/ros2_study_ws/install/turtlesim/share/turtlesim/environment/ament_prefix_path.dsv
[2.217s] -- Up-to-date: /home/dayvson/ros2_study_ws/install/turtlesim/share/turtlesim/environment/path.sh
[2.218s] -- Up-to-date: /home/dayvson/ros2_study_ws/install/turtlesim/share/turtlesim/environment/path.dsv
[2.218s] -- Up-to-date: /home/dayvson/ros2_study_ws/install/turtlesim/share/turtlesim/local_setup.bash
[2.218s] -- Up-to-date: /home/dayvson/ros2_study_ws/install/turtlesim/share/turtlesim/local_setup.sh
[2.219s] -- Up-to-date: /home/dayvson/ros2_study_ws/install/turtlesim/share/turtlesim/local_setup.zsh
[2.219s] -- Up-to-date: /home/dayvson/ros2_study_ws/install/turtlesim/share/turtlesim/local_setup.dsv
[2.219s] -- Installing: /home/dayvson/ros2_study_ws/install/turtlesim/share/turtlesim/package.dsv
[2.219s] -- Up-to-date: /home/dayvson/ros2_study_ws/install/turtlesim/share/ament_index/resource_index/packages/turtlesim
[2.220s] -- Up-to-date: /home/dayvson/ros2_study_ws/install/turtlesim/share/turtlesim/cmake/turtlesim__rosidl_generator_cExport.cmake
[2.220s] -- Up-to-date: /home/dayvson/ros2_study_ws/install/turtlesim/share/turtlesim/cmake/turtlesim__rosidl_generator_cExport-noconfig.cmake
[2.220s] -- Up-to-date: /home/dayvson/ros2_study_ws/install/turtlesim/share/turtlesim/cmake/turtlesim__rosidl_typesupport_introspection_cExport.cmake
[2.220s] -- Up-to-date: /home/dayvson/ros2_study_ws/install/turtlesim/share/turtlesim/cmake/turtlesim__rosidl_typesupport_introspection_cExport-noconfig.cmake
[2.221s] -- Up-to-date: /home/dayvson/ros2_study_ws/install/turtlesim/share/turtlesim/cmake/turtlesim__rosidl_typesupport_cExport.cmake
[2.221s] -- Up-to-date: /home/dayvson/ros2_study_ws/install/turtlesim/share/turtlesim/cmake/turtlesim__rosidl_typesupport_cExport-noconfig.cmake
[2.223s] -- Up-to-date: /home/dayvson/ros2_study_ws/install/turtlesim/share/turtlesim/cmake/turtlesim__rosidl_generator_cppExport.cmake
[2.225s] -- Up-to-date: /home/dayvson/ros2_study_ws/install/turtlesim/share/turtlesim/cmake/turtlesim__rosidl_typesupport_introspection_cppExport.cmake
[2.225s] -- Up-to-date: /home/dayvson/ros2_study_ws/install/turtlesim/share/turtlesim/cmake/turtlesim__rosidl_typesupport_introspection_cppExport-noconfig.cmake
[2.226s] -- Up-to-date: /home/dayvson/ros2_study_ws/install/turtlesim/share/turtlesim/cmake/turtlesim__rosidl_typesupport_cppExport.cmake
[2.226s] -- Up-to-date: /home/dayvson/ros2_study_ws/install/turtlesim/share/turtlesim/cmake/turtlesim__rosidl_typesupport_cppExport-noconfig.cmake
[2.227s] -- Up-to-date: /home/dayvson/ros2_study_ws/install/turtlesim/share/turtlesim/cmake/rosidl_cmake-extras.cmake
[2.227s] -- Up-to-date: /home/dayvson/ros2_study_ws/install/turtlesim/share/turtlesim/cmake/ament_cmake_export_dependencies-extras.cmake
[2.227s] -- Up-to-date: /home/dayvson/ros2_study_ws/install/turtlesim/share/turtlesim/cmake/ament_cmake_export_libraries-extras.cmake
[2.227s] -- Up-to-date: /home/dayvson/ros2_study_ws/install/turtlesim/share/turtlesim/cmake/ament_cmake_export_targets-extras.cmake
[2.228s] -- Up-to-date: /home/dayvson/ros2_study_ws/install/turtlesim/share/turtlesim/cmake/ament_cmake_export_include_directories-extras.cmake
[2.228s] -- Up-to-date: /home/dayvson/ros2_study_ws/install/turtlesim/share/turtlesim/cmake/rosidl_cmake_export_typesupport_libraries-extras.cmake
[2.228s] -- Up-to-date: /home/dayvson/ros2_study_ws/install/turtlesim/share/turtlesim/cmake/rosidl_cmake_export_typesupport_targets-extras.cmake
[2.228s] -- Up-to-date: /home/dayvson/ros2_study_ws/install/turtlesim/share/turtlesim/cmake/turtlesimConfig.cmake
[2.228s] -- Up-to-date: /home/dayvson/ros2_study_ws/install/turtlesim/share/turtlesim/cmake/turtlesimConfig-version.cmake
[2.228s] -- Up-to-date: /home/dayvson/ros2_study_ws/install/turtlesim/share/turtlesim/package.xml
[4.400s] Invoked command in '/home/dayvson/ros2_study_ws/build/turtlesim' returned '0': CMAKE_PREFIX_PATH=${CMAKE_PREFIX_PATH}:/home/dayvson/ros2_study_ws/install/my_package_python:/opt/ros/galactic /usr/bin/cmake --install /home/dayvson/ros2_study_ws/build/turtlesim
