[0.026s] Invoking command in '/home/dayvson/ros2_study_ws/build/my_package': CMAKE_PREFIX_PATH=${CMAKE_PREFIX_PATH}:/home/dayvson/ros2_study_ws/install/my_package_python:/opt/ros/galactic /usr/bin/cmake --build /home/dayvson/ros2_study_ws/build/my_package -- -j12 -l12
[0.637s] [100%] Built target my_node
[0.638s] Invoked command in '/home/dayvson/ros2_study_ws/build/my_package' returned '0': CMAKE_PREFIX_PATH=${CMAKE_PREFIX_PATH}:/home/dayvson/ros2_study_ws/install/my_package_python:/opt/ros/galactic /usr/bin/cmake --build /home/dayvson/ros2_study_ws/build/my_package -- -j12 -l12
[0.674s] Invoking command in '/home/dayvson/ros2_study_ws/build/my_package': CMAKE_PREFIX_PATH=${CMAKE_PREFIX_PATH}:/home/dayvson/ros2_study_ws/install/my_package_python:/opt/ros/galactic /usr/bin/cmake --install /home/dayvson/ros2_study_ws/build/my_package
[0.681s] -- Install configuration: ""
[0.681s] -- Up-to-date: /home/dayvson/ros2_study_ws/install/my_package/lib/my_package/my_node
[0.681s] -- Up-to-date: /home/dayvson/ros2_study_ws/install/my_package/share/ament_index/resource_index/package_run_dependencies/my_package
[0.682s] -- Up-to-date: /home/dayvson/ros2_study_ws/install/my_package/share/ament_index/resource_index/parent_prefix_path/my_package
[0.682s] -- Up-to-date: /home/dayvson/ros2_study_ws/install/my_package/share/my_package/environment/ament_prefix_path.sh
[0.682s] -- Up-to-date: /home/dayvson/ros2_study_ws/install/my_package/share/my_package/environment/ament_prefix_path.dsv
[0.682s] -- Up-to-date: /home/dayvson/ros2_study_ws/install/my_package/share/my_package/environment/path.sh
[0.682s] -- Up-to-date: /home/dayvson/ros2_study_ws/install/my_package/share/my_package/environment/path.dsv
[0.682s] -- Up-to-date: /home/dayvson/ros2_study_ws/install/my_package/share/my_package/local_setup.bash
[0.682s] -- Up-to-date: /home/dayvson/ros2_study_ws/install/my_package/share/my_package/local_setup.sh
[0.682s] -- Up-to-date: /home/dayvson/ros2_study_ws/install/my_package/share/my_package/local_setup.zsh
[0.683s] -- Up-to-date: /home/dayvson/ros2_study_ws/install/my_package/share/my_package/local_setup.dsv
[0.683s] -- Installing: /home/dayvson/ros2_study_ws/install/my_package/share/my_package/package.dsv
[0.683s] -- Up-to-date: /home/dayvson/ros2_study_ws/install/my_package/share/ament_index/resource_index/packages/my_package
[0.683s] -- Up-to-date: /home/dayvson/ros2_study_ws/install/my_package/share/my_package/cmake/my_packageConfig.cmake
[0.683s] -- Up-to-date: /home/dayvson/ros2_study_ws/install/my_package/share/my_package/cmake/my_packageConfig-version.cmake
[0.683s] -- Up-to-date: /home/dayvson/ros2_study_ws/install/my_package/share/my_package/package.xml
[0.685s] Invoked command in '/home/dayvson/ros2_study_ws/build/my_package' returned '0': CMAKE_PREFIX_PATH=${CMAKE_PREFIX_PATH}:/home/dayvson/ros2_study_ws/install/my_package_python:/opt/ros/galactic /usr/bin/cmake --install /home/dayvson/ros2_study_ws/build/my_package
