[0.061s] Invoking command in '/home/dayvson/ros2_study_ws/build/cpp_pubsub': CMAKE_PREFIX_PATH=${CMAKE_PREFIX_PATH}:/home/dayvson/ros2_study_ws/install/my_package_python:/opt/ros/galactic /usr/bin/cmake --build /home/dayvson/ros2_study_ws/build/cpp_pubsub -- -j12 -l12
[1.075s] [35m[1mScanning dependencies of target talker[0m
[1.075s] [ 50%] [32mBuilding CXX object CMakeFiles/talker.dir/src/publisher_member_function.cpp.o[0m
[6.564s] [100%] [32m[1mLinking CXX executable talker[0m
[8.879s] [100%] Built target talker
[8.892s] Invoked command in '/home/dayvson/ros2_study_ws/build/cpp_pubsub' returned '0': CMAKE_PREFIX_PATH=${CMAKE_PREFIX_PATH}:/home/dayvson/ros2_study_ws/install/my_package_python:/opt/ros/galactic /usr/bin/cmake --build /home/dayvson/ros2_study_ws/build/cpp_pubsub -- -j12 -l12
[8.929s] Invoking command in '/home/dayvson/ros2_study_ws/build/cpp_pubsub': CMAKE_PREFIX_PATH=${CMAKE_PREFIX_PATH}:/home/dayvson/ros2_study_ws/install/my_package_python:/opt/ros/galactic /usr/bin/cmake --install /home/dayvson/ros2_study_ws/build/cpp_pubsub
[9.040s] -- Install configuration: ""
[9.041s] -- Installing: /home/dayvson/ros2_study_ws/install/cpp_pubsub/lib/cpp_pubsub/talker
[9.046s] -- Set runtime path of "/home/dayvson/ros2_study_ws/install/cpp_pubsub/lib/cpp_pubsub/talker" to ""
[9.047s] -- Installing: /home/dayvson/ros2_study_ws/install/cpp_pubsub/share/ament_index/resource_index/package_run_dependencies/cpp_pubsub
[9.092s] -- Installing: /home/dayvson/ros2_study_ws/install/cpp_pubsub/share/ament_index/resource_index/parent_prefix_path/cpp_pubsub
[9.115s] -- Installing: /home/dayvson/ros2_study_ws/install/cpp_pubsub/share/cpp_pubsub/environment/ament_prefix_path.sh
[9.117s] -- Installing: /home/dayvson/ros2_study_ws/install/cpp_pubsub/share/cpp_pubsub/environment/ament_prefix_path.dsv
[9.140s] -- Installing: /home/dayvson/ros2_study_ws/install/cpp_pubsub/share/cpp_pubsub/environment/path.sh
[9.141s] -- Installing: /home/dayvson/ros2_study_ws/install/cpp_pubsub/share/cpp_pubsub/environment/path.dsv
[9.159s] -- Installing: /home/dayvson/ros2_study_ws/install/cpp_pubsub/share/cpp_pubsub/local_setup.bash
[9.181s] -- Installing: /home/dayvson/ros2_study_ws/install/cpp_pubsub/share/cpp_pubsub/local_setup.sh
[9.201s] -- Installing: /home/dayvson/ros2_study_ws/install/cpp_pubsub/share/cpp_pubsub/local_setup.zsh
[9.214s] -- Installing: /home/dayvson/ros2_study_ws/install/cpp_pubsub/share/cpp_pubsub/local_setup.dsv
[9.239s] -- Installing: /home/dayvson/ros2_study_ws/install/cpp_pubsub/share/cpp_pubsub/package.dsv
[9.250s] -- Installing: /home/dayvson/ros2_study_ws/install/cpp_pubsub/share/ament_index/resource_index/packages/cpp_pubsub
[9.251s] -- Installing: /home/dayvson/ros2_study_ws/install/cpp_pubsub/share/cpp_pubsub/cmake/cpp_pubsubConfig.cmake
[9.272s] -- Installing: /home/dayvson/ros2_study_ws/install/cpp_pubsub/share/cpp_pubsub/cmake/cpp_pubsubConfig-version.cmake
[9.301s] -- Installing: /home/dayvson/ros2_study_ws/install/cpp_pubsub/share/cpp_pubsub/package.xml
[9.307s] Invoked command in '/home/dayvson/ros2_study_ws/build/cpp_pubsub' returned '0': CMAKE_PREFIX_PATH=${CMAKE_PREFIX_PATH}:/home/dayvson/ros2_study_ws/install/my_package_python:/opt/ros/galactic /usr/bin/cmake --install /home/dayvson/ros2_study_ws/build/cpp_pubsub
