[10.468s] Invoking command in '/home/dayvson/ros2_study_ws/src/py_pubsub': PYTHONPATH=/home/dayvson/ros2_study_ws/install/py_pubsub/lib/python3.8/site-packages:${PYTHONPATH} /usr/bin/python3 setup.py egg_info --egg-base ../../build/py_pubsub build --build-base /home/dayvson/ros2_study_ws/build/py_pubsub/build install --prefix /home/dayvson/ros2_study_ws/install/py_pubsub --record /home/dayvson/ros2_study_ws/build/py_pubsub/install.log --single-version-externally-managed
[11.073s] running egg_info
[11.073s] creating ../../build/py_pubsub/py_pubsub.egg-info
[11.110s] writing ../../build/py_pubsub/py_pubsub.egg-info/PKG-INFO
[11.132s] writing dependency_links to ../../build/py_pubsub/py_pubsub.egg-info/dependency_links.txt
[11.196s] writing entry points to ../../build/py_pubsub/py_pubsub.egg-info/entry_points.txt
[11.239s] writing requirements to ../../build/py_pubsub/py_pubsub.egg-info/requires.txt
[11.262s] writing top-level names to ../../build/py_pubsub/py_pubsub.egg-info/top_level.txt
[11.428s] writing manifest file '../../build/py_pubsub/py_pubsub.egg-info/SOURCES.txt'
[11.486s] reading manifest file '../../build/py_pubsub/py_pubsub.egg-info/SOURCES.txt'
[11.487s] writing manifest file '../../build/py_pubsub/py_pubsub.egg-info/SOURCES.txt'
[11.487s] running build
[11.487s] running build_py
[11.487s] creating /home/dayvson/ros2_study_ws/build/py_pubsub/build
[11.487s] creating /home/dayvson/ros2_study_ws/build/py_pubsub/build/lib
[11.487s] creating /home/dayvson/ros2_study_ws/build/py_pubsub/build/lib/py_pubsub
[11.487s] copying py_pubsub/publisher_member_function.py -> /home/dayvson/ros2_study_ws/build/py_pubsub/build/lib/py_pubsub
[11.524s] copying py_pubsub/__init__.py -> /home/dayvson/ros2_study_ws/build/py_pubsub/build/lib/py_pubsub
[11.524s] copying py_pubsub/subscriber_member_function.py -> /home/dayvson/ros2_study_ws/build/py_pubsub/build/lib/py_pubsub
[11.525s] running install
[11.525s] /home/dayvson/.local/lib/python3.8/site-packages/setuptools/command/install.py:34: SetuptoolsDeprecationWarning: setup.py install is deprecated. Use build and pip and other standards-based tools.
[11.525s]   warnings.warn(
[11.530s] running install_lib
[11.577s] creating /home/dayvson/ros2_study_ws/install/py_pubsub/lib/python3.8/site-packages/py_pubsub
[11.577s] copying /home/dayvson/ros2_study_ws/build/py_pubsub/build/lib/py_pubsub/publisher_member_function.py -> /home/dayvson/ros2_study_ws/install/py_pubsub/lib/python3.8/site-packages/py_pubsub
[11.577s] copying /home/dayvson/ros2_study_ws/build/py_pubsub/build/lib/py_pubsub/__init__.py -> /home/dayvson/ros2_study_ws/install/py_pubsub/lib/python3.8/site-packages/py_pubsub
[11.577s] copying /home/dayvson/ros2_study_ws/build/py_pubsub/build/lib/py_pubsub/subscriber_member_function.py -> /home/dayvson/ros2_study_ws/install/py_pubsub/lib/python3.8/site-packages/py_pubsub
[11.578s] byte-compiling /home/dayvson/ros2_study_ws/install/py_pubsub/lib/python3.8/site-packages/py_pubsub/publisher_member_function.py to publisher_member_function.cpython-38.pyc
[11.578s] byte-compiling /home/dayvson/ros2_study_ws/install/py_pubsub/lib/python3.8/site-packages/py_pubsub/__init__.py to __init__.cpython-38.pyc
[11.578s] byte-compiling /home/dayvson/ros2_study_ws/install/py_pubsub/lib/python3.8/site-packages/py_pubsub/subscriber_member_function.py to subscriber_member_function.cpython-38.pyc
[11.578s] running install_data
[11.596s] creating /home/dayvson/ros2_study_ws/install/py_pubsub/share/ament_index
[11.597s] creating /home/dayvson/ros2_study_ws/install/py_pubsub/share/ament_index/resource_index
[11.597s] creating /home/dayvson/ros2_study_ws/install/py_pubsub/share/ament_index/resource_index/packages
[11.597s] copying resource/py_pubsub -> /home/dayvson/ros2_study_ws/install/py_pubsub/share/ament_index/resource_index/packages
[11.597s] copying package.xml -> /home/dayvson/ros2_study_ws/install/py_pubsub/share/py_pubsub
[11.597s] running install_egg_info
[11.635s] Copying ../../build/py_pubsub/py_pubsub.egg-info to /home/dayvson/ros2_study_ws/install/py_pubsub/lib/python3.8/site-packages/py_pubsub-0.0.0-py3.8.egg-info
[11.636s] running install_scripts
[11.735s] Installing listener script to /home/dayvson/ros2_study_ws/install/py_pubsub/lib/py_pubsub
[11.735s] Installing talker script to /home/dayvson/ros2_study_ws/install/py_pubsub/lib/py_pubsub
[11.735s] writing list of installed files to '/home/dayvson/ros2_study_ws/build/py_pubsub/install.log'
[11.759s] Invoked command in '/home/dayvson/ros2_study_ws/src/py_pubsub' returned '0': PYTHONPATH=/home/dayvson/ros2_study_ws/install/py_pubsub/lib/python3.8/site-packages:${PYTHONPATH} /usr/bin/python3 setup.py egg_info --egg-base ../../build/py_pubsub build --build-base /home/dayvson/ros2_study_ws/build/py_pubsub/build install --prefix /home/dayvson/ros2_study_ws/install/py_pubsub --record /home/dayvson/ros2_study_ws/build/py_pubsub/install.log --single-version-externally-managed
