[2.807s] Invoking command in '/home/dayvson/ros2_study_ws/src/py_srvcli': PYTHONPATH=/home/dayvson/ros2_study_ws/install/py_srvcli/lib/python3.8/site-packages:${PYTHONPATH} /usr/bin/python3 setup.py egg_info --egg-base ../../build/py_srvcli build --build-base /home/dayvson/ros2_study_ws/build/py_srvcli/build install --prefix /home/dayvson/ros2_study_ws/install/py_srvcli --record /home/dayvson/ros2_study_ws/build/py_srvcli/install.log --single-version-externally-managed
[3.417s] running egg_info
[3.457s] writing ../../build/py_srvcli/py_srvcli.egg-info/PKG-INFO
[3.479s] writing dependency_links to ../../build/py_srvcli/py_srvcli.egg-info/dependency_links.txt
[3.544s] writing entry points to ../../build/py_srvcli/py_srvcli.egg-info/entry_points.txt
[3.592s] writing requirements to ../../build/py_srvcli/py_srvcli.egg-info/requires.txt
[3.619s] writing top-level names to ../../build/py_srvcli/py_srvcli.egg-info/top_level.txt
[3.676s] reading manifest file '../../build/py_srvcli/py_srvcli.egg-info/SOURCES.txt'
[3.677s] writing manifest file '../../build/py_srvcli/py_srvcli.egg-info/SOURCES.txt'
[3.677s] running build
[3.677s] running build_py
[3.677s] running install
[3.677s] /home/dayvson/.local/lib/python3.8/site-packages/setuptools/command/install.py:34: SetuptoolsDeprecationWarning: setup.py install is deprecated. Use build and pip and other standards-based tools.
[3.677s]   warnings.warn(
[3.682s] running install_lib
[3.728s] running install_data
[3.745s] running install_egg_info
[3.783s] removing '/home/dayvson/ros2_study_ws/install/py_srvcli/lib/python3.8/site-packages/py_srvcli-0.0.0-py3.8.egg-info' (and everything under it)
[3.783s] Copying ../../build/py_srvcli/py_srvcli.egg-info to /home/dayvson/ros2_study_ws/install/py_srvcli/lib/python3.8/site-packages/py_srvcli-0.0.0-py3.8.egg-info
[3.783s] running install_scripts
[3.886s] Installing client script to /home/dayvson/ros2_study_ws/install/py_srvcli/lib/py_srvcli
[3.887s] Installing service script to /home/dayvson/ros2_study_ws/install/py_srvcli/lib/py_srvcli
[3.887s] writing list of installed files to '/home/dayvson/ros2_study_ws/build/py_srvcli/install.log'
[3.922s] Invoked command in '/home/dayvson/ros2_study_ws/src/py_srvcli' returned '0': PYTHONPATH=/home/dayvson/ros2_study_ws/install/py_srvcli/lib/python3.8/site-packages:${PYTHONPATH} /usr/bin/python3 setup.py egg_info --egg-base ../../build/py_srvcli build --build-base /home/dayvson/ros2_study_ws/build/py_srvcli/build install --prefix /home/dayvson/ros2_study_ws/install/py_srvcli --record /home/dayvson/ros2_study_ws/build/py_srvcli/install.log --single-version-externally-managed
